2021-02-02 12:03:30.060948: I tensorflow/stream_executor/platform/default/dso_loader.cc:48] Successfully opened dynamic library libcudart.so.10.1
2021-02-02 12:03:39.669435: I tensorflow/stream_executor/platform/default/dso_loader.cc:48] Successfully opened dynamic library libcuda.so.1
2021-02-02 12:03:39.926013: I tensorflow/stream_executor/cuda/cuda_gpu_executor.cc:982] successful NUMA node read from SysFS had negative value (-1), but there must be at least one NUMA node, so returning NUMA node zero
2021-02-02 12:03:39.926949: I tensorflow/core/common_runtime/gpu/gpu_device.cc:1716] Found device 0 with properties: 
pciBusID: 0000:04:00.0 name: GeForce RTX 2080 Ti computeCapability: 7.5
coreClock: 1.545GHz coreCount: 68 deviceMemorySize: 10.76GiB deviceMemoryBandwidth: 573.69GiB/s
2021-02-02 12:03:39.926983: I tensorflow/stream_executor/platform/default/dso_loader.cc:48] Successfully opened dynamic library libcudart.so.10.1
2021-02-02 12:03:40.040917: I tensorflow/stream_executor/platform/default/dso_loader.cc:48] Successfully opened dynamic library libcublas.so.10
2021-02-02 12:03:40.226681: I tensorflow/stream_executor/platform/default/dso_loader.cc:48] Successfully opened dynamic library libcufft.so.10
2021-02-02 12:03:40.259739: I tensorflow/stream_executor/platform/default/dso_loader.cc:48] Successfully opened dynamic library libcurand.so.10
2021-02-02 12:03:40.385972: I tensorflow/stream_executor/platform/default/dso_loader.cc:48] Successfully opened dynamic library libcusolver.so.10
2021-02-02 12:03:40.436806: I tensorflow/stream_executor/platform/default/dso_loader.cc:48] Successfully opened dynamic library libcusparse.so.10
2021-02-02 12:03:40.671745: I tensorflow/stream_executor/platform/default/dso_loader.cc:48] Successfully opened dynamic library libcudnn.so.7
2021-02-02 12:03:40.671945: I tensorflow/stream_executor/cuda/cuda_gpu_executor.cc:982] successful NUMA node read from SysFS had negative value (-1), but there must be at least one NUMA node, so returning NUMA node zero
2021-02-02 12:03:40.672909: I tensorflow/stream_executor/cuda/cuda_gpu_executor.cc:982] successful NUMA node read from SysFS had negative value (-1), but there must be at least one NUMA node, so returning NUMA node zero
2021-02-02 12:03:40.674874: I tensorflow/core/common_runtime/gpu/gpu_device.cc:1858] Adding visible gpu devices: 0
Using TensorFlow version:  2.3.0 , GPU: 1
Using Keras version:  2.4.0
2021-02-02 12:03:40.896490: I tensorflow/core/platform/profile_utils/cpu_utils.cc:104] CPU Frequency: 2500115000 Hz
2021-02-02 12:03:40.898046: I tensorflow/compiler/xla/service/service.cc:168] XLA service 0x460b720 initialized for platform Host (this does not guarantee that XLA will be used). Devices:
2021-02-02 12:03:40.898079: I tensorflow/compiler/xla/service/service.cc:176]   StreamExecutor device (0): Host, Default Version
2021-02-02 12:03:41.163221: I tensorflow/stream_executor/cuda/cuda_gpu_executor.cc:982] successful NUMA node read from SysFS had negative value (-1), but there must be at least one NUMA node, so returning NUMA node zero
2021-02-02 12:03:41.164211: I tensorflow/compiler/xla/service/service.cc:168] XLA service 0x4677b90 initialized for platform CUDA (this does not guarantee that XLA will be used). Devices:
2021-02-02 12:03:41.164242: I tensorflow/compiler/xla/service/service.cc:176]   StreamExecutor device (0): GeForce RTX 2080 Ti, Compute Capability 7.5
2021-02-02 12:03:41.164442: I tensorflow/stream_executor/cuda/cuda_gpu_executor.cc:982] successful NUMA node read from SysFS had negative value (-1), but there must be at least one NUMA node, so returning NUMA node zero
2021-02-02 12:03:41.165299: I tensorflow/core/common_runtime/gpu/gpu_device.cc:1716] Found device 0 with properties: 
pciBusID: 0000:04:00.0 name: GeForce RTX 2080 Ti computeCapability: 7.5
coreClock: 1.545GHz coreCount: 68 deviceMemorySize: 10.76GiB deviceMemoryBandwidth: 573.69GiB/s
2021-02-02 12:03:41.165334: I tensorflow/stream_executor/platform/default/dso_loader.cc:48] Successfully opened dynamic library libcudart.so.10.1
2021-02-02 12:03:41.165361: I tensorflow/stream_executor/platform/default/dso_loader.cc:48] Successfully opened dynamic library libcublas.so.10
2021-02-02 12:03:41.165391: I tensorflow/stream_executor/platform/default/dso_loader.cc:48] Successfully opened dynamic library libcufft.so.10
2021-02-02 12:03:41.165412: I tensorflow/stream_executor/platform/default/dso_loader.cc:48] Successfully opened dynamic library libcurand.so.10
2021-02-02 12:03:41.165431: I tensorflow/stream_executor/platform/default/dso_loader.cc:48] Successfully opened dynamic library libcusolver.so.10
2021-02-02 12:03:41.165450: I tensorflow/stream_executor/platform/default/dso_loader.cc:48] Successfully opened dynamic library libcusparse.so.10
2021-02-02 12:03:41.165469: I tensorflow/stream_executor/platform/default/dso_loader.cc:48] Successfully opened dynamic library libcudnn.so.7
2021-02-02 12:03:41.165533: I tensorflow/stream_executor/cuda/cuda_gpu_executor.cc:982] successful NUMA node read from SysFS had negative value (-1), but there must be at least one NUMA node, so returning NUMA node zero
2021-02-02 12:03:41.166399: I tensorflow/stream_executor/cuda/cuda_gpu_executor.cc:982] successful NUMA node read from SysFS had negative value (-1), but there must be at least one NUMA node, so returning NUMA node zero
2021-02-02 12:03:41.167216: I tensorflow/core/common_runtime/gpu/gpu_device.cc:1858] Adding visible gpu devices: 0
2021-02-02 12:03:41.187216: I tensorflow/stream_executor/platform/default/dso_loader.cc:48] Successfully opened dynamic library libcudart.so.10.1
2021-02-02 12:03:46.563423: I tensorflow/core/common_runtime/gpu/gpu_device.cc:1257] Device interconnect StreamExecutor with strength 1 edge matrix:
2021-02-02 12:03:46.563474: I tensorflow/core/common_runtime/gpu/gpu_device.cc:1263]      0 
2021-02-02 12:03:46.563487: I tensorflow/core/common_runtime/gpu/gpu_device.cc:1276] 0:   N 
2021-02-02 12:03:46.648445: I tensorflow/stream_executor/cuda/cuda_gpu_executor.cc:982] successful NUMA node read from SysFS had negative value (-1), but there must be at least one NUMA node, so returning NUMA node zero
2021-02-02 12:03:46.649355: I tensorflow/stream_executor/cuda/cuda_gpu_executor.cc:982] successful NUMA node read from SysFS had negative value (-1), but there must be at least one NUMA node, so returning NUMA node zero
2021-02-02 12:03:46.650188: I tensorflow/core/common_runtime/gpu/gpu_device.cc:1402] Created TensorFlow device (/job:localhost/replica:0/task:0/device:GPU:0 with 10068 MB memory) -> physical GPU (device: 0, name: GeForce RTX 2080 Ti, pci bus id: 0000:04:00.0, compute capability: 7.5)
The inputs are normalized to have a unit Gaussian distribution
Model: "CNN-POD"
__________________________________________________________________________________________________
Layer (type)                    Output Shape         Param #     Connected to                     
==================================================================================================
low-res-input (InputLayer)      [(None, 3, 12, 12)]  0                                            
__________________________________________________________________________________________________
conv2d (Conv2D)                 (None, 64, 12, 12)   15616       low-res-input[0][0]              
__________________________________________________________________________________________________
p_re_lu (PReLU)                 (None, 64, 12, 12)   64          conv2d[0][0]                     
__________________________________________________________________________________________________
conv2d_1 (Conv2D)               (None, 64, 12, 12)   36928       p_re_lu[0][0]                    
__________________________________________________________________________________________________
batch_normalization (BatchNorma (None, 64, 12, 12)   256         conv2d_1[0][0]                   
__________________________________________________________________________________________________
p_re_lu_1 (PReLU)               (None, 64, 12, 12)   64          batch_normalization[0][0]        
__________________________________________________________________________________________________
conv2d_2 (Conv2D)               (None, 64, 12, 12)   36928       p_re_lu_1[0][0]                  
__________________________________________________________________________________________________
batch_normalization_1 (BatchNor (None, 64, 12, 12)   256         conv2d_2[0][0]                   
__________________________________________________________________________________________________
add (Add)                       (None, 64, 12, 12)   0           p_re_lu[0][0]                    
                                                                 batch_normalization_1[0][0]      
__________________________________________________________________________________________________
conv2d_3 (Conv2D)               (None, 64, 12, 12)   36928       add[0][0]                        
__________________________________________________________________________________________________
batch_normalization_2 (BatchNor (None, 64, 12, 12)   256         conv2d_3[0][0]                   
__________________________________________________________________________________________________
p_re_lu_2 (PReLU)               (None, 64, 12, 12)   64          batch_normalization_2[0][0]      
__________________________________________________________________________________________________
conv2d_4 (Conv2D)               (None, 64, 12, 12)   36928       p_re_lu_2[0][0]                  
__________________________________________________________________________________________________
batch_normalization_3 (BatchNor (None, 64, 12, 12)   256         conv2d_4[0][0]                   
__________________________________________________________________________________________________
add_1 (Add)                     (None, 64, 12, 12)   0           add[0][0]                        
                                                                 batch_normalization_3[0][0]      
__________________________________________________________________________________________________
conv2d_5 (Conv2D)               (None, 64, 12, 12)   36928       add_1[0][0]                      
__________________________________________________________________________________________________
batch_normalization_4 (BatchNor (None, 64, 12, 12)   256         conv2d_5[0][0]                   
__________________________________________________________________________________________________
p_re_lu_3 (PReLU)               (None, 64, 12, 12)   64          batch_normalization_4[0][0]      
__________________________________________________________________________________________________
conv2d_6 (Conv2D)               (None, 64, 12, 12)   36928       p_re_lu_3[0][0]                  
__________________________________________________________________________________________________
batch_normalization_5 (BatchNor (None, 64, 12, 12)   256         conv2d_6[0][0]                   
__________________________________________________________________________________________________
add_2 (Add)                     (None, 64, 12, 12)   0           add_1[0][0]                      
                                                                 batch_normalization_5[0][0]      
__________________________________________________________________________________________________
conv2d_7 (Conv2D)               (None, 64, 12, 12)   36928       add_2[0][0]                      
__________________________________________________________________________________________________
batch_normalization_6 (BatchNor (None, 64, 12, 12)   256         conv2d_7[0][0]                   
__________________________________________________________________________________________________
p_re_lu_4 (PReLU)               (None, 64, 12, 12)   64          batch_normalization_6[0][0]      
__________________________________________________________________________________________________
conv2d_8 (Conv2D)               (None, 64, 12, 12)   36928       p_re_lu_4[0][0]                  
__________________________________________________________________________________________________
batch_normalization_7 (BatchNor (None, 64, 12, 12)   256         conv2d_8[0][0]                   
__________________________________________________________________________________________________
add_3 (Add)                     (None, 64, 12, 12)   0           add_2[0][0]                      
                                                                 batch_normalization_7[0][0]      
__________________________________________________________________________________________________
conv2d_9 (Conv2D)               (None, 64, 12, 12)   36928       add_3[0][0]                      
__________________________________________________________________________________________________
batch_normalization_8 (BatchNor (None, 64, 12, 12)   256         conv2d_9[0][0]                   
__________________________________________________________________________________________________
p_re_lu_5 (PReLU)               (None, 64, 12, 12)   64          batch_normalization_8[0][0]      
__________________________________________________________________________________________________
conv2d_10 (Conv2D)              (None, 64, 12, 12)   36928       p_re_lu_5[0][0]                  
__________________________________________________________________________________________________
batch_normalization_9 (BatchNor (None, 64, 12, 12)   256         conv2d_10[0][0]                  
__________________________________________________________________________________________________
add_4 (Add)                     (None, 64, 12, 12)   0           add_3[0][0]                      
                                                                 batch_normalization_9[0][0]      
__________________________________________________________________________________________________
conv2d_11 (Conv2D)              (None, 64, 12, 12)   36928       add_4[0][0]                      
__________________________________________________________________________________________________
batch_normalization_10 (BatchNo (None, 64, 12, 12)   256         conv2d_11[0][0]                  
__________________________________________________________________________________________________
p_re_lu_6 (PReLU)               (None, 64, 12, 12)   64          batch_normalization_10[0][0]     
__________________________________________________________________________________________________
conv2d_12 (Conv2D)              (None, 64, 12, 12)   36928       p_re_lu_6[0][0]                  
__________________________________________________________________________________________________
batch_normalization_11 (BatchNo (None, 64, 12, 12)   256         conv2d_12[0][0]                  
__________________________________________________________________________________________________
add_5 (Add)                     (None, 64, 12, 12)   0           add_4[0][0]                      
                                                                 batch_normalization_11[0][0]     
__________________________________________________________________________________________________
conv2d_13 (Conv2D)              (None, 64, 12, 12)   36928       add_5[0][0]                      
__________________________________________________________________________________________________
batch_normalization_12 (BatchNo (None, 64, 12, 12)   256         conv2d_13[0][0]                  
__________________________________________________________________________________________________
p_re_lu_7 (PReLU)               (None, 64, 12, 12)   64          batch_normalization_12[0][0]     
__________________________________________________________________________________________________
conv2d_14 (Conv2D)              (None, 64, 12, 12)   36928       p_re_lu_7[0][0]                  
__________________________________________________________________________________________________
batch_normalization_13 (BatchNo (None, 64, 12, 12)   256         conv2d_14[0][0]                  
__________________________________________________________________________________________________
add_6 (Add)                     (None, 64, 12, 12)   0           add_5[0][0]                      
                                                                 batch_normalization_13[0][0]     
__________________________________________________________________________________________________
conv2d_15 (Conv2D)              (None, 64, 12, 12)   36928       add_6[0][0]                      
__________________________________________________________________________________________________
batch_normalization_14 (BatchNo (None, 64, 12, 12)   256         conv2d_15[0][0]                  
__________________________________________________________________________________________________
p_re_lu_8 (PReLU)               (None, 64, 12, 12)   64          batch_normalization_14[0][0]     
__________________________________________________________________________________________________
conv2d_16 (Conv2D)              (None, 64, 12, 12)   36928       p_re_lu_8[0][0]                  
__________________________________________________________________________________________________
batch_normalization_15 (BatchNo (None, 64, 12, 12)   256         conv2d_16[0][0]                  
__________________________________________________________________________________________________
add_7 (Add)                     (None, 64, 12, 12)   0           add_6[0][0]                      
                                                                 batch_normalization_15[0][0]     
__________________________________________________________________________________________________
conv2d_17 (Conv2D)              (None, 64, 12, 12)   36928       add_7[0][0]                      
__________________________________________________________________________________________________
batch_normalization_16 (BatchNo (None, 64, 12, 12)   256         conv2d_17[0][0]                  
__________________________________________________________________________________________________
p_re_lu_9 (PReLU)               (None, 64, 12, 12)   64          batch_normalization_16[0][0]     
__________________________________________________________________________________________________
conv2d_18 (Conv2D)              (None, 64, 12, 12)   36928       p_re_lu_9[0][0]                  
__________________________________________________________________________________________________
batch_normalization_17 (BatchNo (None, 64, 12, 12)   256         conv2d_18[0][0]                  
__________________________________________________________________________________________________
add_8 (Add)                     (None, 64, 12, 12)   0           add_7[0][0]                      
                                                                 batch_normalization_17[0][0]     
__________________________________________________________________________________________________
conv2d_19 (Conv2D)              (None, 64, 12, 12)   36928       add_8[0][0]                      
__________________________________________________________________________________________________
batch_normalization_18 (BatchNo (None, 64, 12, 12)   256         conv2d_19[0][0]                  
__________________________________________________________________________________________________
p_re_lu_10 (PReLU)              (None, 64, 12, 12)   64          batch_normalization_18[0][0]     
__________________________________________________________________________________________________
conv2d_20 (Conv2D)              (None, 64, 12, 12)   36928       p_re_lu_10[0][0]                 
__________________________________________________________________________________________________
batch_normalization_19 (BatchNo (None, 64, 12, 12)   256         conv2d_20[0][0]                  
__________________________________________________________________________________________________
add_9 (Add)                     (None, 64, 12, 12)   0           add_8[0][0]                      
                                                                 batch_normalization_19[0][0]     
__________________________________________________________________________________________________
conv2d_21 (Conv2D)              (None, 64, 12, 12)   36928       add_9[0][0]                      
__________________________________________________________________________________________________
batch_normalization_20 (BatchNo (None, 64, 12, 12)   256         conv2d_21[0][0]                  
__________________________________________________________________________________________________
p_re_lu_11 (PReLU)              (None, 64, 12, 12)   64          batch_normalization_20[0][0]     
__________________________________________________________________________________________________
conv2d_22 (Conv2D)              (None, 64, 12, 12)   36928       p_re_lu_11[0][0]                 
__________________________________________________________________________________________________
batch_normalization_21 (BatchNo (None, 64, 12, 12)   256         conv2d_22[0][0]                  
__________________________________________________________________________________________________
add_10 (Add)                    (None, 64, 12, 12)   0           add_9[0][0]                      
                                                                 batch_normalization_21[0][0]     
__________________________________________________________________________________________________
conv2d_23 (Conv2D)              (None, 64, 12, 12)   36928       add_10[0][0]                     
__________________________________________________________________________________________________
batch_normalization_22 (BatchNo (None, 64, 12, 12)   256         conv2d_23[0][0]                  
__________________________________________________________________________________________________
p_re_lu_12 (PReLU)              (None, 64, 12, 12)   64          batch_normalization_22[0][0]     
__________________________________________________________________________________________________
conv2d_24 (Conv2D)              (None, 64, 12, 12)   36928       p_re_lu_12[0][0]                 
__________________________________________________________________________________________________
batch_normalization_23 (BatchNo (None, 64, 12, 12)   256         conv2d_24[0][0]                  
__________________________________________________________________________________________________
add_11 (Add)                    (None, 64, 12, 12)   0           add_10[0][0]                     
                                                                 batch_normalization_23[0][0]     
__________________________________________________________________________________________________
conv2d_25 (Conv2D)              (None, 64, 12, 12)   36928       add_11[0][0]                     
__________________________________________________________________________________________________
batch_normalization_24 (BatchNo (None, 64, 12, 12)   256         conv2d_25[0][0]                  
__________________________________________________________________________________________________
p_re_lu_13 (PReLU)              (None, 64, 12, 12)   64          batch_normalization_24[0][0]     
__________________________________________________________________________________________________
conv2d_26 (Conv2D)              (None, 64, 12, 12)   36928       p_re_lu_13[0][0]                 
__________________________________________________________________________________________________
batch_normalization_25 (BatchNo (None, 64, 12, 12)   256         conv2d_26[0][0]                  
__________________________________________________________________________________________________
add_12 (Add)                    (None, 64, 12, 12)   0           add_11[0][0]                     
                                                                 batch_normalization_25[0][0]     
__________________________________________________________________________________________________
conv2d_27 (Conv2D)              (None, 64, 12, 12)   36928       add_12[0][0]                     
__________________________________________________________________________________________________
batch_normalization_26 (BatchNo (None, 64, 12, 12)   256         conv2d_27[0][0]                  
__________________________________________________________________________________________________
p_re_lu_14 (PReLU)              (None, 64, 12, 12)   64          batch_normalization_26[0][0]     
__________________________________________________________________________________________________
conv2d_28 (Conv2D)              (None, 64, 12, 12)   36928       p_re_lu_14[0][0]                 
__________________________________________________________________________________________________
batch_normalization_27 (BatchNo (None, 64, 12, 12)   256         conv2d_28[0][0]                  
__________________________________________________________________________________________________
add_13 (Add)                    (None, 64, 12, 12)   0           add_12[0][0]                     
                                                                 batch_normalization_27[0][0]     
__________________________________________________________________________________________________
conv2d_29 (Conv2D)              (None, 64, 12, 12)   36928       add_13[0][0]                     
__________________________________________________________________________________________________
batch_normalization_28 (BatchNo (None, 64, 12, 12)   256         conv2d_29[0][0]                  
__________________________________________________________________________________________________
p_re_lu_15 (PReLU)              (None, 64, 12, 12)   64          batch_normalization_28[0][0]     
__________________________________________________________________________________________________
conv2d_30 (Conv2D)              (None, 64, 12, 12)   36928       p_re_lu_15[0][0]                 
__________________________________________________________________________________________________
batch_normalization_29 (BatchNo (None, 64, 12, 12)   256         conv2d_30[0][0]                  
__________________________________________________________________________________________________
add_14 (Add)                    (None, 64, 12, 12)   0           add_13[0][0]                     
                                                                 batch_normalization_29[0][0]     
__________________________________________________________________________________________________
conv2d_31 (Conv2D)              (None, 64, 12, 12)   36928       add_14[0][0]                     
__________________________________________________________________________________________________
batch_normalization_30 (BatchNo (None, 64, 12, 12)   256         conv2d_31[0][0]                  
__________________________________________________________________________________________________
p_re_lu_16 (PReLU)              (None, 64, 12, 12)   64          batch_normalization_30[0][0]     
__________________________________________________________________________________________________
conv2d_32 (Conv2D)              (None, 64, 12, 12)   36928       p_re_lu_16[0][0]                 
__________________________________________________________________________________________________
batch_normalization_31 (BatchNo (None, 64, 12, 12)   256         conv2d_32[0][0]                  
__________________________________________________________________________________________________
add_15 (Add)                    (None, 64, 12, 12)   0           add_14[0][0]                     
                                                                 batch_normalization_31[0][0]     
__________________________________________________________________________________________________
conv2d_33 (Conv2D)              (None, 64, 12, 12)   36928       add_15[0][0]                     
__________________________________________________________________________________________________
batch_normalization_32 (BatchNo (None, 64, 12, 12)   256         conv2d_33[0][0]                  
__________________________________________________________________________________________________
add_16 (Add)                    (None, 64, 12, 12)   0           p_re_lu[0][0]                    
                                                                 batch_normalization_32[0][0]     
__________________________________________________________________________________________________
conv2d_34 (Conv2D)              (None, 256, 12, 12)  147712      add_16[0][0]                     
__________________________________________________________________________________________________
lambda (Lambda)                 (None, 64, 24, 24)   0           conv2d_34[0][0]                  
__________________________________________________________________________________________________
leaky_re_lu (LeakyReLU)         (None, 64, 24, 24)   0           lambda[0][0]                     
__________________________________________________________________________________________________
conv2d_35 (Conv2D)              (None, 256, 24, 24)  147712      leaky_re_lu[0][0]                
__________________________________________________________________________________________________
lambda_1 (Lambda)               (None, 64, 48, 48)   0           conv2d_35[0][0]                  
__________________________________________________________________________________________________
leaky_re_lu_1 (LeakyReLU)       (None, 64, 48, 48)   0           lambda_1[0][0]                   
__________________________________________________________________________________________________
conv2d_36 (Conv2D)              (None, 256, 48, 48)  147712      leaky_re_lu_1[0][0]              
__________________________________________________________________________________________________
lambda_2 (Lambda)               (None, 64, 96, 96)   0           conv2d_36[0][0]                  
__________________________________________________________________________________________________
leaky_re_lu_2 (LeakyReLU)       (None, 64, 96, 96)   0           lambda_2[0][0]                   
__________________________________________________________________________________________________
conv2d_37 (Conv2D)              (None, 256, 96, 96)  147712      leaky_re_lu_2[0][0]              
__________________________________________________________________________________________________
lambda_3 (Lambda)               (None, 64, 192, 192) 0           conv2d_37[0][0]                  
__________________________________________________________________________________________________
leaky_re_lu_3 (LeakyReLU)       (None, 64, 192, 192) 0           lambda_3[0][0]                   
__________________________________________________________________________________________________
conv2d_38 (Conv2D)              (None, 3, 192, 192)  15555       leaky_re_lu_3[0][0]              
__________________________________________________________________________________________________
predic_01 (Conv2D)              (None, 128, 192, 192 9728        conv2d_38[0][0]                  
__________________________________________________________________________________________________
predic_02 (BatchNormalization)  (None, 128, 192, 192 512         predic_01[0][0]                  
__________________________________________________________________________________________________
predic_03 (MaxPooling2D)        (None, 128, 96, 96)  0           predic_02[0][0]                  
__________________________________________________________________________________________________
predic_04 (Conv2D)              (None, 256, 96, 96)  295168      predic_03[0][0]                  
__________________________________________________________________________________________________
predic_05 (BatchNormalization)  (None, 256, 96, 96)  1024        predic_04[0][0]                  
__________________________________________________________________________________________________
predic_06 (MaxPooling2D)        (None, 256, 48, 48)  0           predic_05[0][0]                  
__________________________________________________________________________________________________
predic_07 (Conv2D)              (None, 256, 48, 48)  590080      predic_06[0][0]                  
__________________________________________________________________________________________________
predic_08 (BatchNormalization)  (None, 256, 48, 48)  1024        predic_07[0][0]                  
__________________________________________________________________________________________________
predic_09 (MaxPooling2D)        (None, 256, 24, 24)  0           predic_08[0][0]                  
__________________________________________________________________________________________________
predic_10 (Conv2D)              (None, 512, 24, 24)  1180160     predic_09[0][0]                  
__________________________________________________________________________________________________
predic_11 (BatchNormalization)  (None, 512, 24, 24)  2048        predic_10[0][0]                  
__________________________________________________________________________________________________
predic_12 (MaxPooling2D)        (None, 512, 12, 12)  0           predic_11[0][0]                  
__________________________________________________________________________________________________
predic_13 (Conv2D)              (None, 512, 12, 12)  2359808     predic_12[0][0]                  
__________________________________________________________________________________________________
predic_14 (BatchNormalization)  (None, 512, 12, 12)  2048        predic_13[0][0]                  
__________________________________________________________________________________________________
predic_15 (Conv2D)              (None, 64, 12, 12)   294976      predic_14[0][0]                  
==================================================================================================
Total params: 6,586,755
Trainable params: 4,733,248
Non-trainable params: 1,853,507
__________________________________________________________________________________________________
None
2021-02-02 12:04:15.131224: I tensorflow/stream_executor/platform/default/dso_loader.cc:48] Successfully opened dynamic library libcudnn.so.7
2021-02-02 12:04:19.684955: I tensorflow/stream_executor/platform/default/dso_loader.cc:48] Successfully opened dynamic library libcublas.so.10
Epoch 0001/0030, loss: 6.69567346572876, val_loss: 2.234790802001953, elapsed time from start: 370.7448093891144
Epoch 0002/0030, loss: 0.982476532459259, val_loss: 0.33507806062698364, elapsed time from start: 690.5271167755127
Epoch 0003/0030, loss: 0.1617223173379898, val_loss: 0.08019933849573135, elapsed time from start: 1022.6406908035278
Epoch 0004/0030, loss: 0.0516553558409214, val_loss: 0.04664827138185501, elapsed time from start: 1354.7518193721771
Epoch 0005/0030, loss: 0.03659295290708542, val_loss: 0.04184611141681671, elapsed time from start: 1685.9653053283691
Epoch 0006/0030, loss: 0.03405078873038292, val_loss: 0.04093431681394577, elapsed time from start: 2003.8333368301392
Epoch 0007/0030, loss: 0.03371046483516693, val_loss: 0.04081069678068161, elapsed time from start: 2332.2750589847565
Epoch 0008/0030, loss: 0.033640675246715546, val_loss: 0.040638357400894165, elapsed time from start: 2658.836184978485
Epoch 0009/0030, loss: 0.033619433641433716, val_loss: 0.040565770119428635, elapsed time from start: 2980.0118317604065
Epoch 0010/0030, loss: 0.03360647335648537, val_loss: 0.0406343974173069, elapsed time from start: 3300.9015970230103
Epoch 0011/0030, loss: 0.03359399735927582, val_loss: 0.04047270119190216, elapsed time from start: 3621.3253576755524
Epoch 0012/0030, loss: 0.03353715315461159, val_loss: 0.040478188544511795, elapsed time from start: 3939.9007828235626
Epoch 0013/0030, loss: 0.03348495066165924, val_loss: 0.04055044800043106, elapsed time from start: 4263.305123090744
Epoch 0014/0030, loss: 0.03343447297811508, val_loss: 0.04040711373090744, elapsed time from start: 4594.543503284454
Epoch 0015/0030, loss: 0.033389825373888016, val_loss: 0.040544163435697556, elapsed time from start: 4925.703791856766
Epoch 0016/0030, loss: 0.033347148448228836, val_loss: 0.04034271091222763, elapsed time from start: 5256.721972227097
Epoch 0017/0030, loss: 0.033309124410152435, val_loss: 0.04067593812942505, elapsed time from start: 5586.7565677165985
Epoch 0018/0030, loss: 0.03326696529984474, val_loss: 0.04025311395525932, elapsed time from start: 5918.266487360001
Epoch 0019/0030, loss: 0.033229708671569824, val_loss: 0.040437012910842896, elapsed time from start: 6249.600732564926
Epoch 0020/0030, loss: 0.03318633511662483, val_loss: 0.040757160633802414, elapsed time from start: 6571.652872800827
Epoch 0021/0030, loss: 0.033157967031002045, val_loss: 0.040474653244018555, elapsed time from start: 6911.793307065964
Epoch 0022/0030, loss: 0.03312397748231888, val_loss: 0.04035978764295578, elapsed time from start: 7286.2391448020935
Epoch 0023/0030, loss: 0.03309088572859764, val_loss: 0.04036082699894905, elapsed time from start: 7658.464865446091
Epoch 0024/0030, loss: 0.033059582114219666, val_loss: 0.04033796861767769, elapsed time from start: 8028.105255365372
Epoch 0025/0030, loss: 0.0330277718603611, val_loss: 0.04045456647872925, elapsed time from start: 8398.412576198578
Epoch 0026/0030, loss: 0.03299390524625778, val_loss: 0.040539588779211044, elapsed time from start: 8765.251096010208
Epoch 0027/0030, loss: 0.03296187147498131, val_loss: 0.040667176246643066, elapsed time from start: 9138.250768899918
Epoch 0028/0030, loss: 0.03292831778526306, val_loss: 0.04049193114042282, elapsed time from start: 9495.244879722595
Epoch 0029/0030, loss: 0.03289325535297394, val_loss: 0.040477022528648376, elapsed time from start: 9847.971047401428
Epoch 0030/0030, loss: 0.03286360949277878, val_loss: 0.04066452011466026, elapsed time from start: 10201.800060749054
WARNING:tensorflow:From /home/alejandro/projects/urban-flows/.env/lib/python3.7/site-packages/tensorflow/python/training/tracking/tracking.py:111: Model.state_updates (from tensorflow.python.keras.engine.training) is deprecated and will be removed in a future version.
Instructions for updating:
This property should not be used in TensorFlow 2.0, as updates are applied automatically.
2021-02-02 14:54:15.776651: W tensorflow/python/util/util.cc:348] Sets are not currently considered sequences, but this may change in the future, so consider avoiding using them.
WARNING:tensorflow:From /home/alejandro/projects/urban-flows/.env/lib/python3.7/site-packages/tensorflow/python/training/tracking/tracking.py:111: Layer.updates (from tensorflow.python.keras.engine.base_layer) is deprecated and will be removed in a future version.
Instructions for updating:
This property should not be used in TensorFlow 2.0, as updates are applied automatically.
