2021-02-08 19:22:14.581093: I tensorflow/stream_executor/platform/default/dso_loader.cc:48] Successfully opened dynamic library libcudart.so.10.1
2021-02-08 19:22:21.076197: I tensorflow/stream_executor/platform/default/dso_loader.cc:48] Successfully opened dynamic library libcuda.so.1
2021-02-08 19:22:21.945392: I tensorflow/stream_executor/cuda/cuda_gpu_executor.cc:982] successful NUMA node read from SysFS had negative value (-1), but there must be at least one NUMA node, so returning NUMA node zero
2021-02-08 19:22:21.948237: I tensorflow/core/common_runtime/gpu/gpu_device.cc:1716] Found device 0 with properties: 
pciBusID: 0000:04:00.0 name: GeForce RTX 2080 Ti computeCapability: 7.5
coreClock: 1.545GHz coreCount: 68 deviceMemorySize: 10.76GiB deviceMemoryBandwidth: 573.69GiB/s
2021-02-08 19:22:21.948288: I tensorflow/stream_executor/platform/default/dso_loader.cc:48] Successfully opened dynamic library libcudart.so.10.1
2021-02-08 19:22:21.951549: I tensorflow/stream_executor/platform/default/dso_loader.cc:48] Successfully opened dynamic library libcublas.so.10
2021-02-08 19:22:21.953966: I tensorflow/stream_executor/platform/default/dso_loader.cc:48] Successfully opened dynamic library libcufft.so.10
2021-02-08 19:22:21.954525: I tensorflow/stream_executor/platform/default/dso_loader.cc:48] Successfully opened dynamic library libcurand.so.10
2021-02-08 19:22:21.957705: I tensorflow/stream_executor/platform/default/dso_loader.cc:48] Successfully opened dynamic library libcusolver.so.10
2021-02-08 19:22:21.959466: I tensorflow/stream_executor/platform/default/dso_loader.cc:48] Successfully opened dynamic library libcusparse.so.10
2021-02-08 19:22:21.966184: I tensorflow/stream_executor/platform/default/dso_loader.cc:48] Successfully opened dynamic library libcudnn.so.7
2021-02-08 19:22:21.966399: I tensorflow/stream_executor/cuda/cuda_gpu_executor.cc:982] successful NUMA node read from SysFS had negative value (-1), but there must be at least one NUMA node, so returning NUMA node zero
2021-02-08 19:22:22.065472: I tensorflow/stream_executor/cuda/cuda_gpu_executor.cc:982] successful NUMA node read from SysFS had negative value (-1), but there must be at least one NUMA node, so returning NUMA node zero
2021-02-08 19:22:22.066313: I tensorflow/core/common_runtime/gpu/gpu_device.cc:1858] Adding visible gpu devices: 0
Using TensorFlow version:  2.3.0 , GPU: 1
Using Keras version:  2.4.0
2021-02-08 19:22:22.215006: I tensorflow/core/platform/profile_utils/cpu_utils.cc:104] CPU Frequency: 2499980000 Hz
2021-02-08 19:22:22.217500: I tensorflow/compiler/xla/service/service.cc:168] XLA service 0x40372c0 initialized for platform Host (this does not guarantee that XLA will be used). Devices:
2021-02-08 19:22:22.217531: I tensorflow/compiler/xla/service/service.cc:176]   StreamExecutor device (0): Host, Default Version
2021-02-08 19:22:22.348225: I tensorflow/stream_executor/cuda/cuda_gpu_executor.cc:982] successful NUMA node read from SysFS had negative value (-1), but there must be at least one NUMA node, so returning NUMA node zero
2021-02-08 19:22:22.349193: I tensorflow/compiler/xla/service/service.cc:168] XLA service 0x40a3700 initialized for platform CUDA (this does not guarantee that XLA will be used). Devices:
2021-02-08 19:22:22.349258: I tensorflow/compiler/xla/service/service.cc:176]   StreamExecutor device (0): GeForce RTX 2080 Ti, Compute Capability 7.5
2021-02-08 19:22:22.349672: I tensorflow/stream_executor/cuda/cuda_gpu_executor.cc:982] successful NUMA node read from SysFS had negative value (-1), but there must be at least one NUMA node, so returning NUMA node zero
2021-02-08 19:22:22.351203: I tensorflow/core/common_runtime/gpu/gpu_device.cc:1716] Found device 0 with properties: 
pciBusID: 0000:04:00.0 name: GeForce RTX 2080 Ti computeCapability: 7.5
coreClock: 1.545GHz coreCount: 68 deviceMemorySize: 10.76GiB deviceMemoryBandwidth: 573.69GiB/s
2021-02-08 19:22:22.351281: I tensorflow/stream_executor/platform/default/dso_loader.cc:48] Successfully opened dynamic library libcudart.so.10.1
2021-02-08 19:22:22.351339: I tensorflow/stream_executor/platform/default/dso_loader.cc:48] Successfully opened dynamic library libcublas.so.10
2021-02-08 19:22:22.351411: I tensorflow/stream_executor/platform/default/dso_loader.cc:48] Successfully opened dynamic library libcufft.so.10
2021-02-08 19:22:22.351462: I tensorflow/stream_executor/platform/default/dso_loader.cc:48] Successfully opened dynamic library libcurand.so.10
2021-02-08 19:22:22.351509: I tensorflow/stream_executor/platform/default/dso_loader.cc:48] Successfully opened dynamic library libcusolver.so.10
2021-02-08 19:22:22.351555: I tensorflow/stream_executor/platform/default/dso_loader.cc:48] Successfully opened dynamic library libcusparse.so.10
2021-02-08 19:22:22.351601: I tensorflow/stream_executor/platform/default/dso_loader.cc:48] Successfully opened dynamic library libcudnn.so.7
2021-02-08 19:22:22.351756: I tensorflow/stream_executor/cuda/cuda_gpu_executor.cc:982] successful NUMA node read from SysFS had negative value (-1), but there must be at least one NUMA node, so returning NUMA node zero
2021-02-08 19:22:22.353388: I tensorflow/stream_executor/cuda/cuda_gpu_executor.cc:982] successful NUMA node read from SysFS had negative value (-1), but there must be at least one NUMA node, so returning NUMA node zero
2021-02-08 19:22:22.354928: I tensorflow/core/common_runtime/gpu/gpu_device.cc:1858] Adding visible gpu devices: 0
2021-02-08 19:22:22.355024: I tensorflow/stream_executor/platform/default/dso_loader.cc:48] Successfully opened dynamic library libcudart.so.10.1
2021-02-08 19:22:24.413518: I tensorflow/core/common_runtime/gpu/gpu_device.cc:1257] Device interconnect StreamExecutor with strength 1 edge matrix:
2021-02-08 19:22:24.413591: I tensorflow/core/common_runtime/gpu/gpu_device.cc:1263]      0 
2021-02-08 19:22:24.413603: I tensorflow/core/common_runtime/gpu/gpu_device.cc:1276] 0:   N 
2021-02-08 19:22:24.413850: I tensorflow/stream_executor/cuda/cuda_gpu_executor.cc:982] successful NUMA node read from SysFS had negative value (-1), but there must be at least one NUMA node, so returning NUMA node zero
2021-02-08 19:22:24.414604: I tensorflow/stream_executor/cuda/cuda_gpu_executor.cc:982] successful NUMA node read from SysFS had negative value (-1), but there must be at least one NUMA node, so returning NUMA node zero
2021-02-08 19:22:24.415266: I tensorflow/core/common_runtime/gpu/gpu_device.cc:1402] Created TensorFlow device (/job:localhost/replica:0/task:0/device:GPU:0 with 10068 MB memory) -> physical GPU (device: 0, name: GeForce RTX 2080 Ti, pci bus id: 0000:04:00.0, compute capability: 7.5)
The inputs are normalized to have a unit Gaussian distribution
Model: "CNN-POD"
__________________________________________________________________________________________________
Layer (type)                    Output Shape         Param #     Connected to                     
==================================================================================================
low-res-input (InputLayer)      [(None, 1, 48, 48)]  0                                            
__________________________________________________________________________________________________
conv2d (Conv2D)                 (None, 64, 48, 48)   5248        low-res-input[0][0]              
__________________________________________________________________________________________________
p_re_lu (PReLU)                 (None, 64, 48, 48)   64          conv2d[0][0]                     
__________________________________________________________________________________________________
conv2d_1 (Conv2D)               (None, 64, 48, 48)   36928       p_re_lu[0][0]                    
__________________________________________________________________________________________________
batch_normalization (BatchNorma (None, 64, 48, 48)   256         conv2d_1[0][0]                   
__________________________________________________________________________________________________
p_re_lu_1 (PReLU)               (None, 64, 48, 48)   64          batch_normalization[0][0]        
__________________________________________________________________________________________________
conv2d_2 (Conv2D)               (None, 64, 48, 48)   36928       p_re_lu_1[0][0]                  
__________________________________________________________________________________________________
batch_normalization_1 (BatchNor (None, 64, 48, 48)   256         conv2d_2[0][0]                   
__________________________________________________________________________________________________
add (Add)                       (None, 64, 48, 48)   0           p_re_lu[0][0]                    
                                                                 batch_normalization_1[0][0]      
__________________________________________________________________________________________________
conv2d_3 (Conv2D)               (None, 64, 48, 48)   36928       add[0][0]                        
__________________________________________________________________________________________________
batch_normalization_2 (BatchNor (None, 64, 48, 48)   256         conv2d_3[0][0]                   
__________________________________________________________________________________________________
p_re_lu_2 (PReLU)               (None, 64, 48, 48)   64          batch_normalization_2[0][0]      
__________________________________________________________________________________________________
conv2d_4 (Conv2D)               (None, 64, 48, 48)   36928       p_re_lu_2[0][0]                  
__________________________________________________________________________________________________
batch_normalization_3 (BatchNor (None, 64, 48, 48)   256         conv2d_4[0][0]                   
__________________________________________________________________________________________________
add_1 (Add)                     (None, 64, 48, 48)   0           add[0][0]                        
                                                                 batch_normalization_3[0][0]      
__________________________________________________________________________________________________
conv2d_5 (Conv2D)               (None, 64, 48, 48)   36928       add_1[0][0]                      
__________________________________________________________________________________________________
batch_normalization_4 (BatchNor (None, 64, 48, 48)   256         conv2d_5[0][0]                   
__________________________________________________________________________________________________
p_re_lu_3 (PReLU)               (None, 64, 48, 48)   64          batch_normalization_4[0][0]      
__________________________________________________________________________________________________
conv2d_6 (Conv2D)               (None, 64, 48, 48)   36928       p_re_lu_3[0][0]                  
__________________________________________________________________________________________________
batch_normalization_5 (BatchNor (None, 64, 48, 48)   256         conv2d_6[0][0]                   
__________________________________________________________________________________________________
add_2 (Add)                     (None, 64, 48, 48)   0           add_1[0][0]                      
                                                                 batch_normalization_5[0][0]      
__________________________________________________________________________________________________
conv2d_7 (Conv2D)               (None, 64, 48, 48)   36928       add_2[0][0]                      
__________________________________________________________________________________________________
batch_normalization_6 (BatchNor (None, 64, 48, 48)   256         conv2d_7[0][0]                   
__________________________________________________________________________________________________
p_re_lu_4 (PReLU)               (None, 64, 48, 48)   64          batch_normalization_6[0][0]      
__________________________________________________________________________________________________
conv2d_8 (Conv2D)               (None, 64, 48, 48)   36928       p_re_lu_4[0][0]                  
__________________________________________________________________________________________________
batch_normalization_7 (BatchNor (None, 64, 48, 48)   256         conv2d_8[0][0]                   
__________________________________________________________________________________________________
add_3 (Add)                     (None, 64, 48, 48)   0           add_2[0][0]                      
                                                                 batch_normalization_7[0][0]      
__________________________________________________________________________________________________
conv2d_9 (Conv2D)               (None, 64, 48, 48)   36928       add_3[0][0]                      
__________________________________________________________________________________________________
batch_normalization_8 (BatchNor (None, 64, 48, 48)   256         conv2d_9[0][0]                   
__________________________________________________________________________________________________
p_re_lu_5 (PReLU)               (None, 64, 48, 48)   64          batch_normalization_8[0][0]      
__________________________________________________________________________________________________
conv2d_10 (Conv2D)              (None, 64, 48, 48)   36928       p_re_lu_5[0][0]                  
__________________________________________________________________________________________________
batch_normalization_9 (BatchNor (None, 64, 48, 48)   256         conv2d_10[0][0]                  
__________________________________________________________________________________________________
add_4 (Add)                     (None, 64, 48, 48)   0           add_3[0][0]                      
                                                                 batch_normalization_9[0][0]      
__________________________________________________________________________________________________
conv2d_11 (Conv2D)              (None, 64, 48, 48)   36928       add_4[0][0]                      
__________________________________________________________________________________________________
batch_normalization_10 (BatchNo (None, 64, 48, 48)   256         conv2d_11[0][0]                  
__________________________________________________________________________________________________
p_re_lu_6 (PReLU)               (None, 64, 48, 48)   64          batch_normalization_10[0][0]     
__________________________________________________________________________________________________
conv2d_12 (Conv2D)              (None, 64, 48, 48)   36928       p_re_lu_6[0][0]                  
__________________________________________________________________________________________________
batch_normalization_11 (BatchNo (None, 64, 48, 48)   256         conv2d_12[0][0]                  
__________________________________________________________________________________________________
add_5 (Add)                     (None, 64, 48, 48)   0           add_4[0][0]                      
                                                                 batch_normalization_11[0][0]     
__________________________________________________________________________________________________
conv2d_13 (Conv2D)              (None, 64, 48, 48)   36928       add_5[0][0]                      
__________________________________________________________________________________________________
batch_normalization_12 (BatchNo (None, 64, 48, 48)   256         conv2d_13[0][0]                  
__________________________________________________________________________________________________
p_re_lu_7 (PReLU)               (None, 64, 48, 48)   64          batch_normalization_12[0][0]     
__________________________________________________________________________________________________
conv2d_14 (Conv2D)              (None, 64, 48, 48)   36928       p_re_lu_7[0][0]                  
__________________________________________________________________________________________________
batch_normalization_13 (BatchNo (None, 64, 48, 48)   256         conv2d_14[0][0]                  
__________________________________________________________________________________________________
add_6 (Add)                     (None, 64, 48, 48)   0           add_5[0][0]                      
                                                                 batch_normalization_13[0][0]     
__________________________________________________________________________________________________
conv2d_15 (Conv2D)              (None, 64, 48, 48)   36928       add_6[0][0]                      
__________________________________________________________________________________________________
batch_normalization_14 (BatchNo (None, 64, 48, 48)   256         conv2d_15[0][0]                  
__________________________________________________________________________________________________
p_re_lu_8 (PReLU)               (None, 64, 48, 48)   64          batch_normalization_14[0][0]     
__________________________________________________________________________________________________
conv2d_16 (Conv2D)              (None, 64, 48, 48)   36928       p_re_lu_8[0][0]                  
__________________________________________________________________________________________________
batch_normalization_15 (BatchNo (None, 64, 48, 48)   256         conv2d_16[0][0]                  
__________________________________________________________________________________________________
add_7 (Add)                     (None, 64, 48, 48)   0           add_6[0][0]                      
                                                                 batch_normalization_15[0][0]     
__________________________________________________________________________________________________
conv2d_17 (Conv2D)              (None, 64, 48, 48)   36928       add_7[0][0]                      
__________________________________________________________________________________________________
batch_normalization_16 (BatchNo (None, 64, 48, 48)   256         conv2d_17[0][0]                  
__________________________________________________________________________________________________
p_re_lu_9 (PReLU)               (None, 64, 48, 48)   64          batch_normalization_16[0][0]     
__________________________________________________________________________________________________
conv2d_18 (Conv2D)              (None, 64, 48, 48)   36928       p_re_lu_9[0][0]                  
__________________________________________________________________________________________________
batch_normalization_17 (BatchNo (None, 64, 48, 48)   256         conv2d_18[0][0]                  
__________________________________________________________________________________________________
add_8 (Add)                     (None, 64, 48, 48)   0           add_7[0][0]                      
                                                                 batch_normalization_17[0][0]     
__________________________________________________________________________________________________
conv2d_19 (Conv2D)              (None, 64, 48, 48)   36928       add_8[0][0]                      
__________________________________________________________________________________________________
batch_normalization_18 (BatchNo (None, 64, 48, 48)   256         conv2d_19[0][0]                  
__________________________________________________________________________________________________
p_re_lu_10 (PReLU)              (None, 64, 48, 48)   64          batch_normalization_18[0][0]     
__________________________________________________________________________________________________
conv2d_20 (Conv2D)              (None, 64, 48, 48)   36928       p_re_lu_10[0][0]                 
__________________________________________________________________________________________________
batch_normalization_19 (BatchNo (None, 64, 48, 48)   256         conv2d_20[0][0]                  
__________________________________________________________________________________________________
add_9 (Add)                     (None, 64, 48, 48)   0           add_8[0][0]                      
                                                                 batch_normalization_19[0][0]     
__________________________________________________________________________________________________
conv2d_21 (Conv2D)              (None, 64, 48, 48)   36928       add_9[0][0]                      
__________________________________________________________________________________________________
batch_normalization_20 (BatchNo (None, 64, 48, 48)   256         conv2d_21[0][0]                  
__________________________________________________________________________________________________
p_re_lu_11 (PReLU)              (None, 64, 48, 48)   64          batch_normalization_20[0][0]     
__________________________________________________________________________________________________
conv2d_22 (Conv2D)              (None, 64, 48, 48)   36928       p_re_lu_11[0][0]                 
__________________________________________________________________________________________________
batch_normalization_21 (BatchNo (None, 64, 48, 48)   256         conv2d_22[0][0]                  
__________________________________________________________________________________________________
add_10 (Add)                    (None, 64, 48, 48)   0           add_9[0][0]                      
                                                                 batch_normalization_21[0][0]     
__________________________________________________________________________________________________
conv2d_23 (Conv2D)              (None, 64, 48, 48)   36928       add_10[0][0]                     
__________________________________________________________________________________________________
batch_normalization_22 (BatchNo (None, 64, 48, 48)   256         conv2d_23[0][0]                  
__________________________________________________________________________________________________
p_re_lu_12 (PReLU)              (None, 64, 48, 48)   64          batch_normalization_22[0][0]     
__________________________________________________________________________________________________
conv2d_24 (Conv2D)              (None, 64, 48, 48)   36928       p_re_lu_12[0][0]                 
__________________________________________________________________________________________________
batch_normalization_23 (BatchNo (None, 64, 48, 48)   256         conv2d_24[0][0]                  
__________________________________________________________________________________________________
add_11 (Add)                    (None, 64, 48, 48)   0           add_10[0][0]                     
                                                                 batch_normalization_23[0][0]     
__________________________________________________________________________________________________
conv2d_25 (Conv2D)              (None, 64, 48, 48)   36928       add_11[0][0]                     
__________________________________________________________________________________________________
batch_normalization_24 (BatchNo (None, 64, 48, 48)   256         conv2d_25[0][0]                  
__________________________________________________________________________________________________
p_re_lu_13 (PReLU)              (None, 64, 48, 48)   64          batch_normalization_24[0][0]     
__________________________________________________________________________________________________
conv2d_26 (Conv2D)              (None, 64, 48, 48)   36928       p_re_lu_13[0][0]                 
__________________________________________________________________________________________________
batch_normalization_25 (BatchNo (None, 64, 48, 48)   256         conv2d_26[0][0]                  
__________________________________________________________________________________________________
add_12 (Add)                    (None, 64, 48, 48)   0           add_11[0][0]                     
                                                                 batch_normalization_25[0][0]     
__________________________________________________________________________________________________
conv2d_27 (Conv2D)              (None, 64, 48, 48)   36928       add_12[0][0]                     
__________________________________________________________________________________________________
batch_normalization_26 (BatchNo (None, 64, 48, 48)   256         conv2d_27[0][0]                  
__________________________________________________________________________________________________
p_re_lu_14 (PReLU)              (None, 64, 48, 48)   64          batch_normalization_26[0][0]     
__________________________________________________________________________________________________
conv2d_28 (Conv2D)              (None, 64, 48, 48)   36928       p_re_lu_14[0][0]                 
__________________________________________________________________________________________________
batch_normalization_27 (BatchNo (None, 64, 48, 48)   256         conv2d_28[0][0]                  
__________________________________________________________________________________________________
add_13 (Add)                    (None, 64, 48, 48)   0           add_12[0][0]                     
                                                                 batch_normalization_27[0][0]     
__________________________________________________________________________________________________
conv2d_29 (Conv2D)              (None, 64, 48, 48)   36928       add_13[0][0]                     
__________________________________________________________________________________________________
batch_normalization_28 (BatchNo (None, 64, 48, 48)   256         conv2d_29[0][0]                  
__________________________________________________________________________________________________
p_re_lu_15 (PReLU)              (None, 64, 48, 48)   64          batch_normalization_28[0][0]     
__________________________________________________________________________________________________
conv2d_30 (Conv2D)              (None, 64, 48, 48)   36928       p_re_lu_15[0][0]                 
__________________________________________________________________________________________________
batch_normalization_29 (BatchNo (None, 64, 48, 48)   256         conv2d_30[0][0]                  
__________________________________________________________________________________________________
add_14 (Add)                    (None, 64, 48, 48)   0           add_13[0][0]                     
                                                                 batch_normalization_29[0][0]     
__________________________________________________________________________________________________
conv2d_31 (Conv2D)              (None, 64, 48, 48)   36928       add_14[0][0]                     
__________________________________________________________________________________________________
batch_normalization_30 (BatchNo (None, 64, 48, 48)   256         conv2d_31[0][0]                  
__________________________________________________________________________________________________
p_re_lu_16 (PReLU)              (None, 64, 48, 48)   64          batch_normalization_30[0][0]     
__________________________________________________________________________________________________
conv2d_32 (Conv2D)              (None, 64, 48, 48)   36928       p_re_lu_16[0][0]                 
__________________________________________________________________________________________________
batch_normalization_31 (BatchNo (None, 64, 48, 48)   256         conv2d_32[0][0]                  
__________________________________________________________________________________________________
add_15 (Add)                    (None, 64, 48, 48)   0           add_14[0][0]                     
                                                                 batch_normalization_31[0][0]     
__________________________________________________________________________________________________
conv2d_33 (Conv2D)              (None, 64, 48, 48)   36928       add_15[0][0]                     
__________________________________________________________________________________________________
batch_normalization_32 (BatchNo (None, 64, 48, 48)   256         conv2d_33[0][0]                  
__________________________________________________________________________________________________
add_16 (Add)                    (None, 64, 48, 48)   0           p_re_lu[0][0]                    
                                                                 batch_normalization_32[0][0]     
__________________________________________________________________________________________________
conv2d_34 (Conv2D)              (None, 256, 48, 48)  147712      add_16[0][0]                     
__________________________________________________________________________________________________
lambda (Lambda)                 (None, 64, 96, 96)   0           conv2d_34[0][0]                  
__________________________________________________________________________________________________
leaky_re_lu (LeakyReLU)         (None, 64, 96, 96)   0           lambda[0][0]                     
__________________________________________________________________________________________________
conv2d_35 (Conv2D)              (None, 256, 96, 96)  147712      leaky_re_lu[0][0]                
__________________________________________________________________________________________________
lambda_1 (Lambda)               (None, 64, 192, 192) 0           conv2d_35[0][0]                  
__________________________________________________________________________________________________
leaky_re_lu_1 (LeakyReLU)       (None, 64, 192, 192) 0           lambda_1[0][0]                   
__________________________________________________________________________________________________
conv2d_36 (Conv2D)              (None, 1, 192, 192)  5185        leaky_re_lu_1[0][0]              
__________________________________________________________________________________________________
predic_01 (Conv2D)              (None, 128, 192, 192 3328        conv2d_36[0][0]                  
__________________________________________________________________________________________________
predic_02 (BatchNormalization)  (None, 128, 192, 192 512         predic_01[0][0]                  
__________________________________________________________________________________________________
predic_03 (MaxPooling2D)        (None, 128, 96, 96)  0           predic_02[0][0]                  
__________________________________________________________________________________________________
predic_04 (Conv2D)              (None, 256, 96, 96)  295168      predic_03[0][0]                  
__________________________________________________________________________________________________
predic_05 (BatchNormalization)  (None, 256, 96, 96)  1024        predic_04[0][0]                  
__________________________________________________________________________________________________
predic_06 (MaxPooling2D)        (None, 256, 48, 48)  0           predic_05[0][0]                  
__________________________________________________________________________________________________
predic_07 (Conv2D)              (None, 256, 48, 48)  590080      predic_06[0][0]                  
__________________________________________________________________________________________________
predic_08 (BatchNormalization)  (None, 256, 48, 48)  1024        predic_07[0][0]                  
__________________________________________________________________________________________________
predic_09 (MaxPooling2D)        (None, 256, 24, 24)  0           predic_08[0][0]                  
__________________________________________________________________________________________________
predic_10 (Conv2D)              (None, 512, 24, 24)  1180160     predic_09[0][0]                  
__________________________________________________________________________________________________
predic_11 (BatchNormalization)  (None, 512, 24, 24)  2048        predic_10[0][0]                  
__________________________________________________________________________________________________
predic_12 (MaxPooling2D)        (None, 512, 12, 12)  0           predic_11[0][0]                  
__________________________________________________________________________________________________
predic_13 (Conv2D)              (None, 512, 12, 12)  2359808     predic_12[0][0]                  
__________________________________________________________________________________________________
predic_14 (BatchNormalization)  (None, 512, 12, 12)  2048        predic_13[0][0]                  
__________________________________________________________________________________________________
predic_15 (Conv2D)              (None, 64, 12, 12)   294976      predic_14[0][0]                  
==================================================================================================
Total params: 6,264,193
Trainable params: 4,726,848
Non-trainable params: 1,537,345
__________________________________________________________________________________________________
None
2021-02-08 19:22:58.444533: I tensorflow/core/kernels/data/shuffle_dataset_op.cc:172] Filling up shuffle buffer (this may take a while): 3972 of 4200
2021-02-08 19:22:58.922068: I tensorflow/core/kernels/data/shuffle_dataset_op.cc:221] Shuffle buffer filled.
2021-02-08 19:23:03.987442: I tensorflow/stream_executor/platform/default/dso_loader.cc:48] Successfully opened dynamic library libcudnn.so.7
2021-02-08 19:23:07.656578: I tensorflow/stream_executor/platform/default/dso_loader.cc:48] Successfully opened dynamic library libcublas.so.10
2021-02-08 19:28:18.770419: I tensorflow/core/kernels/data/shuffle_dataset_op.cc:172] Filling up shuffle buffer (this may take a while): 3014 of 4200
2021-02-08 19:28:22.449626: I tensorflow/core/kernels/data/shuffle_dataset_op.cc:221] Shuffle buffer filled.
Epoch 0001/0030, loss: 6.6738104820251465, val_loss: 2.2087502479553223, elapsed time from start: 396.482403755188
Epoch 0002/0030, loss: 0.9624316096305847, val_loss: 0.3117576539516449, elapsed time from start: 753.3539566993713
Epoch 0003/0030, loss: 0.14549706876277924, val_loss: 0.05874975398182869, elapsed time from start: 1106.9352741241455
Epoch 0004/0030, loss: 0.036583248525857925, val_loss: 0.024837488308548927, elapsed time from start: 1426.5254619121552
Epoch 0005/0030, loss: 0.02139975316822529, val_loss: 0.019810086116194725, elapsed time from start: 1744.7936527729034
Epoch 0006/0030, loss: 0.019265804439783096, val_loss: 0.019320501014590263, elapsed time from start: 2062.3245499134064
Epoch 0007/0030, loss: 0.0189690962433815, val_loss: 0.019313666969537735, elapsed time from start: 2380.9830832481384
Epoch 0008/0030, loss: 0.01890782080590725, val_loss: 0.019421856850385666, elapsed time from start: 2700.0646369457245
Epoch 0009/0030, loss: 0.018886763602495193, val_loss: 0.019498763605952263, elapsed time from start: 3017.5674653053284
Epoch 0010/0030, loss: 0.018865399062633514, val_loss: 0.0196978896856308, elapsed time from start: 3333.407301902771
Epoch 0011/0030, loss: 0.01885324902832508, val_loss: 0.0199107825756073, elapsed time from start: 3651.7811448574066
Epoch 0012/0030, loss: 0.018815306946635246, val_loss: 0.019834598526358604, elapsed time from start: 3969.9982368946075
Epoch 0013/0030, loss: 0.018757861107587814, val_loss: 0.020177345722913742, elapsed time from start: 4285.860466003418
Epoch 0014/0030, loss: 0.018700482323765755, val_loss: 0.0201826523989439, elapsed time from start: 4603.281055927277
Epoch 0015/0030, loss: 0.018639132380485535, val_loss: 0.020100554451346397, elapsed time from start: 4921.7841856479645
Epoch 0016/0030, loss: 0.01857149228453636, val_loss: 0.020214419811964035, elapsed time from start: 5241.529892683029
Epoch 0017/0030, loss: 0.018507370725274086, val_loss: 0.02029292657971382, elapsed time from start: 5560.503278970718
Epoch 0018/0030, loss: 0.018430257216095924, val_loss: 0.020444126799702644, elapsed time from start: 5879.52491402626
Epoch 0019/0030, loss: 0.018351679667830467, val_loss: 0.02048107609152794, elapsed time from start: 6199.461225986481
Epoch 0020/0030, loss: 0.018272338435053825, val_loss: 0.020495956763625145, elapsed time from start: 6518.877014398575
Epoch 0021/0030, loss: 0.018197743222117424, val_loss: 0.020655428990721703, elapsed time from start: 6836.839938163757
Epoch 0022/0030, loss: 0.01812550611793995, val_loss: 0.020647352561354637, elapsed time from start: 7156.929901361465
Epoch 0023/0030, loss: 0.01804526336491108, val_loss: 0.020729482173919678, elapsed time from start: 7476.66543674469
Epoch 0024/0030, loss: 0.017966080456972122, val_loss: 0.020814720541238785, elapsed time from start: 7793.512581348419
Epoch 0025/0030, loss: 0.01789691485464573, val_loss: 0.020838243886828423, elapsed time from start: 8111.631640195847
Epoch 0026/0030, loss: 0.017823489382863045, val_loss: 0.020862672477960587, elapsed time from start: 8431.895649909973
Epoch 0027/0030, loss: 0.01774919219315052, val_loss: 0.020930105820298195, elapsed time from start: 8751.220428943634
Epoch 0028/0030, loss: 0.017685044556856155, val_loss: 0.020993037149310112, elapsed time from start: 9069.901797056198
Epoch 0029/0030, loss: 0.017615092918276787, val_loss: 0.021077781915664673, elapsed time from start: 9389.161952495575
Epoch 0030/0030, loss: 0.017557760700583458, val_loss: 0.021042723208665848, elapsed time from start: 9709.93299794197
WARNING:tensorflow:From /home/alejandro/projects/urban-flows/.env/lib/python3.7/site-packages/tensorflow/python/training/tracking/tracking.py:111: Model.state_updates (from tensorflow.python.keras.engine.training) is deprecated and will be removed in a future version.
Instructions for updating:
This property should not be used in TensorFlow 2.0, as updates are applied automatically.
2021-02-08 22:04:31.796236: W tensorflow/python/util/util.cc:348] Sets are not currently considered sequences, but this may change in the future, so consider avoiding using them.
WARNING:tensorflow:From /home/alejandro/projects/urban-flows/.env/lib/python3.7/site-packages/tensorflow/python/training/tracking/tracking.py:111: Layer.updates (from tensorflow.python.keras.engine.base_layer) is deprecated and will be removed in a future version.
Instructions for updating:
This property should not be used in TensorFlow 2.0, as updates are applied automatically.
