2021-02-01 04:01:53.031225: I tensorflow/stream_executor/platform/default/dso_loader.cc:48] Successfully opened dynamic library libcudart.so.10.1
2021-02-01 04:02:03.671541: I tensorflow/stream_executor/platform/default/dso_loader.cc:48] Successfully opened dynamic library libcuda.so.1
2021-02-01 04:02:03.967259: I tensorflow/stream_executor/cuda/cuda_gpu_executor.cc:982] successful NUMA node read from SysFS had negative value (-1), but there must be at least one NUMA node, so returning NUMA node zero
2021-02-01 04:02:03.971108: I tensorflow/core/common_runtime/gpu/gpu_device.cc:1716] Found device 0 with properties: 
pciBusID: 0000:04:00.0 name: GeForce RTX 2080 Ti computeCapability: 7.5
coreClock: 1.545GHz coreCount: 68 deviceMemorySize: 10.76GiB deviceMemoryBandwidth: 573.69GiB/s
2021-02-01 04:02:03.971200: I tensorflow/stream_executor/platform/default/dso_loader.cc:48] Successfully opened dynamic library libcudart.so.10.1
2021-02-01 04:02:04.599241: I tensorflow/stream_executor/platform/default/dso_loader.cc:48] Successfully opened dynamic library libcublas.so.10
2021-02-01 04:02:04.840808: I tensorflow/stream_executor/platform/default/dso_loader.cc:48] Successfully opened dynamic library libcufft.so.10
2021-02-01 04:02:04.907587: I tensorflow/stream_executor/platform/default/dso_loader.cc:48] Successfully opened dynamic library libcurand.so.10
2021-02-01 04:02:05.445293: I tensorflow/stream_executor/platform/default/dso_loader.cc:48] Successfully opened dynamic library libcusolver.so.10
2021-02-01 04:02:05.491754: I tensorflow/stream_executor/platform/default/dso_loader.cc:48] Successfully opened dynamic library libcusparse.so.10
2021-02-01 04:02:06.599690: I tensorflow/stream_executor/platform/default/dso_loader.cc:48] Successfully opened dynamic library libcudnn.so.7
2021-02-01 04:02:06.599870: I tensorflow/stream_executor/cuda/cuda_gpu_executor.cc:982] successful NUMA node read from SysFS had negative value (-1), but there must be at least one NUMA node, so returning NUMA node zero
2021-02-01 04:02:06.602440: I tensorflow/stream_executor/cuda/cuda_gpu_executor.cc:982] successful NUMA node read from SysFS had negative value (-1), but there must be at least one NUMA node, so returning NUMA node zero
2021-02-01 04:02:06.603314: I tensorflow/core/common_runtime/gpu/gpu_device.cc:1858] Adding visible gpu devices: 0
Using TensorFlow version:  2.3.0 , GPU: 1
Using Keras version:  2.4.0
2021-02-01 04:02:06.866388: I tensorflow/core/platform/profile_utils/cpu_utils.cc:104] CPU Frequency: 2499835000 Hz
2021-02-01 04:02:06.868510: I tensorflow/compiler/xla/service/service.cc:168] XLA service 0x4cccdf0 initialized for platform Host (this does not guarantee that XLA will be used). Devices:
2021-02-01 04:02:06.868542: I tensorflow/compiler/xla/service/service.cc:176]   StreamExecutor device (0): Host, Default Version
2021-02-01 04:02:07.194155: I tensorflow/stream_executor/cuda/cuda_gpu_executor.cc:982] successful NUMA node read from SysFS had negative value (-1), but there must be at least one NUMA node, so returning NUMA node zero
2021-02-01 04:02:07.201615: I tensorflow/compiler/xla/service/service.cc:168] XLA service 0x4d39230 initialized for platform CUDA (this does not guarantee that XLA will be used). Devices:
2021-02-01 04:02:07.201647: I tensorflow/compiler/xla/service/service.cc:176]   StreamExecutor device (0): GeForce RTX 2080 Ti, Compute Capability 7.5
2021-02-01 04:02:07.201874: I tensorflow/stream_executor/cuda/cuda_gpu_executor.cc:982] successful NUMA node read from SysFS had negative value (-1), but there must be at least one NUMA node, so returning NUMA node zero
2021-02-01 04:02:07.202758: I tensorflow/core/common_runtime/gpu/gpu_device.cc:1716] Found device 0 with properties: 
pciBusID: 0000:04:00.0 name: GeForce RTX 2080 Ti computeCapability: 7.5
coreClock: 1.545GHz coreCount: 68 deviceMemorySize: 10.76GiB deviceMemoryBandwidth: 573.69GiB/s
2021-02-01 04:02:07.202797: I tensorflow/stream_executor/platform/default/dso_loader.cc:48] Successfully opened dynamic library libcudart.so.10.1
2021-02-01 04:02:07.202827: I tensorflow/stream_executor/platform/default/dso_loader.cc:48] Successfully opened dynamic library libcublas.so.10
2021-02-01 04:02:07.202858: I tensorflow/stream_executor/platform/default/dso_loader.cc:48] Successfully opened dynamic library libcufft.so.10
2021-02-01 04:02:07.202879: I tensorflow/stream_executor/platform/default/dso_loader.cc:48] Successfully opened dynamic library libcurand.so.10
2021-02-01 04:02:07.202899: I tensorflow/stream_executor/platform/default/dso_loader.cc:48] Successfully opened dynamic library libcusolver.so.10
2021-02-01 04:02:07.202919: I tensorflow/stream_executor/platform/default/dso_loader.cc:48] Successfully opened dynamic library libcusparse.so.10
2021-02-01 04:02:07.202939: I tensorflow/stream_executor/platform/default/dso_loader.cc:48] Successfully opened dynamic library libcudnn.so.7
2021-02-01 04:02:07.203005: I tensorflow/stream_executor/cuda/cuda_gpu_executor.cc:982] successful NUMA node read from SysFS had negative value (-1), but there must be at least one NUMA node, so returning NUMA node zero
2021-02-01 04:02:07.203899: I tensorflow/stream_executor/cuda/cuda_gpu_executor.cc:982] successful NUMA node read from SysFS had negative value (-1), but there must be at least one NUMA node, so returning NUMA node zero
2021-02-01 04:02:07.204741: I tensorflow/core/common_runtime/gpu/gpu_device.cc:1858] Adding visible gpu devices: 0
2021-02-01 04:02:07.217268: I tensorflow/stream_executor/platform/default/dso_loader.cc:48] Successfully opened dynamic library libcudart.so.10.1
2021-02-01 04:02:12.556207: I tensorflow/core/common_runtime/gpu/gpu_device.cc:1257] Device interconnect StreamExecutor with strength 1 edge matrix:
2021-02-01 04:02:12.556275: I tensorflow/core/common_runtime/gpu/gpu_device.cc:1263]      0 
2021-02-01 04:02:12.556292: I tensorflow/core/common_runtime/gpu/gpu_device.cc:1276] 0:   N 
2021-02-01 04:02:12.678829: I tensorflow/stream_executor/cuda/cuda_gpu_executor.cc:982] successful NUMA node read from SysFS had negative value (-1), but there must be at least one NUMA node, so returning NUMA node zero
2021-02-01 04:02:12.679945: I tensorflow/stream_executor/cuda/cuda_gpu_executor.cc:982] successful NUMA node read from SysFS had negative value (-1), but there must be at least one NUMA node, so returning NUMA node zero
2021-02-01 04:02:12.682250: I tensorflow/core/common_runtime/gpu/gpu_device.cc:1402] Created TensorFlow device (/job:localhost/replica:0/task:0/device:GPU:0 with 10068 MB memory) -> physical GPU (device: 0, name: GeForce RTX 2080 Ti, pci bus id: 0000:04:00.0, compute capability: 7.5)
The inputs are normalized to have a unit Gaussian distribution
Model: "Generator"
__________________________________________________________________________________________________
Layer (type)                    Output Shape         Param #     Connected to                     
==================================================================================================
low-res-input (InputLayer)      [(None, 3, 12, 12)]  0                                            
__________________________________________________________________________________________________
conv2d (Conv2D)                 (None, 64, 12, 12)   15616       low-res-input[0][0]              
__________________________________________________________________________________________________
p_re_lu (PReLU)                 (None, 64, 12, 12)   64          conv2d[0][0]                     
__________________________________________________________________________________________________
conv2d_1 (Conv2D)               (None, 64, 12, 12)   36928       p_re_lu[0][0]                    
__________________________________________________________________________________________________
batch_normalization (BatchNorma (None, 64, 12, 12)   256         conv2d_1[0][0]                   
__________________________________________________________________________________________________
p_re_lu_1 (PReLU)               (None, 64, 12, 12)   64          batch_normalization[0][0]        
__________________________________________________________________________________________________
conv2d_2 (Conv2D)               (None, 64, 12, 12)   36928       p_re_lu_1[0][0]                  
__________________________________________________________________________________________________
batch_normalization_1 (BatchNor (None, 64, 12, 12)   256         conv2d_2[0][0]                   
__________________________________________________________________________________________________
add (Add)                       (None, 64, 12, 12)   0           p_re_lu[0][0]                    
                                                                 batch_normalization_1[0][0]      
__________________________________________________________________________________________________
conv2d_3 (Conv2D)               (None, 64, 12, 12)   36928       add[0][0]                        
__________________________________________________________________________________________________
batch_normalization_2 (BatchNor (None, 64, 12, 12)   256         conv2d_3[0][0]                   
__________________________________________________________________________________________________
p_re_lu_2 (PReLU)               (None, 64, 12, 12)   64          batch_normalization_2[0][0]      
__________________________________________________________________________________________________
conv2d_4 (Conv2D)               (None, 64, 12, 12)   36928       p_re_lu_2[0][0]                  
__________________________________________________________________________________________________
batch_normalization_3 (BatchNor (None, 64, 12, 12)   256         conv2d_4[0][0]                   
__________________________________________________________________________________________________
add_1 (Add)                     (None, 64, 12, 12)   0           add[0][0]                        
                                                                 batch_normalization_3[0][0]      
__________________________________________________________________________________________________
conv2d_5 (Conv2D)               (None, 64, 12, 12)   36928       add_1[0][0]                      
__________________________________________________________________________________________________
batch_normalization_4 (BatchNor (None, 64, 12, 12)   256         conv2d_5[0][0]                   
__________________________________________________________________________________________________
p_re_lu_3 (PReLU)               (None, 64, 12, 12)   64          batch_normalization_4[0][0]      
__________________________________________________________________________________________________
conv2d_6 (Conv2D)               (None, 64, 12, 12)   36928       p_re_lu_3[0][0]                  
__________________________________________________________________________________________________
batch_normalization_5 (BatchNor (None, 64, 12, 12)   256         conv2d_6[0][0]                   
__________________________________________________________________________________________________
add_2 (Add)                     (None, 64, 12, 12)   0           add_1[0][0]                      
                                                                 batch_normalization_5[0][0]      
__________________________________________________________________________________________________
conv2d_7 (Conv2D)               (None, 64, 12, 12)   36928       add_2[0][0]                      
__________________________________________________________________________________________________
batch_normalization_6 (BatchNor (None, 64, 12, 12)   256         conv2d_7[0][0]                   
__________________________________________________________________________________________________
p_re_lu_4 (PReLU)               (None, 64, 12, 12)   64          batch_normalization_6[0][0]      
__________________________________________________________________________________________________
conv2d_8 (Conv2D)               (None, 64, 12, 12)   36928       p_re_lu_4[0][0]                  
__________________________________________________________________________________________________
batch_normalization_7 (BatchNor (None, 64, 12, 12)   256         conv2d_8[0][0]                   
__________________________________________________________________________________________________
add_3 (Add)                     (None, 64, 12, 12)   0           add_2[0][0]                      
                                                                 batch_normalization_7[0][0]      
__________________________________________________________________________________________________
conv2d_9 (Conv2D)               (None, 64, 12, 12)   36928       add_3[0][0]                      
__________________________________________________________________________________________________
batch_normalization_8 (BatchNor (None, 64, 12, 12)   256         conv2d_9[0][0]                   
__________________________________________________________________________________________________
p_re_lu_5 (PReLU)               (None, 64, 12, 12)   64          batch_normalization_8[0][0]      
__________________________________________________________________________________________________
conv2d_10 (Conv2D)              (None, 64, 12, 12)   36928       p_re_lu_5[0][0]                  
__________________________________________________________________________________________________
batch_normalization_9 (BatchNor (None, 64, 12, 12)   256         conv2d_10[0][0]                  
__________________________________________________________________________________________________
add_4 (Add)                     (None, 64, 12, 12)   0           add_3[0][0]                      
                                                                 batch_normalization_9[0][0]      
__________________________________________________________________________________________________
conv2d_11 (Conv2D)              (None, 64, 12, 12)   36928       add_4[0][0]                      
__________________________________________________________________________________________________
batch_normalization_10 (BatchNo (None, 64, 12, 12)   256         conv2d_11[0][0]                  
__________________________________________________________________________________________________
p_re_lu_6 (PReLU)               (None, 64, 12, 12)   64          batch_normalization_10[0][0]     
__________________________________________________________________________________________________
conv2d_12 (Conv2D)              (None, 64, 12, 12)   36928       p_re_lu_6[0][0]                  
__________________________________________________________________________________________________
batch_normalization_11 (BatchNo (None, 64, 12, 12)   256         conv2d_12[0][0]                  
__________________________________________________________________________________________________
add_5 (Add)                     (None, 64, 12, 12)   0           add_4[0][0]                      
                                                                 batch_normalization_11[0][0]     
__________________________________________________________________________________________________
conv2d_13 (Conv2D)              (None, 64, 12, 12)   36928       add_5[0][0]                      
__________________________________________________________________________________________________
batch_normalization_12 (BatchNo (None, 64, 12, 12)   256         conv2d_13[0][0]                  
__________________________________________________________________________________________________
p_re_lu_7 (PReLU)               (None, 64, 12, 12)   64          batch_normalization_12[0][0]     
__________________________________________________________________________________________________
conv2d_14 (Conv2D)              (None, 64, 12, 12)   36928       p_re_lu_7[0][0]                  
__________________________________________________________________________________________________
batch_normalization_13 (BatchNo (None, 64, 12, 12)   256         conv2d_14[0][0]                  
__________________________________________________________________________________________________
add_6 (Add)                     (None, 64, 12, 12)   0           add_5[0][0]                      
                                                                 batch_normalization_13[0][0]     
__________________________________________________________________________________________________
conv2d_15 (Conv2D)              (None, 64, 12, 12)   36928       add_6[0][0]                      
__________________________________________________________________________________________________
batch_normalization_14 (BatchNo (None, 64, 12, 12)   256         conv2d_15[0][0]                  
__________________________________________________________________________________________________
p_re_lu_8 (PReLU)               (None, 64, 12, 12)   64          batch_normalization_14[0][0]     
__________________________________________________________________________________________________
conv2d_16 (Conv2D)              (None, 64, 12, 12)   36928       p_re_lu_8[0][0]                  
__________________________________________________________________________________________________
batch_normalization_15 (BatchNo (None, 64, 12, 12)   256         conv2d_16[0][0]                  
__________________________________________________________________________________________________
add_7 (Add)                     (None, 64, 12, 12)   0           add_6[0][0]                      
                                                                 batch_normalization_15[0][0]     
__________________________________________________________________________________________________
conv2d_17 (Conv2D)              (None, 64, 12, 12)   36928       add_7[0][0]                      
__________________________________________________________________________________________________
batch_normalization_16 (BatchNo (None, 64, 12, 12)   256         conv2d_17[0][0]                  
__________________________________________________________________________________________________
p_re_lu_9 (PReLU)               (None, 64, 12, 12)   64          batch_normalization_16[0][0]     
__________________________________________________________________________________________________
conv2d_18 (Conv2D)              (None, 64, 12, 12)   36928       p_re_lu_9[0][0]                  
__________________________________________________________________________________________________
batch_normalization_17 (BatchNo (None, 64, 12, 12)   256         conv2d_18[0][0]                  
__________________________________________________________________________________________________
add_8 (Add)                     (None, 64, 12, 12)   0           add_7[0][0]                      
                                                                 batch_normalization_17[0][0]     
__________________________________________________________________________________________________
conv2d_19 (Conv2D)              (None, 64, 12, 12)   36928       add_8[0][0]                      
__________________________________________________________________________________________________
batch_normalization_18 (BatchNo (None, 64, 12, 12)   256         conv2d_19[0][0]                  
__________________________________________________________________________________________________
p_re_lu_10 (PReLU)              (None, 64, 12, 12)   64          batch_normalization_18[0][0]     
__________________________________________________________________________________________________
conv2d_20 (Conv2D)              (None, 64, 12, 12)   36928       p_re_lu_10[0][0]                 
__________________________________________________________________________________________________
batch_normalization_19 (BatchNo (None, 64, 12, 12)   256         conv2d_20[0][0]                  
__________________________________________________________________________________________________
add_9 (Add)                     (None, 64, 12, 12)   0           add_8[0][0]                      
                                                                 batch_normalization_19[0][0]     
__________________________________________________________________________________________________
conv2d_21 (Conv2D)              (None, 64, 12, 12)   36928       add_9[0][0]                      
__________________________________________________________________________________________________
batch_normalization_20 (BatchNo (None, 64, 12, 12)   256         conv2d_21[0][0]                  
__________________________________________________________________________________________________
p_re_lu_11 (PReLU)              (None, 64, 12, 12)   64          batch_normalization_20[0][0]     
__________________________________________________________________________________________________
conv2d_22 (Conv2D)              (None, 64, 12, 12)   36928       p_re_lu_11[0][0]                 
__________________________________________________________________________________________________
batch_normalization_21 (BatchNo (None, 64, 12, 12)   256         conv2d_22[0][0]                  
__________________________________________________________________________________________________
add_10 (Add)                    (None, 64, 12, 12)   0           add_9[0][0]                      
                                                                 batch_normalization_21[0][0]     
__________________________________________________________________________________________________
conv2d_23 (Conv2D)              (None, 64, 12, 12)   36928       add_10[0][0]                     
__________________________________________________________________________________________________
batch_normalization_22 (BatchNo (None, 64, 12, 12)   256         conv2d_23[0][0]                  
__________________________________________________________________________________________________
p_re_lu_12 (PReLU)              (None, 64, 12, 12)   64          batch_normalization_22[0][0]     
__________________________________________________________________________________________________
conv2d_24 (Conv2D)              (None, 64, 12, 12)   36928       p_re_lu_12[0][0]                 
__________________________________________________________________________________________________
batch_normalization_23 (BatchNo (None, 64, 12, 12)   256         conv2d_24[0][0]                  
__________________________________________________________________________________________________
add_11 (Add)                    (None, 64, 12, 12)   0           add_10[0][0]                     
                                                                 batch_normalization_23[0][0]     
__________________________________________________________________________________________________
conv2d_25 (Conv2D)              (None, 64, 12, 12)   36928       add_11[0][0]                     
__________________________________________________________________________________________________
batch_normalization_24 (BatchNo (None, 64, 12, 12)   256         conv2d_25[0][0]                  
__________________________________________________________________________________________________
p_re_lu_13 (PReLU)              (None, 64, 12, 12)   64          batch_normalization_24[0][0]     
__________________________________________________________________________________________________
conv2d_26 (Conv2D)              (None, 64, 12, 12)   36928       p_re_lu_13[0][0]                 
__________________________________________________________________________________________________
batch_normalization_25 (BatchNo (None, 64, 12, 12)   256         conv2d_26[0][0]                  
__________________________________________________________________________________________________
add_12 (Add)                    (None, 64, 12, 12)   0           add_11[0][0]                     
                                                                 batch_normalization_25[0][0]     
__________________________________________________________________________________________________
conv2d_27 (Conv2D)              (None, 64, 12, 12)   36928       add_12[0][0]                     
__________________________________________________________________________________________________
batch_normalization_26 (BatchNo (None, 64, 12, 12)   256         conv2d_27[0][0]                  
__________________________________________________________________________________________________
p_re_lu_14 (PReLU)              (None, 64, 12, 12)   64          batch_normalization_26[0][0]     
__________________________________________________________________________________________________
conv2d_28 (Conv2D)              (None, 64, 12, 12)   36928       p_re_lu_14[0][0]                 
__________________________________________________________________________________________________
batch_normalization_27 (BatchNo (None, 64, 12, 12)   256         conv2d_28[0][0]                  
__________________________________________________________________________________________________
add_13 (Add)                    (None, 64, 12, 12)   0           add_12[0][0]                     
                                                                 batch_normalization_27[0][0]     
__________________________________________________________________________________________________
conv2d_29 (Conv2D)              (None, 64, 12, 12)   36928       add_13[0][0]                     
__________________________________________________________________________________________________
batch_normalization_28 (BatchNo (None, 64, 12, 12)   256         conv2d_29[0][0]                  
__________________________________________________________________________________________________
p_re_lu_15 (PReLU)              (None, 64, 12, 12)   64          batch_normalization_28[0][0]     
__________________________________________________________________________________________________
conv2d_30 (Conv2D)              (None, 64, 12, 12)   36928       p_re_lu_15[0][0]                 
__________________________________________________________________________________________________
batch_normalization_29 (BatchNo (None, 64, 12, 12)   256         conv2d_30[0][0]                  
__________________________________________________________________________________________________
add_14 (Add)                    (None, 64, 12, 12)   0           add_13[0][0]                     
                                                                 batch_normalization_29[0][0]     
__________________________________________________________________________________________________
conv2d_31 (Conv2D)              (None, 64, 12, 12)   36928       add_14[0][0]                     
__________________________________________________________________________________________________
batch_normalization_30 (BatchNo (None, 64, 12, 12)   256         conv2d_31[0][0]                  
__________________________________________________________________________________________________
p_re_lu_16 (PReLU)              (None, 64, 12, 12)   64          batch_normalization_30[0][0]     
__________________________________________________________________________________________________
conv2d_32 (Conv2D)              (None, 64, 12, 12)   36928       p_re_lu_16[0][0]                 
__________________________________________________________________________________________________
batch_normalization_31 (BatchNo (None, 64, 12, 12)   256         conv2d_32[0][0]                  
__________________________________________________________________________________________________
add_15 (Add)                    (None, 64, 12, 12)   0           add_14[0][0]                     
                                                                 batch_normalization_31[0][0]     
__________________________________________________________________________________________________
conv2d_33 (Conv2D)              (None, 64, 12, 12)   36928       add_15[0][0]                     
__________________________________________________________________________________________________
batch_normalization_32 (BatchNo (None, 64, 12, 12)   256         conv2d_33[0][0]                  
__________________________________________________________________________________________________
add_16 (Add)                    (None, 64, 12, 12)   0           p_re_lu[0][0]                    
                                                                 batch_normalization_32[0][0]     
__________________________________________________________________________________________________
conv2d_34 (Conv2D)              (None, 256, 12, 12)  147712      add_16[0][0]                     
__________________________________________________________________________________________________
lambda (Lambda)                 (None, 64, 24, 24)   0           conv2d_34[0][0]                  
__________________________________________________________________________________________________
leaky_re_lu (LeakyReLU)         (None, 64, 24, 24)   0           lambda[0][0]                     
__________________________________________________________________________________________________
conv2d_35 (Conv2D)              (None, 256, 24, 24)  147712      leaky_re_lu[0][0]                
__________________________________________________________________________________________________
lambda_1 (Lambda)               (None, 64, 48, 48)   0           conv2d_35[0][0]                  
__________________________________________________________________________________________________
leaky_re_lu_1 (LeakyReLU)       (None, 64, 48, 48)   0           lambda_1[0][0]                   
__________________________________________________________________________________________________
conv2d_36 (Conv2D)              (None, 256, 48, 48)  147712      leaky_re_lu_1[0][0]              
__________________________________________________________________________________________________
lambda_2 (Lambda)               (None, 64, 96, 96)   0           conv2d_36[0][0]                  
__________________________________________________________________________________________________
leaky_re_lu_2 (LeakyReLU)       (None, 64, 96, 96)   0           lambda_2[0][0]                   
__________________________________________________________________________________________________
conv2d_37 (Conv2D)              (None, 256, 96, 96)  147712      leaky_re_lu_2[0][0]              
__________________________________________________________________________________________________
lambda_3 (Lambda)               (None, 64, 192, 192) 0           conv2d_37[0][0]                  
__________________________________________________________________________________________________
leaky_re_lu_3 (LeakyReLU)       (None, 64, 192, 192) 0           lambda_3[0][0]                   
__________________________________________________________________________________________________
conv2d_38 (Conv2D)              (None, 3, 192, 192)  15555       leaky_re_lu_3[0][0]              
==================================================================================================
Total params: 1,850,179
Trainable params: 1,845,955
Non-trainable params: 4,224
__________________________________________________________________________________________________
None
Model: "Discriminator"
_________________________________________________________________
Layer (type)                 Output Shape              Param #   
=================================================================
high-res-input (InputLayer)  [(None, 3, 192, 192)]     0         
_________________________________________________________________
conv2d_39 (Conv2D)           (None, 64, 192, 192)      1792      
_________________________________________________________________
leaky_re_lu_4 (LeakyReLU)    (None, 64, 192, 192)      0         
_________________________________________________________________
conv2d_40 (Conv2D)           (None, 64, 96, 96)        36928     
_________________________________________________________________
batch_normalization_33 (Batc (None, 64, 96, 96)        256       
_________________________________________________________________
leaky_re_lu_5 (LeakyReLU)    (None, 64, 96, 96)        0         
_________________________________________________________________
conv2d_41 (Conv2D)           (None, 128, 96, 96)       73856     
_________________________________________________________________
batch_normalization_34 (Batc (None, 128, 96, 96)       512       
_________________________________________________________________
leaky_re_lu_6 (LeakyReLU)    (None, 128, 96, 96)       0         
_________________________________________________________________
conv2d_42 (Conv2D)           (None, 128, 48, 48)       147584    
_________________________________________________________________
batch_normalization_35 (Batc (None, 128, 48, 48)       512       
_________________________________________________________________
leaky_re_lu_7 (LeakyReLU)    (None, 128, 48, 48)       0         
_________________________________________________________________
conv2d_43 (Conv2D)           (None, 256, 48, 48)       295168    
_________________________________________________________________
batch_normalization_36 (Batc (None, 256, 48, 48)       1024      
_________________________________________________________________
leaky_re_lu_8 (LeakyReLU)    (None, 256, 48, 48)       0         
_________________________________________________________________
conv2d_44 (Conv2D)           (None, 256, 24, 24)       590080    
_________________________________________________________________
batch_normalization_37 (Batc (None, 256, 24, 24)       1024      
_________________________________________________________________
leaky_re_lu_9 (LeakyReLU)    (None, 256, 24, 24)       0         
_________________________________________________________________
conv2d_45 (Conv2D)           (None, 512, 24, 24)       1180160   
_________________________________________________________________
batch_normalization_38 (Batc (None, 512, 24, 24)       2048      
_________________________________________________________________
leaky_re_lu_10 (LeakyReLU)   (None, 512, 24, 24)       0         
_________________________________________________________________
conv2d_46 (Conv2D)           (None, 512, 12, 12)       2359808   
_________________________________________________________________
batch_normalization_39 (Batc (None, 512, 12, 12)       2048      
_________________________________________________________________
leaky_re_lu_11 (LeakyReLU)   (None, 512, 12, 12)       0         
_________________________________________________________________
flatten (Flatten)            (None, 73728)             0         
_________________________________________________________________
dense (Dense)                (None, 1024)              75498496  
_________________________________________________________________
leaky_re_lu_12 (LeakyReLU)   (None, 1024)              0         
_________________________________________________________________
dense_1 (Dense)              (None, 1)                 1025      
_________________________________________________________________
activation (Activation)      (None, 1)                 0         
=================================================================
Total params: 80,192,321
Trainable params: 80,188,609
Non-trainable params: 3,712
_________________________________________________________________
None
Model: "functional_1"
_________________________________________________________________
Layer (type)                 Output Shape              Param #   
=================================================================
low-res-input (InputLayer)   [(None, 3, 12, 12)]       0         
_________________________________________________________________
Generator (Functional)       (None, 3, 192, 192)       1850179   
_________________________________________________________________
Discriminator (Functional)   (None, 1)                 80192321  
=================================================================
Total params: 82,042,500
Trainable params: 1,845,955
Non-trainable params: 80,196,545
_________________________________________________________________
None
2021-02-01 04:02:32.936865: I tensorflow/core/kernels/data/shuffle_dataset_op.cc:172] Filling up shuffle buffer (this may take a while): 1989 of 4200
2021-02-01 04:02:42.910020: I tensorflow/core/kernels/data/shuffle_dataset_op.cc:172] Filling up shuffle buffer (this may take a while): 4083 of 4200
2021-02-01 04:02:43.431497: I tensorflow/core/kernels/data/shuffle_dataset_op.cc:221] Shuffle buffer filled.
2021-02-01 04:02:44.607995: I tensorflow/stream_executor/platform/default/dso_loader.cc:48] Successfully opened dynamic library libcudnn.so.7
2021-02-01 04:02:52.306294: I tensorflow/stream_executor/platform/default/dso_loader.cc:48] Successfully opened dynamic library libcublas.so.10
2021-02-01 04:28:10.505469: I tensorflow/core/kernels/data/shuffle_dataset_op.cc:172] Filling up shuffle buffer (this may take a while): 1985 of 4200
2021-02-01 04:28:20.516018: I tensorflow/core/kernels/data/shuffle_dataset_op.cc:172] Filling up shuffle buffer (this may take a while): 4090 of 4200
2021-02-01 04:28:21.013865: I tensorflow/core/kernels/data/shuffle_dataset_op.cc:221] Shuffle buffer filled.
Epoch 0001/0020, gen_loss: 0.7309552431106567, disc_loss: 0.39348506927490234, val_gen_loss: 0.7098830938339233, val_disc_loss: 0.8709317445755005, elapsed time from start: 1831.6176612377167
2021-02-01 04:33:01.737026: I tensorflow/core/kernels/data/shuffle_dataset_op.cc:172] Filling up shuffle buffer (this may take a while): 2289 of 4200
2021-02-01 04:33:09.094806: I tensorflow/core/kernels/data/shuffle_dataset_op.cc:221] Shuffle buffer filled.
2021-02-01 04:58:47.532343: I tensorflow/core/kernels/data/shuffle_dataset_op.cc:172] Filling up shuffle buffer (this may take a while): 1985 of 4200
2021-02-01 04:58:57.532336: I tensorflow/core/kernels/data/shuffle_dataset_op.cc:172] Filling up shuffle buffer (this may take a while): 4086 of 4200
2021-02-01 04:58:58.049854: I tensorflow/core/kernels/data/shuffle_dataset_op.cc:221] Shuffle buffer filled.
Epoch 0002/0020, gen_loss: 0.7050599455833435, disc_loss: 0.3284986913204193, val_gen_loss: 0.7026433348655701, val_disc_loss: 0.5503739714622498, elapsed time from start: 3667.7492442131042
2021-02-01 05:03:37.846052: I tensorflow/core/kernels/data/shuffle_dataset_op.cc:172] Filling up shuffle buffer (this may take a while): 2438 of 4200
2021-02-01 05:03:43.125836: I tensorflow/core/kernels/data/shuffle_dataset_op.cc:221] Shuffle buffer filled.
2021-02-01 05:29:27.380391: I tensorflow/core/kernels/data/shuffle_dataset_op.cc:172] Filling up shuffle buffer (this may take a while): 1989 of 4200
2021-02-01 05:29:37.381089: I tensorflow/core/kernels/data/shuffle_dataset_op.cc:172] Filling up shuffle buffer (this may take a while): 4097 of 4200
2021-02-01 05:29:37.880352: I tensorflow/core/kernels/data/shuffle_dataset_op.cc:221] Shuffle buffer filled.
Epoch 0003/0020, gen_loss: 0.6976561546325684, disc_loss: 0.3278544247150421, val_gen_loss: 0.6966567635536194, val_disc_loss: 0.6115244626998901, elapsed time from start: 5506.706673145294
2021-02-01 05:34:16.799136: I tensorflow/core/kernels/data/shuffle_dataset_op.cc:172] Filling up shuffle buffer (this may take a while): 3448 of 4200
2021-02-01 05:34:18.892778: I tensorflow/core/kernels/data/shuffle_dataset_op.cc:221] Shuffle buffer filled.
2021-02-01 06:00:09.256195: I tensorflow/core/kernels/data/shuffle_dataset_op.cc:172] Filling up shuffle buffer (this may take a while): 1990 of 4200
2021-02-01 06:00:19.234662: I tensorflow/core/kernels/data/shuffle_dataset_op.cc:172] Filling up shuffle buffer (this may take a while): 4084 of 4200
2021-02-01 06:00:19.770882: I tensorflow/core/kernels/data/shuffle_dataset_op.cc:221] Shuffle buffer filled.
Epoch 0004/0020, gen_loss: 0.6896534562110901, disc_loss: 0.3264574706554413, val_gen_loss: 0.6917132139205933, val_disc_loss: 0.5526199340820312, elapsed time from start: 7351.1506180763245
2021-02-01 06:30:51.559520: I tensorflow/core/kernels/data/shuffle_dataset_op.cc:172] Filling up shuffle buffer (this may take a while): 1985 of 4200
2021-02-01 06:31:01.578585: I tensorflow/core/kernels/data/shuffle_dataset_op.cc:172] Filling up shuffle buffer (this may take a while): 4087 of 4200
2021-02-01 06:31:02.108336: I tensorflow/core/kernels/data/shuffle_dataset_op.cc:221] Shuffle buffer filled.
Epoch 0005/0020, gen_loss: 0.682957649230957, disc_loss: 0.32636839151382446, val_gen_loss: 0.6886886358261108, val_disc_loss: 0.6120761036872864, elapsed time from start: 9193.203914165497
2021-02-01 06:35:43.332210: I tensorflow/core/kernels/data/shuffle_dataset_op.cc:172] Filling up shuffle buffer (this may take a while): 3720 of 4200
2021-02-01 06:35:44.791049: I tensorflow/core/kernels/data/shuffle_dataset_op.cc:221] Shuffle buffer filled.
2021-02-01 07:01:34.631822: I tensorflow/core/kernels/data/shuffle_dataset_op.cc:172] Filling up shuffle buffer (this may take a while): 1985 of 4200
2021-02-01 07:01:44.609053: I tensorflow/core/kernels/data/shuffle_dataset_op.cc:172] Filling up shuffle buffer (this may take a while): 4084 of 4200
2021-02-01 07:01:45.129648: I tensorflow/core/kernels/data/shuffle_dataset_op.cc:221] Shuffle buffer filled.
Epoch 0006/0020, gen_loss: 0.678094744682312, disc_loss: 0.3262470066547394, val_gen_loss: 0.6875548362731934, val_disc_loss: 0.6457533836364746, elapsed time from start: 11035.988551139832
2021-02-01 07:06:26.076311: I tensorflow/core/kernels/data/shuffle_dataset_op.cc:172] Filling up shuffle buffer (this may take a while): 3738 of 4200
2021-02-01 07:06:27.406783: I tensorflow/core/kernels/data/shuffle_dataset_op.cc:221] Shuffle buffer filled.
2021-02-01 07:32:26.149190: I tensorflow/core/kernels/data/shuffle_dataset_op.cc:172] Filling up shuffle buffer (this may take a while): 1986 of 4200
2021-02-01 07:32:36.153620: I tensorflow/core/kernels/data/shuffle_dataset_op.cc:172] Filling up shuffle buffer (this may take a while): 4085 of 4200
2021-02-01 07:32:36.701790: I tensorflow/core/kernels/data/shuffle_dataset_op.cc:221] Shuffle buffer filled.
Epoch 0007/0020, gen_loss: 0.67389315366745, disc_loss: 0.32577741146087646, val_gen_loss: 0.6882491111755371, val_disc_loss: 0.6631331443786621, elapsed time from start: 12887.973560094833
2021-02-01 07:37:18.095325: I tensorflow/core/kernels/data/shuffle_dataset_op.cc:172] Filling up shuffle buffer (this may take a while): 4033 of 4200
2021-02-01 07:37:18.616535: I tensorflow/core/kernels/data/shuffle_dataset_op.cc:221] Shuffle buffer filled.
2021-02-01 08:03:12.362802: I tensorflow/core/kernels/data/shuffle_dataset_op.cc:172] Filling up shuffle buffer (this may take a while): 1985 of 4200
2021-02-01 08:03:22.352078: I tensorflow/core/kernels/data/shuffle_dataset_op.cc:172] Filling up shuffle buffer (this may take a while): 4088 of 4200
2021-02-01 08:03:22.870852: I tensorflow/core/kernels/data/shuffle_dataset_op.cc:221] Shuffle buffer filled.
Epoch 0008/0020, gen_loss: 0.6702084541320801, disc_loss: 0.32673534750938416, val_gen_loss: 0.6901264786720276, val_disc_loss: 0.6134905219078064, elapsed time from start: 14735.969098567963
2021-02-01 08:08:06.065025: I tensorflow/core/kernels/data/shuffle_dataset_op.cc:172] Filling up shuffle buffer (this may take a while): 3462 of 4200
2021-02-01 08:08:08.368276: I tensorflow/core/kernels/data/shuffle_dataset_op.cc:221] Shuffle buffer filled.
2021-02-01 08:34:12.489175: I tensorflow/core/kernels/data/shuffle_dataset_op.cc:172] Filling up shuffle buffer (this may take a while): 1988 of 4200
2021-02-01 08:34:22.486403: I tensorflow/core/kernels/data/shuffle_dataset_op.cc:172] Filling up shuffle buffer (this may take a while): 4088 of 4200
2021-02-01 08:34:23.006286: I tensorflow/core/kernels/data/shuffle_dataset_op.cc:221] Shuffle buffer filled.
Epoch 0009/0020, gen_loss: 0.6665735840797424, disc_loss: 0.32602667808532715, val_gen_loss: 0.6932485699653625, val_disc_loss: 0.6599615216255188, elapsed time from start: 16597.46143388748
2021-02-01 08:39:07.588192: I tensorflow/core/kernels/data/shuffle_dataset_op.cc:172] Filling up shuffle buffer (this may take a while): 4072 of 4200
2021-02-01 08:39:07.883385: I tensorflow/core/kernels/data/shuffle_dataset_op.cc:221] Shuffle buffer filled.
2021-02-01 09:05:10.683313: I tensorflow/core/kernels/data/shuffle_dataset_op.cc:172] Filling up shuffle buffer (this may take a while): 1986 of 4200
2021-02-01 09:05:20.641138: I tensorflow/core/kernels/data/shuffle_dataset_op.cc:172] Filling up shuffle buffer (this may take a while): 4081 of 4200
2021-02-01 09:05:21.170432: I tensorflow/core/kernels/data/shuffle_dataset_op.cc:221] Shuffle buffer filled.
Epoch 0010/0020, gen_loss: 0.6630725860595703, disc_loss: 0.32628506422042847, val_gen_loss: 0.6932738423347473, val_disc_loss: 0.7135547399520874, elapsed time from start: 18454.637499332428
2021-02-01 09:10:04.736724: I tensorflow/core/kernels/data/shuffle_dataset_op.cc:172] Filling up shuffle buffer (this may take a while): 3572 of 4200
2021-02-01 09:10:06.416251: I tensorflow/core/kernels/data/shuffle_dataset_op.cc:221] Shuffle buffer filled.
2021-02-01 09:36:18.411407: I tensorflow/core/kernels/data/shuffle_dataset_op.cc:172] Filling up shuffle buffer (this may take a while): 1987 of 4200
2021-02-01 09:36:28.392721: I tensorflow/core/kernels/data/shuffle_dataset_op.cc:172] Filling up shuffle buffer (this may take a while): 4081 of 4200
2021-02-01 09:36:28.944051: I tensorflow/core/kernels/data/shuffle_dataset_op.cc:221] Shuffle buffer filled.
Epoch 0011/0020, gen_loss: 0.6596031785011292, disc_loss: 0.3259678781032562, val_gen_loss: 0.6943963170051575, val_disc_loss: 0.6647335290908813, elapsed time from start: 20323.073861837387
2021-02-01 10:07:14.645754: I tensorflow/core/kernels/data/shuffle_dataset_op.cc:172] Filling up shuffle buffer (this may take a while): 1985 of 4200
2021-02-01 10:07:24.635370: I tensorflow/core/kernels/data/shuffle_dataset_op.cc:172] Filling up shuffle buffer (this may take a while): 4065 of 4200
2021-02-01 10:07:25.251290: I tensorflow/core/kernels/data/shuffle_dataset_op.cc:221] Shuffle buffer filled.
Epoch 0012/0020, gen_loss: 0.6562124490737915, disc_loss: 0.32613739371299744, val_gen_loss: 0.696375846862793, val_disc_loss: 0.7319760918617249, elapsed time from start: 22178.787331581116
2021-02-01 10:12:08.898139: I tensorflow/core/kernels/data/shuffle_dataset_op.cc:172] Filling up shuffle buffer (this may take a while): 3504 of 4200
2021-02-01 10:12:10.484082: I tensorflow/core/kernels/data/shuffle_dataset_op.cc:221] Shuffle buffer filled.
2021-02-01 10:38:18.618474: I tensorflow/core/kernels/data/shuffle_dataset_op.cc:172] Filling up shuffle buffer (this may take a while): 1985 of 4200
2021-02-01 10:38:28.649209: I tensorflow/core/kernels/data/shuffle_dataset_op.cc:172] Filling up shuffle buffer (this may take a while): 4081 of 4200
2021-02-01 10:38:29.171055: I tensorflow/core/kernels/data/shuffle_dataset_op.cc:221] Shuffle buffer filled.
Epoch 0013/0020, gen_loss: 0.6530143022537231, disc_loss: 0.3260463774204254, val_gen_loss: 0.7003411650657654, val_disc_loss: 0.6872803568840027, elapsed time from start: 24052.66557240486
2021-02-01 11:09:30.695130: I tensorflow/core/kernels/data/shuffle_dataset_op.cc:172] Filling up shuffle buffer (this may take a while): 1989 of 4200
2021-02-01 11:09:40.703028: I tensorflow/core/kernels/data/shuffle_dataset_op.cc:172] Filling up shuffle buffer (this may take a while): 4097 of 4200
2021-02-01 11:09:41.169492: I tensorflow/core/kernels/data/shuffle_dataset_op.cc:221] Shuffle buffer filled.
Epoch 0014/0020, gen_loss: 0.6498207449913025, disc_loss: 0.32631343603134155, val_gen_loss: 0.700437605381012, val_disc_loss: 0.6576552391052246, elapsed time from start: 25916.019457817078
2021-02-01 11:14:26.151475: I tensorflow/core/kernels/data/shuffle_dataset_op.cc:172] Filling up shuffle buffer (this may take a while): 3616 of 4200
2021-02-01 11:14:27.617612: I tensorflow/core/kernels/data/shuffle_dataset_op.cc:221] Shuffle buffer filled.
2021-02-01 11:40:38.415697: I tensorflow/core/kernels/data/shuffle_dataset_op.cc:172] Filling up shuffle buffer (this may take a while): 1986 of 4200
2021-02-01 11:40:48.386156: I tensorflow/core/kernels/data/shuffle_dataset_op.cc:172] Filling up shuffle buffer (this may take a while): 4081 of 4200
2021-02-01 11:40:48.934513: I tensorflow/core/kernels/data/shuffle_dataset_op.cc:221] Shuffle buffer filled.
Epoch 0015/0020, gen_loss: 0.6469092965126038, disc_loss: 0.3259131610393524, val_gen_loss: 0.703557550907135, val_disc_loss: 0.5943374633789062, elapsed time from start: 27782.186063051224
2021-02-01 11:45:32.366577: I tensorflow/core/kernels/data/shuffle_dataset_op.cc:172] Filling up shuffle buffer (this may take a while): 3149 of 4200
2021-02-01 11:45:36.043790: I tensorflow/core/kernels/data/shuffle_dataset_op.cc:221] Shuffle buffer filled.
2021-02-01 12:11:45.395125: I tensorflow/core/kernels/data/shuffle_dataset_op.cc:172] Filling up shuffle buffer (this may take a while): 1987 of 4200
2021-02-01 12:11:55.401712: I tensorflow/core/kernels/data/shuffle_dataset_op.cc:172] Filling up shuffle buffer (this may take a while): 4086 of 4200
2021-02-01 12:11:55.947137: I tensorflow/core/kernels/data/shuffle_dataset_op.cc:221] Shuffle buffer filled.
Epoch 0016/0020, gen_loss: 0.6439905762672424, disc_loss: 0.32591280341148376, val_gen_loss: 0.7064797282218933, val_disc_loss: 0.5671752691268921, elapsed time from start: 29651.511189460754
2021-02-01 12:42:56.329019: I tensorflow/core/kernels/data/shuffle_dataset_op.cc:172] Filling up shuffle buffer (this may take a while): 1985 of 4200
2021-02-01 12:43:06.342846: I tensorflow/core/kernels/data/shuffle_dataset_op.cc:172] Filling up shuffle buffer (this may take a while): 4082 of 4200
2021-02-01 12:43:06.866920: I tensorflow/core/kernels/data/shuffle_dataset_op.cc:221] Shuffle buffer filled.
Epoch 0017/0020, gen_loss: 0.6413580775260925, disc_loss: 0.3264223337173462, val_gen_loss: 0.7071822285652161, val_disc_loss: 0.6360886096954346, elapsed time from start: 31523.43127155304
2021-02-01 12:47:53.543396: I tensorflow/core/kernels/data/shuffle_dataset_op.cc:172] Filling up shuffle buffer (this may take a while): 3230 of 4200
2021-02-01 12:47:57.244908: I tensorflow/core/kernels/data/shuffle_dataset_op.cc:221] Shuffle buffer filled.
2021-02-01 13:14:09.035549: I tensorflow/core/kernels/data/shuffle_dataset_op.cc:172] Filling up shuffle buffer (this may take a while): 1988 of 4200
2021-02-01 13:14:18.980801: I tensorflow/core/kernels/data/shuffle_dataset_op.cc:172] Filling up shuffle buffer (this may take a while): 4082 of 4200
2021-02-01 13:14:19.510222: I tensorflow/core/kernels/data/shuffle_dataset_op.cc:221] Shuffle buffer filled.
Epoch 0018/0020, gen_loss: 0.6387214064598083, disc_loss: 0.32566142082214355, val_gen_loss: 0.706479012966156, val_disc_loss: 0.6312789916992188, elapsed time from start: 33393.856073617935
2021-02-01 13:19:04.005613: I tensorflow/core/kernels/data/shuffle_dataset_op.cc:172] Filling up shuffle buffer (this may take a while): 3671 of 4200
2021-02-01 13:19:05.637114: I tensorflow/core/kernels/data/shuffle_dataset_op.cc:221] Shuffle buffer filled.
2021-02-01 13:45:24.442202: I tensorflow/core/kernels/data/shuffle_dataset_op.cc:172] Filling up shuffle buffer (this may take a while): 1986 of 4200
2021-02-01 13:45:34.481184: I tensorflow/core/kernels/data/shuffle_dataset_op.cc:172] Filling up shuffle buffer (this may take a while): 4099 of 4200
2021-02-01 13:45:34.943730: I tensorflow/core/kernels/data/shuffle_dataset_op.cc:221] Shuffle buffer filled.
Epoch 0019/0020, gen_loss: 0.6362566947937012, disc_loss: 0.32583099603652954, val_gen_loss: 0.7099462151527405, val_disc_loss: 0.618788480758667, elapsed time from start: 35271.9332587719
2021-02-01 13:50:22.104319: I tensorflow/core/kernels/data/shuffle_dataset_op.cc:172] Filling up shuffle buffer (this may take a while): 3356 of 4200
2021-02-01 13:50:24.531810: I tensorflow/core/kernels/data/shuffle_dataset_op.cc:221] Shuffle buffer filled.
2021-02-01 14:17:08.118111: I tensorflow/core/kernels/data/shuffle_dataset_op.cc:172] Filling up shuffle buffer (this may take a while): 1985 of 4200
2021-02-01 14:17:18.024071: I tensorflow/core/kernels/data/shuffle_dataset_op.cc:172] Filling up shuffle buffer (this may take a while): 4069 of 4200
2021-02-01 14:17:18.629634: I tensorflow/core/kernels/data/shuffle_dataset_op.cc:221] Shuffle buffer filled.
Epoch 0020/0020, gen_loss: 0.633935272693634, disc_loss: 0.3251199424266815, val_gen_loss: 0.711652398109436, val_disc_loss: 0.7054467797279358, elapsed time from start: 37234.7282435894
WARNING:tensorflow:From /home/alejandro/projects/urban-flows/.env/lib/python3.7/site-packages/tensorflow/python/training/tracking/tracking.py:111: Model.state_updates (from tensorflow.python.keras.engine.training) is deprecated and will be removed in a future version.
Instructions for updating:
This property should not be used in TensorFlow 2.0, as updates are applied automatically.
2021-02-01 14:23:03.682456: W tensorflow/python/util/util.cc:348] Sets are not currently considered sequences, but this may change in the future, so consider avoiding using them.
WARNING:tensorflow:From /home/alejandro/projects/urban-flows/.env/lib/python3.7/site-packages/tensorflow/python/training/tracking/tracking.py:111: Layer.updates (from tensorflow.python.keras.engine.base_layer) is deprecated and will be removed in a future version.
Instructions for updating:
This property should not be used in TensorFlow 2.0, as updates are applied automatically.
2021-02-01 14:23:26.729694: W tensorflow/core/framework/cpu_allocator_impl.cc:81] Allocation of 301989888 exceeds 10% of free system memory.
2021-02-01 14:23:27.092266: W tensorflow/core/framework/cpu_allocator_impl.cc:81] Allocation of 301989888 exceeds 10% of free system memory.
2021-02-01 14:23:27.406085: W tensorflow/core/framework/cpu_allocator_impl.cc:81] Allocation of 301989888 exceeds 10% of free system memory.
