2021-02-04 09:29:42.525177: I tensorflow/stream_executor/platform/default/dso_loader.cc:48] Successfully opened dynamic library libcudart.so.10.1
2021-02-04 09:29:54.733850: I tensorflow/stream_executor/platform/default/dso_loader.cc:48] Successfully opened dynamic library libcuda.so.1
2021-02-04 09:29:55.159722: I tensorflow/stream_executor/cuda/cuda_gpu_executor.cc:982] successful NUMA node read from SysFS had negative value (-1), but there must be at least one NUMA node, so returning NUMA node zero
2021-02-04 09:29:55.160787: I tensorflow/core/common_runtime/gpu/gpu_device.cc:1716] Found device 0 with properties: 
pciBusID: 0000:04:00.0 name: GeForce RTX 2080 Ti computeCapability: 7.5
coreClock: 1.545GHz coreCount: 68 deviceMemorySize: 10.76GiB deviceMemoryBandwidth: 573.69GiB/s
2021-02-04 09:29:55.160836: I tensorflow/stream_executor/platform/default/dso_loader.cc:48] Successfully opened dynamic library libcudart.so.10.1
2021-02-04 09:29:56.304321: I tensorflow/stream_executor/platform/default/dso_loader.cc:48] Successfully opened dynamic library libcublas.so.10
2021-02-04 09:29:56.621450: I tensorflow/stream_executor/platform/default/dso_loader.cc:48] Successfully opened dynamic library libcufft.so.10
2021-02-04 09:29:56.688082: I tensorflow/stream_executor/platform/default/dso_loader.cc:48] Successfully opened dynamic library libcurand.so.10
2021-02-04 09:29:57.237853: I tensorflow/stream_executor/platform/default/dso_loader.cc:48] Successfully opened dynamic library libcusolver.so.10
2021-02-04 09:29:57.284703: I tensorflow/stream_executor/platform/default/dso_loader.cc:48] Successfully opened dynamic library libcusparse.so.10
2021-02-04 09:29:58.404254: I tensorflow/stream_executor/platform/default/dso_loader.cc:48] Successfully opened dynamic library libcudnn.so.7
2021-02-04 09:29:58.404487: I tensorflow/stream_executor/cuda/cuda_gpu_executor.cc:982] successful NUMA node read from SysFS had negative value (-1), but there must be at least one NUMA node, so returning NUMA node zero
2021-02-04 09:29:58.405566: I tensorflow/stream_executor/cuda/cuda_gpu_executor.cc:982] successful NUMA node read from SysFS had negative value (-1), but there must be at least one NUMA node, so returning NUMA node zero
2021-02-04 09:29:58.406433: I tensorflow/core/common_runtime/gpu/gpu_device.cc:1858] Adding visible gpu devices: 0
Using TensorFlow version:  2.3.0 , GPU: 1
Using Keras version:  2.4.0
2021-02-04 09:29:58.730956: I tensorflow/core/platform/profile_utils/cpu_utils.cc:104] CPU Frequency: 2500070000 Hz
2021-02-04 09:29:58.732801: I tensorflow/compiler/xla/service/service.cc:168] XLA service 0x538c720 initialized for platform Host (this does not guarantee that XLA will be used). Devices:
2021-02-04 09:29:58.732850: I tensorflow/compiler/xla/service/service.cc:176]   StreamExecutor device (0): Host, Default Version
2021-02-04 09:29:59.088989: I tensorflow/stream_executor/cuda/cuda_gpu_executor.cc:982] successful NUMA node read from SysFS had negative value (-1), but there must be at least one NUMA node, so returning NUMA node zero
2021-02-04 09:29:59.091083: I tensorflow/compiler/xla/service/service.cc:168] XLA service 0x53f8b90 initialized for platform CUDA (this does not guarantee that XLA will be used). Devices:
2021-02-04 09:29:59.091111: I tensorflow/compiler/xla/service/service.cc:176]   StreamExecutor device (0): GeForce RTX 2080 Ti, Compute Capability 7.5
2021-02-04 09:29:59.107942: I tensorflow/stream_executor/cuda/cuda_gpu_executor.cc:982] successful NUMA node read from SysFS had negative value (-1), but there must be at least one NUMA node, so returning NUMA node zero
2021-02-04 09:29:59.108891: I tensorflow/core/common_runtime/gpu/gpu_device.cc:1716] Found device 0 with properties: 
pciBusID: 0000:04:00.0 name: GeForce RTX 2080 Ti computeCapability: 7.5
coreClock: 1.545GHz coreCount: 68 deviceMemorySize: 10.76GiB deviceMemoryBandwidth: 573.69GiB/s
2021-02-04 09:29:59.108937: I tensorflow/stream_executor/platform/default/dso_loader.cc:48] Successfully opened dynamic library libcudart.so.10.1
2021-02-04 09:29:59.108973: I tensorflow/stream_executor/platform/default/dso_loader.cc:48] Successfully opened dynamic library libcublas.so.10
2021-02-04 09:29:59.109007: I tensorflow/stream_executor/platform/default/dso_loader.cc:48] Successfully opened dynamic library libcufft.so.10
2021-02-04 09:29:59.109041: I tensorflow/stream_executor/platform/default/dso_loader.cc:48] Successfully opened dynamic library libcurand.so.10
2021-02-04 09:29:59.109099: I tensorflow/stream_executor/platform/default/dso_loader.cc:48] Successfully opened dynamic library libcusolver.so.10
2021-02-04 09:29:59.109125: I tensorflow/stream_executor/platform/default/dso_loader.cc:48] Successfully opened dynamic library libcusparse.so.10
2021-02-04 09:29:59.109146: I tensorflow/stream_executor/platform/default/dso_loader.cc:48] Successfully opened dynamic library libcudnn.so.7
2021-02-04 09:29:59.109220: I tensorflow/stream_executor/cuda/cuda_gpu_executor.cc:982] successful NUMA node read from SysFS had negative value (-1), but there must be at least one NUMA node, so returning NUMA node zero
2021-02-04 09:29:59.110102: I tensorflow/stream_executor/cuda/cuda_gpu_executor.cc:982] successful NUMA node read from SysFS had negative value (-1), but there must be at least one NUMA node, so returning NUMA node zero
2021-02-04 09:29:59.111007: I tensorflow/core/common_runtime/gpu/gpu_device.cc:1858] Adding visible gpu devices: 0
2021-02-04 09:29:59.117710: I tensorflow/stream_executor/platform/default/dso_loader.cc:48] Successfully opened dynamic library libcudart.so.10.1
2021-02-04 09:30:04.648405: I tensorflow/core/common_runtime/gpu/gpu_device.cc:1257] Device interconnect StreamExecutor with strength 1 edge matrix:
2021-02-04 09:30:04.648488: I tensorflow/core/common_runtime/gpu/gpu_device.cc:1263]      0 
2021-02-04 09:30:04.648502: I tensorflow/core/common_runtime/gpu/gpu_device.cc:1276] 0:   N 
2021-02-04 09:30:04.700101: I tensorflow/stream_executor/cuda/cuda_gpu_executor.cc:982] successful NUMA node read from SysFS had negative value (-1), but there must be at least one NUMA node, so returning NUMA node zero
2021-02-04 09:30:04.701160: I tensorflow/stream_executor/cuda/cuda_gpu_executor.cc:982] successful NUMA node read from SysFS had negative value (-1), but there must be at least one NUMA node, so returning NUMA node zero
2021-02-04 09:30:04.702073: I tensorflow/core/common_runtime/gpu/gpu_device.cc:1402] Created TensorFlow device (/job:localhost/replica:0/task:0/device:GPU:0 with 10068 MB memory) -> physical GPU (device: 0, name: GeForce RTX 2080 Ti, pci bus id: 0000:04:00.0, compute capability: 7.5)
The inputs are normalized to have a unit Gaussian distribution
Model: "CNN-POD"
__________________________________________________________________________________________________
Layer (type)                    Output Shape         Param #     Connected to                     
==================================================================================================
low-res-input (InputLayer)      [(None, 3, 12, 12)]  0                                            
__________________________________________________________________________________________________
conv2d (Conv2D)                 (None, 64, 12, 12)   15616       low-res-input[0][0]              
__________________________________________________________________________________________________
p_re_lu (PReLU)                 (None, 64, 12, 12)   64          conv2d[0][0]                     
__________________________________________________________________________________________________
conv2d_1 (Conv2D)               (None, 64, 12, 12)   36928       p_re_lu[0][0]                    
__________________________________________________________________________________________________
batch_normalization (BatchNorma (None, 64, 12, 12)   256         conv2d_1[0][0]                   
__________________________________________________________________________________________________
p_re_lu_1 (PReLU)               (None, 64, 12, 12)   64          batch_normalization[0][0]        
__________________________________________________________________________________________________
conv2d_2 (Conv2D)               (None, 64, 12, 12)   36928       p_re_lu_1[0][0]                  
__________________________________________________________________________________________________
batch_normalization_1 (BatchNor (None, 64, 12, 12)   256         conv2d_2[0][0]                   
__________________________________________________________________________________________________
add (Add)                       (None, 64, 12, 12)   0           p_re_lu[0][0]                    
                                                                 batch_normalization_1[0][0]      
__________________________________________________________________________________________________
conv2d_3 (Conv2D)               (None, 64, 12, 12)   36928       add[0][0]                        
__________________________________________________________________________________________________
batch_normalization_2 (BatchNor (None, 64, 12, 12)   256         conv2d_3[0][0]                   
__________________________________________________________________________________________________
p_re_lu_2 (PReLU)               (None, 64, 12, 12)   64          batch_normalization_2[0][0]      
__________________________________________________________________________________________________
conv2d_4 (Conv2D)               (None, 64, 12, 12)   36928       p_re_lu_2[0][0]                  
__________________________________________________________________________________________________
batch_normalization_3 (BatchNor (None, 64, 12, 12)   256         conv2d_4[0][0]                   
__________________________________________________________________________________________________
add_1 (Add)                     (None, 64, 12, 12)   0           add[0][0]                        
                                                                 batch_normalization_3[0][0]      
__________________________________________________________________________________________________
conv2d_5 (Conv2D)               (None, 64, 12, 12)   36928       add_1[0][0]                      
__________________________________________________________________________________________________
batch_normalization_4 (BatchNor (None, 64, 12, 12)   256         conv2d_5[0][0]                   
__________________________________________________________________________________________________
p_re_lu_3 (PReLU)               (None, 64, 12, 12)   64          batch_normalization_4[0][0]      
__________________________________________________________________________________________________
conv2d_6 (Conv2D)               (None, 64, 12, 12)   36928       p_re_lu_3[0][0]                  
__________________________________________________________________________________________________
batch_normalization_5 (BatchNor (None, 64, 12, 12)   256         conv2d_6[0][0]                   
__________________________________________________________________________________________________
add_2 (Add)                     (None, 64, 12, 12)   0           add_1[0][0]                      
                                                                 batch_normalization_5[0][0]      
__________________________________________________________________________________________________
conv2d_7 (Conv2D)               (None, 64, 12, 12)   36928       add_2[0][0]                      
__________________________________________________________________________________________________
batch_normalization_6 (BatchNor (None, 64, 12, 12)   256         conv2d_7[0][0]                   
__________________________________________________________________________________________________
p_re_lu_4 (PReLU)               (None, 64, 12, 12)   64          batch_normalization_6[0][0]      
__________________________________________________________________________________________________
conv2d_8 (Conv2D)               (None, 64, 12, 12)   36928       p_re_lu_4[0][0]                  
__________________________________________________________________________________________________
batch_normalization_7 (BatchNor (None, 64, 12, 12)   256         conv2d_8[0][0]                   
__________________________________________________________________________________________________
add_3 (Add)                     (None, 64, 12, 12)   0           add_2[0][0]                      
                                                                 batch_normalization_7[0][0]      
__________________________________________________________________________________________________
conv2d_9 (Conv2D)               (None, 64, 12, 12)   36928       add_3[0][0]                      
__________________________________________________________________________________________________
batch_normalization_8 (BatchNor (None, 64, 12, 12)   256         conv2d_9[0][0]                   
__________________________________________________________________________________________________
p_re_lu_5 (PReLU)               (None, 64, 12, 12)   64          batch_normalization_8[0][0]      
__________________________________________________________________________________________________
conv2d_10 (Conv2D)              (None, 64, 12, 12)   36928       p_re_lu_5[0][0]                  
__________________________________________________________________________________________________
batch_normalization_9 (BatchNor (None, 64, 12, 12)   256         conv2d_10[0][0]                  
__________________________________________________________________________________________________
add_4 (Add)                     (None, 64, 12, 12)   0           add_3[0][0]                      
                                                                 batch_normalization_9[0][0]      
__________________________________________________________________________________________________
conv2d_11 (Conv2D)              (None, 64, 12, 12)   36928       add_4[0][0]                      
__________________________________________________________________________________________________
batch_normalization_10 (BatchNo (None, 64, 12, 12)   256         conv2d_11[0][0]                  
__________________________________________________________________________________________________
p_re_lu_6 (PReLU)               (None, 64, 12, 12)   64          batch_normalization_10[0][0]     
__________________________________________________________________________________________________
conv2d_12 (Conv2D)              (None, 64, 12, 12)   36928       p_re_lu_6[0][0]                  
__________________________________________________________________________________________________
batch_normalization_11 (BatchNo (None, 64, 12, 12)   256         conv2d_12[0][0]                  
__________________________________________________________________________________________________
add_5 (Add)                     (None, 64, 12, 12)   0           add_4[0][0]                      
                                                                 batch_normalization_11[0][0]     
__________________________________________________________________________________________________
conv2d_13 (Conv2D)              (None, 64, 12, 12)   36928       add_5[0][0]                      
__________________________________________________________________________________________________
batch_normalization_12 (BatchNo (None, 64, 12, 12)   256         conv2d_13[0][0]                  
__________________________________________________________________________________________________
p_re_lu_7 (PReLU)               (None, 64, 12, 12)   64          batch_normalization_12[0][0]     
__________________________________________________________________________________________________
conv2d_14 (Conv2D)              (None, 64, 12, 12)   36928       p_re_lu_7[0][0]                  
__________________________________________________________________________________________________
batch_normalization_13 (BatchNo (None, 64, 12, 12)   256         conv2d_14[0][0]                  
__________________________________________________________________________________________________
add_6 (Add)                     (None, 64, 12, 12)   0           add_5[0][0]                      
                                                                 batch_normalization_13[0][0]     
__________________________________________________________________________________________________
conv2d_15 (Conv2D)              (None, 64, 12, 12)   36928       add_6[0][0]                      
__________________________________________________________________________________________________
batch_normalization_14 (BatchNo (None, 64, 12, 12)   256         conv2d_15[0][0]                  
__________________________________________________________________________________________________
p_re_lu_8 (PReLU)               (None, 64, 12, 12)   64          batch_normalization_14[0][0]     
__________________________________________________________________________________________________
conv2d_16 (Conv2D)              (None, 64, 12, 12)   36928       p_re_lu_8[0][0]                  
__________________________________________________________________________________________________
batch_normalization_15 (BatchNo (None, 64, 12, 12)   256         conv2d_16[0][0]                  
__________________________________________________________________________________________________
add_7 (Add)                     (None, 64, 12, 12)   0           add_6[0][0]                      
                                                                 batch_normalization_15[0][0]     
__________________________________________________________________________________________________
conv2d_17 (Conv2D)              (None, 64, 12, 12)   36928       add_7[0][0]                      
__________________________________________________________________________________________________
batch_normalization_16 (BatchNo (None, 64, 12, 12)   256         conv2d_17[0][0]                  
__________________________________________________________________________________________________
p_re_lu_9 (PReLU)               (None, 64, 12, 12)   64          batch_normalization_16[0][0]     
__________________________________________________________________________________________________
conv2d_18 (Conv2D)              (None, 64, 12, 12)   36928       p_re_lu_9[0][0]                  
__________________________________________________________________________________________________
batch_normalization_17 (BatchNo (None, 64, 12, 12)   256         conv2d_18[0][0]                  
__________________________________________________________________________________________________
add_8 (Add)                     (None, 64, 12, 12)   0           add_7[0][0]                      
                                                                 batch_normalization_17[0][0]     
__________________________________________________________________________________________________
conv2d_19 (Conv2D)              (None, 64, 12, 12)   36928       add_8[0][0]                      
__________________________________________________________________________________________________
batch_normalization_18 (BatchNo (None, 64, 12, 12)   256         conv2d_19[0][0]                  
__________________________________________________________________________________________________
p_re_lu_10 (PReLU)              (None, 64, 12, 12)   64          batch_normalization_18[0][0]     
__________________________________________________________________________________________________
conv2d_20 (Conv2D)              (None, 64, 12, 12)   36928       p_re_lu_10[0][0]                 
__________________________________________________________________________________________________
batch_normalization_19 (BatchNo (None, 64, 12, 12)   256         conv2d_20[0][0]                  
__________________________________________________________________________________________________
add_9 (Add)                     (None, 64, 12, 12)   0           add_8[0][0]                      
                                                                 batch_normalization_19[0][0]     
__________________________________________________________________________________________________
conv2d_21 (Conv2D)              (None, 64, 12, 12)   36928       add_9[0][0]                      
__________________________________________________________________________________________________
batch_normalization_20 (BatchNo (None, 64, 12, 12)   256         conv2d_21[0][0]                  
__________________________________________________________________________________________________
p_re_lu_11 (PReLU)              (None, 64, 12, 12)   64          batch_normalization_20[0][0]     
__________________________________________________________________________________________________
conv2d_22 (Conv2D)              (None, 64, 12, 12)   36928       p_re_lu_11[0][0]                 
__________________________________________________________________________________________________
batch_normalization_21 (BatchNo (None, 64, 12, 12)   256         conv2d_22[0][0]                  
__________________________________________________________________________________________________
add_10 (Add)                    (None, 64, 12, 12)   0           add_9[0][0]                      
                                                                 batch_normalization_21[0][0]     
__________________________________________________________________________________________________
conv2d_23 (Conv2D)              (None, 64, 12, 12)   36928       add_10[0][0]                     
__________________________________________________________________________________________________
batch_normalization_22 (BatchNo (None, 64, 12, 12)   256         conv2d_23[0][0]                  
__________________________________________________________________________________________________
p_re_lu_12 (PReLU)              (None, 64, 12, 12)   64          batch_normalization_22[0][0]     
__________________________________________________________________________________________________
conv2d_24 (Conv2D)              (None, 64, 12, 12)   36928       p_re_lu_12[0][0]                 
__________________________________________________________________________________________________
batch_normalization_23 (BatchNo (None, 64, 12, 12)   256         conv2d_24[0][0]                  
__________________________________________________________________________________________________
add_11 (Add)                    (None, 64, 12, 12)   0           add_10[0][0]                     
                                                                 batch_normalization_23[0][0]     
__________________________________________________________________________________________________
conv2d_25 (Conv2D)              (None, 64, 12, 12)   36928       add_11[0][0]                     
__________________________________________________________________________________________________
batch_normalization_24 (BatchNo (None, 64, 12, 12)   256         conv2d_25[0][0]                  
__________________________________________________________________________________________________
p_re_lu_13 (PReLU)              (None, 64, 12, 12)   64          batch_normalization_24[0][0]     
__________________________________________________________________________________________________
conv2d_26 (Conv2D)              (None, 64, 12, 12)   36928       p_re_lu_13[0][0]                 
__________________________________________________________________________________________________
batch_normalization_25 (BatchNo (None, 64, 12, 12)   256         conv2d_26[0][0]                  
__________________________________________________________________________________________________
add_12 (Add)                    (None, 64, 12, 12)   0           add_11[0][0]                     
                                                                 batch_normalization_25[0][0]     
__________________________________________________________________________________________________
conv2d_27 (Conv2D)              (None, 64, 12, 12)   36928       add_12[0][0]                     
__________________________________________________________________________________________________
batch_normalization_26 (BatchNo (None, 64, 12, 12)   256         conv2d_27[0][0]                  
__________________________________________________________________________________________________
p_re_lu_14 (PReLU)              (None, 64, 12, 12)   64          batch_normalization_26[0][0]     
__________________________________________________________________________________________________
conv2d_28 (Conv2D)              (None, 64, 12, 12)   36928       p_re_lu_14[0][0]                 
__________________________________________________________________________________________________
batch_normalization_27 (BatchNo (None, 64, 12, 12)   256         conv2d_28[0][0]                  
__________________________________________________________________________________________________
add_13 (Add)                    (None, 64, 12, 12)   0           add_12[0][0]                     
                                                                 batch_normalization_27[0][0]     
__________________________________________________________________________________________________
conv2d_29 (Conv2D)              (None, 64, 12, 12)   36928       add_13[0][0]                     
__________________________________________________________________________________________________
batch_normalization_28 (BatchNo (None, 64, 12, 12)   256         conv2d_29[0][0]                  
__________________________________________________________________________________________________
p_re_lu_15 (PReLU)              (None, 64, 12, 12)   64          batch_normalization_28[0][0]     
__________________________________________________________________________________________________
conv2d_30 (Conv2D)              (None, 64, 12, 12)   36928       p_re_lu_15[0][0]                 
__________________________________________________________________________________________________
batch_normalization_29 (BatchNo (None, 64, 12, 12)   256         conv2d_30[0][0]                  
__________________________________________________________________________________________________
add_14 (Add)                    (None, 64, 12, 12)   0           add_13[0][0]                     
                                                                 batch_normalization_29[0][0]     
__________________________________________________________________________________________________
conv2d_31 (Conv2D)              (None, 64, 12, 12)   36928       add_14[0][0]                     
__________________________________________________________________________________________________
batch_normalization_30 (BatchNo (None, 64, 12, 12)   256         conv2d_31[0][0]                  
__________________________________________________________________________________________________
p_re_lu_16 (PReLU)              (None, 64, 12, 12)   64          batch_normalization_30[0][0]     
__________________________________________________________________________________________________
conv2d_32 (Conv2D)              (None, 64, 12, 12)   36928       p_re_lu_16[0][0]                 
__________________________________________________________________________________________________
batch_normalization_31 (BatchNo (None, 64, 12, 12)   256         conv2d_32[0][0]                  
__________________________________________________________________________________________________
add_15 (Add)                    (None, 64, 12, 12)   0           add_14[0][0]                     
                                                                 batch_normalization_31[0][0]     
__________________________________________________________________________________________________
conv2d_33 (Conv2D)              (None, 64, 12, 12)   36928       add_15[0][0]                     
__________________________________________________________________________________________________
batch_normalization_32 (BatchNo (None, 64, 12, 12)   256         conv2d_33[0][0]                  
__________________________________________________________________________________________________
add_16 (Add)                    (None, 64, 12, 12)   0           p_re_lu[0][0]                    
                                                                 batch_normalization_32[0][0]     
__________________________________________________________________________________________________
conv2d_34 (Conv2D)              (None, 256, 12, 12)  147712      add_16[0][0]                     
__________________________________________________________________________________________________
lambda (Lambda)                 (None, 64, 24, 24)   0           conv2d_34[0][0]                  
__________________________________________________________________________________________________
leaky_re_lu (LeakyReLU)         (None, 64, 24, 24)   0           lambda[0][0]                     
__________________________________________________________________________________________________
conv2d_35 (Conv2D)              (None, 256, 24, 24)  147712      leaky_re_lu[0][0]                
__________________________________________________________________________________________________
lambda_1 (Lambda)               (None, 64, 48, 48)   0           conv2d_35[0][0]                  
__________________________________________________________________________________________________
leaky_re_lu_1 (LeakyReLU)       (None, 64, 48, 48)   0           lambda_1[0][0]                   
__________________________________________________________________________________________________
conv2d_36 (Conv2D)              (None, 256, 48, 48)  147712      leaky_re_lu_1[0][0]              
__________________________________________________________________________________________________
lambda_2 (Lambda)               (None, 64, 96, 96)   0           conv2d_36[0][0]                  
__________________________________________________________________________________________________
leaky_re_lu_2 (LeakyReLU)       (None, 64, 96, 96)   0           lambda_2[0][0]                   
__________________________________________________________________________________________________
conv2d_37 (Conv2D)              (None, 256, 96, 96)  147712      leaky_re_lu_2[0][0]              
__________________________________________________________________________________________________
lambda_3 (Lambda)               (None, 64, 192, 192) 0           conv2d_37[0][0]                  
__________________________________________________________________________________________________
leaky_re_lu_3 (LeakyReLU)       (None, 64, 192, 192) 0           lambda_3[0][0]                   
__________________________________________________________________________________________________
conv2d_38 (Conv2D)              (None, 3, 192, 192)  15555       leaky_re_lu_3[0][0]              
__________________________________________________________________________________________________
predic_01 (Conv2D)              (None, 128, 192, 192 9728        conv2d_38[0][0]                  
__________________________________________________________________________________________________
predic_02 (BatchNormalization)  (None, 128, 192, 192 512         predic_01[0][0]                  
__________________________________________________________________________________________________
predic_03 (MaxPooling2D)        (None, 128, 96, 96)  0           predic_02[0][0]                  
__________________________________________________________________________________________________
predic_04 (Conv2D)              (None, 256, 96, 96)  295168      predic_03[0][0]                  
__________________________________________________________________________________________________
predic_05 (BatchNormalization)  (None, 256, 96, 96)  1024        predic_04[0][0]                  
__________________________________________________________________________________________________
predic_06 (MaxPooling2D)        (None, 256, 48, 48)  0           predic_05[0][0]                  
__________________________________________________________________________________________________
predic_07 (Conv2D)              (None, 256, 48, 48)  590080      predic_06[0][0]                  
__________________________________________________________________________________________________
predic_08 (BatchNormalization)  (None, 256, 48, 48)  1024        predic_07[0][0]                  
__________________________________________________________________________________________________
predic_09 (MaxPooling2D)        (None, 256, 24, 24)  0           predic_08[0][0]                  
__________________________________________________________________________________________________
predic_10 (Conv2D)              (None, 512, 24, 24)  1180160     predic_09[0][0]                  
__________________________________________________________________________________________________
predic_11 (BatchNormalization)  (None, 512, 24, 24)  2048        predic_10[0][0]                  
__________________________________________________________________________________________________
predic_12 (MaxPooling2D)        (None, 512, 12, 12)  0           predic_11[0][0]                  
__________________________________________________________________________________________________
predic_13 (Conv2D)              (None, 512, 12, 12)  2359808     predic_12[0][0]                  
__________________________________________________________________________________________________
predic_14 (BatchNormalization)  (None, 512, 12, 12)  2048        predic_13[0][0]                  
__________________________________________________________________________________________________
predic_15 (Conv2D)              (None, 64, 12, 12)   294976      predic_14[0][0]                  
==================================================================================================
Total params: 6,586,755
Trainable params: 4,733,248
Non-trainable params: 1,853,507
__________________________________________________________________________________________________
None
2021-02-04 09:30:39.410672: I tensorflow/core/kernels/data/shuffle_dataset_op.cc:172] Filling up shuffle buffer (this may take a while): 1851 of 4200
2021-02-04 09:30:49.446003: I tensorflow/core/kernels/data/shuffle_dataset_op.cc:172] Filling up shuffle buffer (this may take a while): 3988 of 4200
2021-02-04 09:30:50.444498: I tensorflow/core/kernels/data/shuffle_dataset_op.cc:221] Shuffle buffer filled.
2021-02-04 09:30:55.396809: I tensorflow/stream_executor/platform/default/dso_loader.cc:48] Successfully opened dynamic library libcudnn.so.7
2021-02-04 09:31:03.817397: I tensorflow/stream_executor/platform/default/dso_loader.cc:48] Successfully opened dynamic library libcublas.so.10
2021-02-04 09:35:59.754136: I tensorflow/core/kernels/data/shuffle_dataset_op.cc:172] Filling up shuffle buffer (this may take a while): 1987 of 4200
2021-02-04 09:36:09.808962: I tensorflow/core/kernels/data/shuffle_dataset_op.cc:172] Filling up shuffle buffer (this may take a while): 4097 of 4200
2021-02-04 09:36:10.251491: I tensorflow/core/kernels/data/shuffle_dataset_op.cc:221] Shuffle buffer filled.
Epoch 0001/0030, loss: 6.66599178314209, val_loss: 2.2066805362701416, elapsed time from start: 401.5061745643616
2021-02-04 09:37:05.608447: I tensorflow/core/kernels/data/shuffle_dataset_op.cc:172] Filling up shuffle buffer (this may take a while): 3598 of 4200
2021-02-04 09:37:06.792731: I tensorflow/core/kernels/data/shuffle_dataset_op.cc:221] Shuffle buffer filled.
2021-02-04 09:42:02.415413: I tensorflow/core/kernels/data/shuffle_dataset_op.cc:172] Filling up shuffle buffer (this may take a while): 2001 of 4200
2021-02-04 09:42:12.301060: I tensorflow/core/kernels/data/shuffle_dataset_op.cc:172] Filling up shuffle buffer (this may take a while): 4098 of 4200
2021-02-04 09:42:12.754647: I tensorflow/core/kernels/data/shuffle_dataset_op.cc:221] Shuffle buffer filled.
Epoch 0002/0030, loss: 0.9615792632102966, val_loss: 0.31170883774757385, elapsed time from start: 762.8520917892456
Epoch 0003/0030, loss: 0.1453821063041687, val_loss: 0.05896333232522011, elapsed time from start: 1105.0248086452484
Epoch 0004/0030, loss: 0.03669523447751999, val_loss: 0.025414936244487762, elapsed time from start: 1440.6276359558105
Epoch 0005/0030, loss: 0.0217824038118124, val_loss: 0.02049107849597931, elapsed time from start: 1776.0227055549622
Epoch 0006/0030, loss: 0.019683649763464928, val_loss: 0.019945302978157997, elapsed time from start: 2111.261796236038
Epoch 0007/0030, loss: 0.019416887313127518, val_loss: 0.019880423322319984, elapsed time from start: 2446.7436339855194
Epoch 0008/0030, loss: 0.019373344257473946, val_loss: 0.01984124816954136, elapsed time from start: 2780.787939310074
Epoch 0009/0030, loss: 0.01936493068933487, val_loss: 0.01990211196243763, elapsed time from start: 3113.5362961292267
Epoch 0010/0030, loss: 0.01935763657093048, val_loss: 0.019858838990330696, elapsed time from start: 3444.2177617549896
Epoch 0011/0030, loss: 0.01935454085469246, val_loss: 0.01987539790570736, elapsed time from start: 3776.669457435608
Epoch 0012/0030, loss: 0.019343607127666473, val_loss: 0.019891010597348213, elapsed time from start: 4106.021125078201
Epoch 0013/0030, loss: 0.019331349059939384, val_loss: 0.01987556368112564, elapsed time from start: 4439.077461481094
Epoch 0014/0030, loss: 0.019321151077747345, val_loss: 0.019892603158950806, elapsed time from start: 4763.915905714035
Epoch 0015/0030, loss: 0.019311141222715378, val_loss: 0.01990496926009655, elapsed time from start: 5086.116353034973
Epoch 0016/0030, loss: 0.01930002123117447, val_loss: 0.0198798980563879, elapsed time from start: 5412.463949203491
2021-02-04 11:05:22.384412: I tensorflow/core/kernels/data/shuffle_dataset_op.cc:172] Filling up shuffle buffer (this may take a while): 1914 of 4200
2021-02-04 11:05:32.401024: I tensorflow/core/kernels/data/shuffle_dataset_op.cc:172] Filling up shuffle buffer (this may take a while): 4167 of 4200
2021-02-04 11:05:32.622173: I tensorflow/core/kernels/data/shuffle_dataset_op.cc:221] Shuffle buffer filled.
Epoch 0017/0030, loss: 0.01928793638944626, val_loss: 0.019915176555514336, elapsed time from start: 5769.348028421402
Epoch 0018/0030, loss: 0.019276529550552368, val_loss: 0.019919414073228836, elapsed time from start: 6099.774891376495
2021-02-04 11:16:48.250960: I tensorflow/core/kernels/data/shuffle_dataset_op.cc:172] Filling up shuffle buffer (this may take a while): 3700 of 4200
2021-02-04 11:16:49.372808: I tensorflow/core/kernels/data/shuffle_dataset_op.cc:221] Shuffle buffer filled.
Epoch 0019/0030, loss: 0.019269388169050217, val_loss: 0.019958581775426865, elapsed time from start: 6437.112854957581
Epoch 0020/0030, loss: 0.019255826249718666, val_loss: 0.019988127052783966, elapsed time from start: 6766.618745565414
Epoch 0021/0030, loss: 0.019245462492108345, val_loss: 0.019956640899181366, elapsed time from start: 7090.8934144973755
Epoch 0022/0030, loss: 0.019232524558901787, val_loss: 0.019976282492280006, elapsed time from start: 7414.229053735733
Epoch 0023/0030, loss: 0.019220881164073944, val_loss: 0.019957469776272774, elapsed time from start: 7738.198669672012
Epoch 0024/0030, loss: 0.019208727404475212, val_loss: 0.01995963230729103, elapsed time from start: 8061.340633869171
Epoch 0025/0030, loss: 0.019194286316633224, val_loss: 0.02006465196609497, elapsed time from start: 8382.423532485962
Epoch 0026/0030, loss: 0.019181478768587112, val_loss: 0.019994396716356277, elapsed time from start: 8709.811980009079
Epoch 0027/0030, loss: 0.01916658692061901, val_loss: 0.020075082778930664, elapsed time from start: 9031.760189771652
Epoch 0028/0030, loss: 0.019150957465171814, val_loss: 0.020112980157136917, elapsed time from start: 9357.684211730957
Epoch 0029/0030, loss: 0.01913570985198021, val_loss: 0.020142214372754097, elapsed time from start: 9680.155725240707
Epoch 0030/0030, loss: 0.019119737669825554, val_loss: 0.020093832165002823, elapsed time from start: 9999.482278585434
WARNING:tensorflow:From /home/alejandro/projects/urban-flows/.env/lib/python3.7/site-packages/tensorflow/python/training/tracking/tracking.py:111: Model.state_updates (from tensorflow.python.keras.engine.training) is deprecated and will be removed in a future version.
Instructions for updating:
This property should not be used in TensorFlow 2.0, as updates are applied automatically.
2021-02-04 12:17:23.565408: W tensorflow/python/util/util.cc:348] Sets are not currently considered sequences, but this may change in the future, so consider avoiding using them.
WARNING:tensorflow:From /home/alejandro/projects/urban-flows/.env/lib/python3.7/site-packages/tensorflow/python/training/tracking/tracking.py:111: Layer.updates (from tensorflow.python.keras.engine.base_layer) is deprecated and will be removed in a future version.
Instructions for updating:
This property should not be used in TensorFlow 2.0, as updates are applied automatically.
