2021-02-06 20:45:03.195025: I tensorflow/stream_executor/platform/default/dso_loader.cc:48] Successfully opened dynamic library libcudart.so.10.1
2021-02-06 20:45:08.433602: I tensorflow/stream_executor/platform/default/dso_loader.cc:48] Successfully opened dynamic library libcuda.so.1
2021-02-06 20:45:08.493938: I tensorflow/stream_executor/cuda/cuda_gpu_executor.cc:982] successful NUMA node read from SysFS had negative value (-1), but there must be at least one NUMA node, so returning NUMA node zero
2021-02-06 20:45:08.494971: I tensorflow/core/common_runtime/gpu/gpu_device.cc:1716] Found device 0 with properties: 
pciBusID: 0000:04:00.0 name: GeForce RTX 2080 Ti computeCapability: 7.5
coreClock: 1.545GHz coreCount: 68 deviceMemorySize: 10.76GiB deviceMemoryBandwidth: 573.69GiB/s
2021-02-06 20:45:08.495015: I tensorflow/stream_executor/platform/default/dso_loader.cc:48] Successfully opened dynamic library libcudart.so.10.1
2021-02-06 20:45:08.497394: I tensorflow/stream_executor/platform/default/dso_loader.cc:48] Successfully opened dynamic library libcublas.so.10
2021-02-06 20:45:08.499160: I tensorflow/stream_executor/platform/default/dso_loader.cc:48] Successfully opened dynamic library libcufft.so.10
2021-02-06 20:45:08.499514: I tensorflow/stream_executor/platform/default/dso_loader.cc:48] Successfully opened dynamic library libcurand.so.10
2021-02-06 20:45:08.501616: I tensorflow/stream_executor/platform/default/dso_loader.cc:48] Successfully opened dynamic library libcusolver.so.10
2021-02-06 20:45:08.502866: I tensorflow/stream_executor/platform/default/dso_loader.cc:48] Successfully opened dynamic library libcusparse.so.10
2021-02-06 20:45:08.507867: I tensorflow/stream_executor/platform/default/dso_loader.cc:48] Successfully opened dynamic library libcudnn.so.7
2021-02-06 20:45:08.508026: I tensorflow/stream_executor/cuda/cuda_gpu_executor.cc:982] successful NUMA node read from SysFS had negative value (-1), but there must be at least one NUMA node, so returning NUMA node zero
2021-02-06 20:45:08.509025: I tensorflow/stream_executor/cuda/cuda_gpu_executor.cc:982] successful NUMA node read from SysFS had negative value (-1), but there must be at least one NUMA node, so returning NUMA node zero
2021-02-06 20:45:08.509923: I tensorflow/core/common_runtime/gpu/gpu_device.cc:1858] Adding visible gpu devices: 0
Using TensorFlow version:  2.3.0 , GPU: 1
Using Keras version:  2.4.0
2021-02-06 20:45:08.635083: I tensorflow/core/platform/profile_utils/cpu_utils.cc:104] CPU Frequency: 2499980000 Hz
2021-02-06 20:45:08.636334: I tensorflow/compiler/xla/service/service.cc:168] XLA service 0x4fa62e0 initialized for platform Host (this does not guarantee that XLA will be used). Devices:
2021-02-06 20:45:08.636365: I tensorflow/compiler/xla/service/service.cc:176]   StreamExecutor device (0): Host, Default Version
2021-02-06 20:45:08.773258: I tensorflow/stream_executor/cuda/cuda_gpu_executor.cc:982] successful NUMA node read from SysFS had negative value (-1), but there must be at least one NUMA node, so returning NUMA node zero
2021-02-06 20:45:08.774283: I tensorflow/compiler/xla/service/service.cc:168] XLA service 0x5012720 initialized for platform CUDA (this does not guarantee that XLA will be used). Devices:
2021-02-06 20:45:08.774365: I tensorflow/compiler/xla/service/service.cc:176]   StreamExecutor device (0): GeForce RTX 2080 Ti, Compute Capability 7.5
2021-02-06 20:45:08.774708: I tensorflow/stream_executor/cuda/cuda_gpu_executor.cc:982] successful NUMA node read from SysFS had negative value (-1), but there must be at least one NUMA node, so returning NUMA node zero
2021-02-06 20:45:08.775630: I tensorflow/core/common_runtime/gpu/gpu_device.cc:1716] Found device 0 with properties: 
pciBusID: 0000:04:00.0 name: GeForce RTX 2080 Ti computeCapability: 7.5
coreClock: 1.545GHz coreCount: 68 deviceMemorySize: 10.76GiB deviceMemoryBandwidth: 573.69GiB/s
2021-02-06 20:45:08.775673: I tensorflow/stream_executor/platform/default/dso_loader.cc:48] Successfully opened dynamic library libcudart.so.10.1
2021-02-06 20:45:08.775710: I tensorflow/stream_executor/platform/default/dso_loader.cc:48] Successfully opened dynamic library libcublas.so.10
2021-02-06 20:45:08.775743: I tensorflow/stream_executor/platform/default/dso_loader.cc:48] Successfully opened dynamic library libcufft.so.10
2021-02-06 20:45:08.775765: I tensorflow/stream_executor/platform/default/dso_loader.cc:48] Successfully opened dynamic library libcurand.so.10
2021-02-06 20:45:08.775787: I tensorflow/stream_executor/platform/default/dso_loader.cc:48] Successfully opened dynamic library libcusolver.so.10
2021-02-06 20:45:08.775808: I tensorflow/stream_executor/platform/default/dso_loader.cc:48] Successfully opened dynamic library libcusparse.so.10
2021-02-06 20:45:08.775829: I tensorflow/stream_executor/platform/default/dso_loader.cc:48] Successfully opened dynamic library libcudnn.so.7
2021-02-06 20:45:08.775893: I tensorflow/stream_executor/cuda/cuda_gpu_executor.cc:982] successful NUMA node read from SysFS had negative value (-1), but there must be at least one NUMA node, so returning NUMA node zero
2021-02-06 20:45:08.776790: I tensorflow/stream_executor/cuda/cuda_gpu_executor.cc:982] successful NUMA node read from SysFS had negative value (-1), but there must be at least one NUMA node, so returning NUMA node zero
2021-02-06 20:45:08.777647: I tensorflow/core/common_runtime/gpu/gpu_device.cc:1858] Adding visible gpu devices: 0
2021-02-06 20:45:08.777687: I tensorflow/stream_executor/platform/default/dso_loader.cc:48] Successfully opened dynamic library libcudart.so.10.1
2021-02-06 20:45:09.710508: I tensorflow/core/common_runtime/gpu/gpu_device.cc:1257] Device interconnect StreamExecutor with strength 1 edge matrix:
2021-02-06 20:45:09.710574: I tensorflow/core/common_runtime/gpu/gpu_device.cc:1263]      0 
2021-02-06 20:45:09.710588: I tensorflow/core/common_runtime/gpu/gpu_device.cc:1276] 0:   N 
2021-02-06 20:45:09.711103: I tensorflow/stream_executor/cuda/cuda_gpu_executor.cc:982] successful NUMA node read from SysFS had negative value (-1), but there must be at least one NUMA node, so returning NUMA node zero
2021-02-06 20:45:09.712074: I tensorflow/stream_executor/cuda/cuda_gpu_executor.cc:982] successful NUMA node read from SysFS had negative value (-1), but there must be at least one NUMA node, so returning NUMA node zero
2021-02-06 20:45:09.712977: I tensorflow/core/common_runtime/gpu/gpu_device.cc:1402] Created TensorFlow device (/job:localhost/replica:0/task:0/device:GPU:0 with 10068 MB memory) -> physical GPU (device: 0, name: GeForce RTX 2080 Ti, pci bus id: 0000:04:00.0, compute capability: 7.5)
The inputs are normalized to have a unit Gaussian distribution
Model: "CNN-POD"
__________________________________________________________________________________________________
Layer (type)                    Output Shape         Param #     Connected to                     
==================================================================================================
low-res-input (InputLayer)      [(None, 1, 24, 24)]  0                                            
__________________________________________________________________________________________________
conv2d (Conv2D)                 (None, 64, 24, 24)   5248        low-res-input[0][0]              
__________________________________________________________________________________________________
p_re_lu (PReLU)                 (None, 64, 24, 24)   64          conv2d[0][0]                     
__________________________________________________________________________________________________
conv2d_1 (Conv2D)               (None, 64, 24, 24)   36928       p_re_lu[0][0]                    
__________________________________________________________________________________________________
batch_normalization (BatchNorma (None, 64, 24, 24)   256         conv2d_1[0][0]                   
__________________________________________________________________________________________________
p_re_lu_1 (PReLU)               (None, 64, 24, 24)   64          batch_normalization[0][0]        
__________________________________________________________________________________________________
conv2d_2 (Conv2D)               (None, 64, 24, 24)   36928       p_re_lu_1[0][0]                  
__________________________________________________________________________________________________
batch_normalization_1 (BatchNor (None, 64, 24, 24)   256         conv2d_2[0][0]                   
__________________________________________________________________________________________________
add (Add)                       (None, 64, 24, 24)   0           p_re_lu[0][0]                    
                                                                 batch_normalization_1[0][0]      
__________________________________________________________________________________________________
conv2d_3 (Conv2D)               (None, 64, 24, 24)   36928       add[0][0]                        
__________________________________________________________________________________________________
batch_normalization_2 (BatchNor (None, 64, 24, 24)   256         conv2d_3[0][0]                   
__________________________________________________________________________________________________
p_re_lu_2 (PReLU)               (None, 64, 24, 24)   64          batch_normalization_2[0][0]      
__________________________________________________________________________________________________
conv2d_4 (Conv2D)               (None, 64, 24, 24)   36928       p_re_lu_2[0][0]                  
__________________________________________________________________________________________________
batch_normalization_3 (BatchNor (None, 64, 24, 24)   256         conv2d_4[0][0]                   
__________________________________________________________________________________________________
add_1 (Add)                     (None, 64, 24, 24)   0           add[0][0]                        
                                                                 batch_normalization_3[0][0]      
__________________________________________________________________________________________________
conv2d_5 (Conv2D)               (None, 64, 24, 24)   36928       add_1[0][0]                      
__________________________________________________________________________________________________
batch_normalization_4 (BatchNor (None, 64, 24, 24)   256         conv2d_5[0][0]                   
__________________________________________________________________________________________________
p_re_lu_3 (PReLU)               (None, 64, 24, 24)   64          batch_normalization_4[0][0]      
__________________________________________________________________________________________________
conv2d_6 (Conv2D)               (None, 64, 24, 24)   36928       p_re_lu_3[0][0]                  
__________________________________________________________________________________________________
batch_normalization_5 (BatchNor (None, 64, 24, 24)   256         conv2d_6[0][0]                   
__________________________________________________________________________________________________
add_2 (Add)                     (None, 64, 24, 24)   0           add_1[0][0]                      
                                                                 batch_normalization_5[0][0]      
__________________________________________________________________________________________________
conv2d_7 (Conv2D)               (None, 64, 24, 24)   36928       add_2[0][0]                      
__________________________________________________________________________________________________
batch_normalization_6 (BatchNor (None, 64, 24, 24)   256         conv2d_7[0][0]                   
__________________________________________________________________________________________________
p_re_lu_4 (PReLU)               (None, 64, 24, 24)   64          batch_normalization_6[0][0]      
__________________________________________________________________________________________________
conv2d_8 (Conv2D)               (None, 64, 24, 24)   36928       p_re_lu_4[0][0]                  
__________________________________________________________________________________________________
batch_normalization_7 (BatchNor (None, 64, 24, 24)   256         conv2d_8[0][0]                   
__________________________________________________________________________________________________
add_3 (Add)                     (None, 64, 24, 24)   0           add_2[0][0]                      
                                                                 batch_normalization_7[0][0]      
__________________________________________________________________________________________________
conv2d_9 (Conv2D)               (None, 64, 24, 24)   36928       add_3[0][0]                      
__________________________________________________________________________________________________
batch_normalization_8 (BatchNor (None, 64, 24, 24)   256         conv2d_9[0][0]                   
__________________________________________________________________________________________________
p_re_lu_5 (PReLU)               (None, 64, 24, 24)   64          batch_normalization_8[0][0]      
__________________________________________________________________________________________________
conv2d_10 (Conv2D)              (None, 64, 24, 24)   36928       p_re_lu_5[0][0]                  
__________________________________________________________________________________________________
batch_normalization_9 (BatchNor (None, 64, 24, 24)   256         conv2d_10[0][0]                  
__________________________________________________________________________________________________
add_4 (Add)                     (None, 64, 24, 24)   0           add_3[0][0]                      
                                                                 batch_normalization_9[0][0]      
__________________________________________________________________________________________________
conv2d_11 (Conv2D)              (None, 64, 24, 24)   36928       add_4[0][0]                      
__________________________________________________________________________________________________
batch_normalization_10 (BatchNo (None, 64, 24, 24)   256         conv2d_11[0][0]                  
__________________________________________________________________________________________________
p_re_lu_6 (PReLU)               (None, 64, 24, 24)   64          batch_normalization_10[0][0]     
__________________________________________________________________________________________________
conv2d_12 (Conv2D)              (None, 64, 24, 24)   36928       p_re_lu_6[0][0]                  
__________________________________________________________________________________________________
batch_normalization_11 (BatchNo (None, 64, 24, 24)   256         conv2d_12[0][0]                  
__________________________________________________________________________________________________
add_5 (Add)                     (None, 64, 24, 24)   0           add_4[0][0]                      
                                                                 batch_normalization_11[0][0]     
__________________________________________________________________________________________________
conv2d_13 (Conv2D)              (None, 64, 24, 24)   36928       add_5[0][0]                      
__________________________________________________________________________________________________
batch_normalization_12 (BatchNo (None, 64, 24, 24)   256         conv2d_13[0][0]                  
__________________________________________________________________________________________________
p_re_lu_7 (PReLU)               (None, 64, 24, 24)   64          batch_normalization_12[0][0]     
__________________________________________________________________________________________________
conv2d_14 (Conv2D)              (None, 64, 24, 24)   36928       p_re_lu_7[0][0]                  
__________________________________________________________________________________________________
batch_normalization_13 (BatchNo (None, 64, 24, 24)   256         conv2d_14[0][0]                  
__________________________________________________________________________________________________
add_6 (Add)                     (None, 64, 24, 24)   0           add_5[0][0]                      
                                                                 batch_normalization_13[0][0]     
__________________________________________________________________________________________________
conv2d_15 (Conv2D)              (None, 64, 24, 24)   36928       add_6[0][0]                      
__________________________________________________________________________________________________
batch_normalization_14 (BatchNo (None, 64, 24, 24)   256         conv2d_15[0][0]                  
__________________________________________________________________________________________________
p_re_lu_8 (PReLU)               (None, 64, 24, 24)   64          batch_normalization_14[0][0]     
__________________________________________________________________________________________________
conv2d_16 (Conv2D)              (None, 64, 24, 24)   36928       p_re_lu_8[0][0]                  
__________________________________________________________________________________________________
batch_normalization_15 (BatchNo (None, 64, 24, 24)   256         conv2d_16[0][0]                  
__________________________________________________________________________________________________
add_7 (Add)                     (None, 64, 24, 24)   0           add_6[0][0]                      
                                                                 batch_normalization_15[0][0]     
__________________________________________________________________________________________________
conv2d_17 (Conv2D)              (None, 64, 24, 24)   36928       add_7[0][0]                      
__________________________________________________________________________________________________
batch_normalization_16 (BatchNo (None, 64, 24, 24)   256         conv2d_17[0][0]                  
__________________________________________________________________________________________________
p_re_lu_9 (PReLU)               (None, 64, 24, 24)   64          batch_normalization_16[0][0]     
__________________________________________________________________________________________________
conv2d_18 (Conv2D)              (None, 64, 24, 24)   36928       p_re_lu_9[0][0]                  
__________________________________________________________________________________________________
batch_normalization_17 (BatchNo (None, 64, 24, 24)   256         conv2d_18[0][0]                  
__________________________________________________________________________________________________
add_8 (Add)                     (None, 64, 24, 24)   0           add_7[0][0]                      
                                                                 batch_normalization_17[0][0]     
__________________________________________________________________________________________________
conv2d_19 (Conv2D)              (None, 64, 24, 24)   36928       add_8[0][0]                      
__________________________________________________________________________________________________
batch_normalization_18 (BatchNo (None, 64, 24, 24)   256         conv2d_19[0][0]                  
__________________________________________________________________________________________________
p_re_lu_10 (PReLU)              (None, 64, 24, 24)   64          batch_normalization_18[0][0]     
__________________________________________________________________________________________________
conv2d_20 (Conv2D)              (None, 64, 24, 24)   36928       p_re_lu_10[0][0]                 
__________________________________________________________________________________________________
batch_normalization_19 (BatchNo (None, 64, 24, 24)   256         conv2d_20[0][0]                  
__________________________________________________________________________________________________
add_9 (Add)                     (None, 64, 24, 24)   0           add_8[0][0]                      
                                                                 batch_normalization_19[0][0]     
__________________________________________________________________________________________________
conv2d_21 (Conv2D)              (None, 64, 24, 24)   36928       add_9[0][0]                      
__________________________________________________________________________________________________
batch_normalization_20 (BatchNo (None, 64, 24, 24)   256         conv2d_21[0][0]                  
__________________________________________________________________________________________________
p_re_lu_11 (PReLU)              (None, 64, 24, 24)   64          batch_normalization_20[0][0]     
__________________________________________________________________________________________________
conv2d_22 (Conv2D)              (None, 64, 24, 24)   36928       p_re_lu_11[0][0]                 
__________________________________________________________________________________________________
batch_normalization_21 (BatchNo (None, 64, 24, 24)   256         conv2d_22[0][0]                  
__________________________________________________________________________________________________
add_10 (Add)                    (None, 64, 24, 24)   0           add_9[0][0]                      
                                                                 batch_normalization_21[0][0]     
__________________________________________________________________________________________________
conv2d_23 (Conv2D)              (None, 64, 24, 24)   36928       add_10[0][0]                     
__________________________________________________________________________________________________
batch_normalization_22 (BatchNo (None, 64, 24, 24)   256         conv2d_23[0][0]                  
__________________________________________________________________________________________________
p_re_lu_12 (PReLU)              (None, 64, 24, 24)   64          batch_normalization_22[0][0]     
__________________________________________________________________________________________________
conv2d_24 (Conv2D)              (None, 64, 24, 24)   36928       p_re_lu_12[0][0]                 
__________________________________________________________________________________________________
batch_normalization_23 (BatchNo (None, 64, 24, 24)   256         conv2d_24[0][0]                  
__________________________________________________________________________________________________
add_11 (Add)                    (None, 64, 24, 24)   0           add_10[0][0]                     
                                                                 batch_normalization_23[0][0]     
__________________________________________________________________________________________________
conv2d_25 (Conv2D)              (None, 64, 24, 24)   36928       add_11[0][0]                     
__________________________________________________________________________________________________
batch_normalization_24 (BatchNo (None, 64, 24, 24)   256         conv2d_25[0][0]                  
__________________________________________________________________________________________________
p_re_lu_13 (PReLU)              (None, 64, 24, 24)   64          batch_normalization_24[0][0]     
__________________________________________________________________________________________________
conv2d_26 (Conv2D)              (None, 64, 24, 24)   36928       p_re_lu_13[0][0]                 
__________________________________________________________________________________________________
batch_normalization_25 (BatchNo (None, 64, 24, 24)   256         conv2d_26[0][0]                  
__________________________________________________________________________________________________
add_12 (Add)                    (None, 64, 24, 24)   0           add_11[0][0]                     
                                                                 batch_normalization_25[0][0]     
__________________________________________________________________________________________________
conv2d_27 (Conv2D)              (None, 64, 24, 24)   36928       add_12[0][0]                     
__________________________________________________________________________________________________
batch_normalization_26 (BatchNo (None, 64, 24, 24)   256         conv2d_27[0][0]                  
__________________________________________________________________________________________________
p_re_lu_14 (PReLU)              (None, 64, 24, 24)   64          batch_normalization_26[0][0]     
__________________________________________________________________________________________________
conv2d_28 (Conv2D)              (None, 64, 24, 24)   36928       p_re_lu_14[0][0]                 
__________________________________________________________________________________________________
batch_normalization_27 (BatchNo (None, 64, 24, 24)   256         conv2d_28[0][0]                  
__________________________________________________________________________________________________
add_13 (Add)                    (None, 64, 24, 24)   0           add_12[0][0]                     
                                                                 batch_normalization_27[0][0]     
__________________________________________________________________________________________________
conv2d_29 (Conv2D)              (None, 64, 24, 24)   36928       add_13[0][0]                     
__________________________________________________________________________________________________
batch_normalization_28 (BatchNo (None, 64, 24, 24)   256         conv2d_29[0][0]                  
__________________________________________________________________________________________________
p_re_lu_15 (PReLU)              (None, 64, 24, 24)   64          batch_normalization_28[0][0]     
__________________________________________________________________________________________________
conv2d_30 (Conv2D)              (None, 64, 24, 24)   36928       p_re_lu_15[0][0]                 
__________________________________________________________________________________________________
batch_normalization_29 (BatchNo (None, 64, 24, 24)   256         conv2d_30[0][0]                  
__________________________________________________________________________________________________
add_14 (Add)                    (None, 64, 24, 24)   0           add_13[0][0]                     
                                                                 batch_normalization_29[0][0]     
__________________________________________________________________________________________________
conv2d_31 (Conv2D)              (None, 64, 24, 24)   36928       add_14[0][0]                     
__________________________________________________________________________________________________
batch_normalization_30 (BatchNo (None, 64, 24, 24)   256         conv2d_31[0][0]                  
__________________________________________________________________________________________________
p_re_lu_16 (PReLU)              (None, 64, 24, 24)   64          batch_normalization_30[0][0]     
__________________________________________________________________________________________________
conv2d_32 (Conv2D)              (None, 64, 24, 24)   36928       p_re_lu_16[0][0]                 
__________________________________________________________________________________________________
batch_normalization_31 (BatchNo (None, 64, 24, 24)   256         conv2d_32[0][0]                  
__________________________________________________________________________________________________
add_15 (Add)                    (None, 64, 24, 24)   0           add_14[0][0]                     
                                                                 batch_normalization_31[0][0]     
__________________________________________________________________________________________________
conv2d_33 (Conv2D)              (None, 64, 24, 24)   36928       add_15[0][0]                     
__________________________________________________________________________________________________
batch_normalization_32 (BatchNo (None, 64, 24, 24)   256         conv2d_33[0][0]                  
__________________________________________________________________________________________________
add_16 (Add)                    (None, 64, 24, 24)   0           p_re_lu[0][0]                    
                                                                 batch_normalization_32[0][0]     
__________________________________________________________________________________________________
conv2d_34 (Conv2D)              (None, 256, 24, 24)  147712      add_16[0][0]                     
__________________________________________________________________________________________________
lambda (Lambda)                 (None, 64, 48, 48)   0           conv2d_34[0][0]                  
__________________________________________________________________________________________________
leaky_re_lu (LeakyReLU)         (None, 64, 48, 48)   0           lambda[0][0]                     
__________________________________________________________________________________________________
conv2d_35 (Conv2D)              (None, 256, 48, 48)  147712      leaky_re_lu[0][0]                
__________________________________________________________________________________________________
lambda_1 (Lambda)               (None, 64, 96, 96)   0           conv2d_35[0][0]                  
__________________________________________________________________________________________________
leaky_re_lu_1 (LeakyReLU)       (None, 64, 96, 96)   0           lambda_1[0][0]                   
__________________________________________________________________________________________________
conv2d_36 (Conv2D)              (None, 256, 96, 96)  147712      leaky_re_lu_1[0][0]              
__________________________________________________________________________________________________
lambda_2 (Lambda)               (None, 64, 192, 192) 0           conv2d_36[0][0]                  
__________________________________________________________________________________________________
leaky_re_lu_2 (LeakyReLU)       (None, 64, 192, 192) 0           lambda_2[0][0]                   
__________________________________________________________________________________________________
conv2d_37 (Conv2D)              (None, 1, 192, 192)  5185        leaky_re_lu_2[0][0]              
__________________________________________________________________________________________________
predic_01 (Conv2D)              (None, 128, 192, 192 3328        conv2d_37[0][0]                  
__________________________________________________________________________________________________
predic_02 (BatchNormalization)  (None, 128, 192, 192 512         predic_01[0][0]                  
__________________________________________________________________________________________________
predic_03 (MaxPooling2D)        (None, 128, 96, 96)  0           predic_02[0][0]                  
__________________________________________________________________________________________________
predic_04 (Conv2D)              (None, 256, 96, 96)  295168      predic_03[0][0]                  
__________________________________________________________________________________________________
predic_05 (BatchNormalization)  (None, 256, 96, 96)  1024        predic_04[0][0]                  
__________________________________________________________________________________________________
predic_06 (MaxPooling2D)        (None, 256, 48, 48)  0           predic_05[0][0]                  
__________________________________________________________________________________________________
predic_07 (Conv2D)              (None, 256, 48, 48)  590080      predic_06[0][0]                  
__________________________________________________________________________________________________
predic_08 (BatchNormalization)  (None, 256, 48, 48)  1024        predic_07[0][0]                  
__________________________________________________________________________________________________
predic_09 (MaxPooling2D)        (None, 256, 24, 24)  0           predic_08[0][0]                  
__________________________________________________________________________________________________
predic_10 (Conv2D)              (None, 512, 24, 24)  1180160     predic_09[0][0]                  
__________________________________________________________________________________________________
predic_11 (BatchNormalization)  (None, 512, 24, 24)  2048        predic_10[0][0]                  
__________________________________________________________________________________________________
predic_12 (MaxPooling2D)        (None, 512, 12, 12)  0           predic_11[0][0]                  
__________________________________________________________________________________________________
predic_13 (Conv2D)              (None, 512, 12, 12)  2359808     predic_12[0][0]                  
__________________________________________________________________________________________________
predic_14 (BatchNormalization)  (None, 512, 12, 12)  2048        predic_13[0][0]                  
__________________________________________________________________________________________________
predic_15 (Conv2D)              (None, 64, 12, 12)   294976      predic_14[0][0]                  
==================================================================================================
Total params: 6,411,905
Trainable params: 4,726,848
Non-trainable params: 1,685,057
__________________________________________________________________________________________________
None
2021-02-06 20:45:43.531538: I tensorflow/core/kernels/data/shuffle_dataset_op.cc:172] Filling up shuffle buffer (this may take a while): 1988 of 4200
2021-02-06 20:45:53.511944: I tensorflow/core/kernels/data/shuffle_dataset_op.cc:172] Filling up shuffle buffer (this may take a while): 4071 of 4200
2021-02-06 20:45:54.119216: I tensorflow/core/kernels/data/shuffle_dataset_op.cc:221] Shuffle buffer filled.
2021-02-06 20:45:58.595594: I tensorflow/stream_executor/platform/default/dso_loader.cc:48] Successfully opened dynamic library libcudnn.so.7
2021-02-06 20:46:01.336693: I tensorflow/stream_executor/platform/default/dso_loader.cc:48] Successfully opened dynamic library libcublas.so.10
2021-02-06 20:50:49.630810: I tensorflow/core/kernels/data/shuffle_dataset_op.cc:172] Filling up shuffle buffer (this may take a while): 1985 of 4200
2021-02-06 20:50:59.574742: I tensorflow/core/kernels/data/shuffle_dataset_op.cc:172] Filling up shuffle buffer (this may take a while): 4065 of 4200
2021-02-06 20:51:00.216561: I tensorflow/core/kernels/data/shuffle_dataset_op.cc:221] Shuffle buffer filled.
Epoch 0001/0030, loss: 6.690051555633545, val_loss: 2.2286782264709473, elapsed time from start: 386.9044795036316
Epoch 0002/0030, loss: 0.9799716472625732, val_loss: 0.3308938145637512, elapsed time from start: 721.4694037437439
Epoch 0003/0030, loss: 0.16062341630458832, val_loss: 0.07691941410303116, elapsed time from start: 1047.204395532608
Epoch 0004/0030, loss: 0.05086824297904968, val_loss: 0.043229471892118454, elapsed time from start: 1373.8560609817505
Epoch 0005/0030, loss: 0.03578682988882065, val_loss: 0.0385795496404171, elapsed time from start: 1699.2518005371094
Epoch 0006/0030, loss: 0.03335516154766083, val_loss: 0.037774428725242615, elapsed time from start: 2025.6047985553741
Epoch 0007/0030, loss: 0.033022504299879074, val_loss: 0.037933167070150375, elapsed time from start: 2351.837554693222
Epoch 0008/0030, loss: 0.03295435011386871, val_loss: 0.038002144545316696, elapsed time from start: 2679.2227623462677
Epoch 0009/0030, loss: 0.03292882442474365, val_loss: 0.03773821145296097, elapsed time from start: 3005.076277256012
Epoch 0010/0030, loss: 0.0329098142683506, val_loss: 0.037978678941726685, elapsed time from start: 3331.9756512641907
Epoch 0011/0030, loss: 0.03289929777383804, val_loss: 0.03793075308203697, elapsed time from start: 3659.87979388237
Epoch 0012/0030, loss: 0.03284412622451782, val_loss: 0.03777661547064781, elapsed time from start: 3987.506578207016
Epoch 0013/0030, loss: 0.03277664631605148, val_loss: 0.03796476870775223, elapsed time from start: 4314.528188943863
Epoch 0014/0030, loss: 0.03272172063589096, val_loss: 0.03780360519886017, elapsed time from start: 4642.272289991379
Epoch 0015/0030, loss: 0.032666731625795364, val_loss: 0.03782184422016144, elapsed time from start: 4970.124274253845
Epoch 0016/0030, loss: 0.03260580077767372, val_loss: 0.037804439663887024, elapsed time from start: 5298.243159532547
Epoch 0017/0030, loss: 0.032563939690589905, val_loss: 0.037673041224479675, elapsed time from start: 5626.115894317627
Epoch 0018/0030, loss: 0.03250735625624657, val_loss: 0.03804255276918411, elapsed time from start: 5952.175947904587
Epoch 0019/0030, loss: 0.03245079889893532, val_loss: 0.0381104052066803, elapsed time from start: 6279.352250814438
Epoch 0020/0030, loss: 0.03238964453339577, val_loss: 0.03818568214774132, elapsed time from start: 6608.103901147842
Epoch 0021/0030, loss: 0.032343849539756775, val_loss: 0.038085468113422394, elapsed time from start: 6935.2954914569855
Epoch 0022/0030, loss: 0.032288700342178345, val_loss: 0.03809544816613197, elapsed time from start: 7263.129593610764
Epoch 0023/0030, loss: 0.032235100865364075, val_loss: 0.03820868581533432, elapsed time from start: 7589.725834846497
Epoch 0024/0030, loss: 0.032176632434129715, val_loss: 0.038157928735017776, elapsed time from start: 7916.8800094127655
Epoch 0025/0030, loss: 0.0321209691464901, val_loss: 0.03832961618900299, elapsed time from start: 8241.957506895065
Epoch 0026/0030, loss: 0.03206353262066841, val_loss: 0.038351234048604965, elapsed time from start: 8569.184520244598
Epoch 0027/0030, loss: 0.03199911117553711, val_loss: 0.03833503648638725, elapsed time from start: 8897.414706707
Epoch 0028/0030, loss: 0.03194451704621315, val_loss: 0.03835250437259674, elapsed time from start: 9226.622254610062
Epoch 0029/0030, loss: 0.03188125044107437, val_loss: 0.03845047578215599, elapsed time from start: 9555.806360006332
Epoch 0030/0030, loss: 0.03182777389883995, val_loss: 0.038473132997751236, elapsed time from start: 9885.431539535522
WARNING:tensorflow:From /home/alejandro/projects/urban-flows/.env/lib/python3.7/site-packages/tensorflow/python/training/tracking/tracking.py:111: Model.state_updates (from tensorflow.python.keras.engine.training) is deprecated and will be removed in a future version.
Instructions for updating:
This property should not be used in TensorFlow 2.0, as updates are applied automatically.
2021-02-06 23:30:15.034466: W tensorflow/python/util/util.cc:348] Sets are not currently considered sequences, but this may change in the future, so consider avoiding using them.
WARNING:tensorflow:From /home/alejandro/projects/urban-flows/.env/lib/python3.7/site-packages/tensorflow/python/training/tracking/tracking.py:111: Layer.updates (from tensorflow.python.keras.engine.base_layer) is deprecated and will be removed in a future version.
Instructions for updating:
This property should not be used in TensorFlow 2.0, as updates are applied automatically.
