2021-02-02 17:50:18.597985: I tensorflow/stream_executor/platform/default/dso_loader.cc:48] Successfully opened dynamic library libcudart.so.10.1
2021-02-02 17:51:41.921930: I tensorflow/stream_executor/platform/default/dso_loader.cc:48] Successfully opened dynamic library libcuda.so.1
2021-02-02 17:51:42.430487: I tensorflow/stream_executor/cuda/cuda_gpu_executor.cc:982] successful NUMA node read from SysFS had negative value (-1), but there must be at least one NUMA node, so returning NUMA node zero
2021-02-02 17:51:42.435078: I tensorflow/core/common_runtime/gpu/gpu_device.cc:1716] Found device 0 with properties: 
pciBusID: 0000:04:00.0 name: GeForce RTX 2080 Ti computeCapability: 7.5
coreClock: 1.545GHz coreCount: 68 deviceMemorySize: 10.76GiB deviceMemoryBandwidth: 573.69GiB/s
2021-02-02 17:51:42.435180: I tensorflow/stream_executor/platform/default/dso_loader.cc:48] Successfully opened dynamic library libcudart.so.10.1
2021-02-02 17:51:46.637198: I tensorflow/stream_executor/platform/default/dso_loader.cc:48] Successfully opened dynamic library libcublas.so.10
2021-02-02 17:51:49.044867: I tensorflow/stream_executor/platform/default/dso_loader.cc:48] Successfully opened dynamic library libcufft.so.10
2021-02-02 17:51:49.553837: I tensorflow/stream_executor/platform/default/dso_loader.cc:48] Successfully opened dynamic library libcurand.so.10
2021-02-02 17:51:53.895402: I tensorflow/stream_executor/platform/default/dso_loader.cc:48] Successfully opened dynamic library libcusolver.so.10
2021-02-02 17:51:54.413076: I tensorflow/stream_executor/platform/default/dso_loader.cc:48] Successfully opened dynamic library libcusparse.so.10
2021-02-02 17:51:55.643968: I tensorflow/stream_executor/platform/default/dso_loader.cc:48] Successfully opened dynamic library libcudnn.so.7
2021-02-02 17:51:55.644252: I tensorflow/stream_executor/cuda/cuda_gpu_executor.cc:982] successful NUMA node read from SysFS had negative value (-1), but there must be at least one NUMA node, so returning NUMA node zero
2021-02-02 17:51:55.646167: I tensorflow/stream_executor/cuda/cuda_gpu_executor.cc:982] successful NUMA node read from SysFS had negative value (-1), but there must be at least one NUMA node, so returning NUMA node zero
2021-02-02 17:51:55.647810: I tensorflow/core/common_runtime/gpu/gpu_device.cc:1858] Adding visible gpu devices: 0
Using TensorFlow version:  2.3.0 , GPU: 1
Using Keras version:  2.4.0
2021-02-02 17:51:56.204595: I tensorflow/core/platform/profile_utils/cpu_utils.cc:104] CPU Frequency: 2500115000 Hz
2021-02-02 17:51:56.205797: I tensorflow/compiler/xla/service/service.cc:168] XLA service 0x475c7a0 initialized for platform Host (this does not guarantee that XLA will be used). Devices:
2021-02-02 17:51:56.205861: I tensorflow/compiler/xla/service/service.cc:176]   StreamExecutor device (0): Host, Default Version
2021-02-02 17:51:57.280985: I tensorflow/stream_executor/cuda/cuda_gpu_executor.cc:982] successful NUMA node read from SysFS had negative value (-1), but there must be at least one NUMA node, so returning NUMA node zero
2021-02-02 17:51:57.281806: I tensorflow/compiler/xla/service/service.cc:168] XLA service 0x47c8bf0 initialized for platform CUDA (this does not guarantee that XLA will be used). Devices:
2021-02-02 17:51:57.281835: I tensorflow/compiler/xla/service/service.cc:176]   StreamExecutor device (0): GeForce RTX 2080 Ti, Compute Capability 7.5
2021-02-02 17:51:57.282063: I tensorflow/stream_executor/cuda/cuda_gpu_executor.cc:982] successful NUMA node read from SysFS had negative value (-1), but there must be at least one NUMA node, so returning NUMA node zero
2021-02-02 17:51:57.283765: I tensorflow/core/common_runtime/gpu/gpu_device.cc:1716] Found device 0 with properties: 
pciBusID: 0000:04:00.0 name: GeForce RTX 2080 Ti computeCapability: 7.5
coreClock: 1.545GHz coreCount: 68 deviceMemorySize: 10.76GiB deviceMemoryBandwidth: 573.69GiB/s
2021-02-02 17:51:57.283811: I tensorflow/stream_executor/platform/default/dso_loader.cc:48] Successfully opened dynamic library libcudart.so.10.1
2021-02-02 17:51:57.283840: I tensorflow/stream_executor/platform/default/dso_loader.cc:48] Successfully opened dynamic library libcublas.so.10
2021-02-02 17:51:57.283883: I tensorflow/stream_executor/platform/default/dso_loader.cc:48] Successfully opened dynamic library libcufft.so.10
2021-02-02 17:51:57.283907: I tensorflow/stream_executor/platform/default/dso_loader.cc:48] Successfully opened dynamic library libcurand.so.10
2021-02-02 17:51:57.283927: I tensorflow/stream_executor/platform/default/dso_loader.cc:48] Successfully opened dynamic library libcusolver.so.10
2021-02-02 17:51:57.283947: I tensorflow/stream_executor/platform/default/dso_loader.cc:48] Successfully opened dynamic library libcusparse.so.10
2021-02-02 17:51:57.283967: I tensorflow/stream_executor/platform/default/dso_loader.cc:48] Successfully opened dynamic library libcudnn.so.7
2021-02-02 17:51:57.284040: I tensorflow/stream_executor/cuda/cuda_gpu_executor.cc:982] successful NUMA node read from SysFS had negative value (-1), but there must be at least one NUMA node, so returning NUMA node zero
2021-02-02 17:51:57.285085: I tensorflow/stream_executor/cuda/cuda_gpu_executor.cc:982] successful NUMA node read from SysFS had negative value (-1), but there must be at least one NUMA node, so returning NUMA node zero
2021-02-02 17:51:57.286405: I tensorflow/core/common_runtime/gpu/gpu_device.cc:1858] Adding visible gpu devices: 0
2021-02-02 17:51:57.311393: I tensorflow/stream_executor/platform/default/dso_loader.cc:48] Successfully opened dynamic library libcudart.so.10.1
2021-02-02 17:52:10.191809: I tensorflow/core/common_runtime/gpu/gpu_device.cc:1257] Device interconnect StreamExecutor with strength 1 edge matrix:
2021-02-02 17:52:10.191879: I tensorflow/core/common_runtime/gpu/gpu_device.cc:1263]      0 
2021-02-02 17:52:10.191895: I tensorflow/core/common_runtime/gpu/gpu_device.cc:1276] 0:   N 
2021-02-02 17:52:10.248516: I tensorflow/stream_executor/cuda/cuda_gpu_executor.cc:982] successful NUMA node read from SysFS had negative value (-1), but there must be at least one NUMA node, so returning NUMA node zero
2021-02-02 17:52:10.249301: I tensorflow/stream_executor/cuda/cuda_gpu_executor.cc:982] successful NUMA node read from SysFS had negative value (-1), but there must be at least one NUMA node, so returning NUMA node zero
2021-02-02 17:52:10.249963: I tensorflow/core/common_runtime/gpu/gpu_device.cc:1402] Created TensorFlow device (/job:localhost/replica:0/task:0/device:GPU:0 with 4310 MB memory) -> physical GPU (device: 0, name: GeForce RTX 2080 Ti, pci bus id: 0000:04:00.0, compute capability: 7.5)
The inputs are normalized to have a unit Gaussian distribution
Model: "CNN-POD"
__________________________________________________________________________________________________
Layer (type)                    Output Shape         Param #     Connected to                     
==================================================================================================
low-res-input (InputLayer)      [(None, 3, 24, 24)]  0                                            
__________________________________________________________________________________________________
conv2d (Conv2D)                 (None, 64, 24, 24)   15616       low-res-input[0][0]              
__________________________________________________________________________________________________
p_re_lu (PReLU)                 (None, 64, 24, 24)   64          conv2d[0][0]                     
__________________________________________________________________________________________________
conv2d_1 (Conv2D)               (None, 64, 24, 24)   36928       p_re_lu[0][0]                    
__________________________________________________________________________________________________
batch_normalization (BatchNorma (None, 64, 24, 24)   256         conv2d_1[0][0]                   
__________________________________________________________________________________________________
p_re_lu_1 (PReLU)               (None, 64, 24, 24)   64          batch_normalization[0][0]        
__________________________________________________________________________________________________
conv2d_2 (Conv2D)               (None, 64, 24, 24)   36928       p_re_lu_1[0][0]                  
__________________________________________________________________________________________________
batch_normalization_1 (BatchNor (None, 64, 24, 24)   256         conv2d_2[0][0]                   
__________________________________________________________________________________________________
add (Add)                       (None, 64, 24, 24)   0           p_re_lu[0][0]                    
                                                                 batch_normalization_1[0][0]      
__________________________________________________________________________________________________
conv2d_3 (Conv2D)               (None, 64, 24, 24)   36928       add[0][0]                        
__________________________________________________________________________________________________
batch_normalization_2 (BatchNor (None, 64, 24, 24)   256         conv2d_3[0][0]                   
__________________________________________________________________________________________________
p_re_lu_2 (PReLU)               (None, 64, 24, 24)   64          batch_normalization_2[0][0]      
__________________________________________________________________________________________________
conv2d_4 (Conv2D)               (None, 64, 24, 24)   36928       p_re_lu_2[0][0]                  
__________________________________________________________________________________________________
batch_normalization_3 (BatchNor (None, 64, 24, 24)   256         conv2d_4[0][0]                   
__________________________________________________________________________________________________
add_1 (Add)                     (None, 64, 24, 24)   0           add[0][0]                        
                                                                 batch_normalization_3[0][0]      
__________________________________________________________________________________________________
conv2d_5 (Conv2D)               (None, 64, 24, 24)   36928       add_1[0][0]                      
__________________________________________________________________________________________________
batch_normalization_4 (BatchNor (None, 64, 24, 24)   256         conv2d_5[0][0]                   
__________________________________________________________________________________________________
p_re_lu_3 (PReLU)               (None, 64, 24, 24)   64          batch_normalization_4[0][0]      
__________________________________________________________________________________________________
conv2d_6 (Conv2D)               (None, 64, 24, 24)   36928       p_re_lu_3[0][0]                  
__________________________________________________________________________________________________
batch_normalization_5 (BatchNor (None, 64, 24, 24)   256         conv2d_6[0][0]                   
__________________________________________________________________________________________________
add_2 (Add)                     (None, 64, 24, 24)   0           add_1[0][0]                      
                                                                 batch_normalization_5[0][0]      
__________________________________________________________________________________________________
conv2d_7 (Conv2D)               (None, 64, 24, 24)   36928       add_2[0][0]                      
__________________________________________________________________________________________________
batch_normalization_6 (BatchNor (None, 64, 24, 24)   256         conv2d_7[0][0]                   
__________________________________________________________________________________________________
p_re_lu_4 (PReLU)               (None, 64, 24, 24)   64          batch_normalization_6[0][0]      
__________________________________________________________________________________________________
conv2d_8 (Conv2D)               (None, 64, 24, 24)   36928       p_re_lu_4[0][0]                  
__________________________________________________________________________________________________
batch_normalization_7 (BatchNor (None, 64, 24, 24)   256         conv2d_8[0][0]                   
__________________________________________________________________________________________________
add_3 (Add)                     (None, 64, 24, 24)   0           add_2[0][0]                      
                                                                 batch_normalization_7[0][0]      
__________________________________________________________________________________________________
conv2d_9 (Conv2D)               (None, 64, 24, 24)   36928       add_3[0][0]                      
__________________________________________________________________________________________________
batch_normalization_8 (BatchNor (None, 64, 24, 24)   256         conv2d_9[0][0]                   
__________________________________________________________________________________________________
p_re_lu_5 (PReLU)               (None, 64, 24, 24)   64          batch_normalization_8[0][0]      
__________________________________________________________________________________________________
conv2d_10 (Conv2D)              (None, 64, 24, 24)   36928       p_re_lu_5[0][0]                  
__________________________________________________________________________________________________
batch_normalization_9 (BatchNor (None, 64, 24, 24)   256         conv2d_10[0][0]                  
__________________________________________________________________________________________________
add_4 (Add)                     (None, 64, 24, 24)   0           add_3[0][0]                      
                                                                 batch_normalization_9[0][0]      
__________________________________________________________________________________________________
conv2d_11 (Conv2D)              (None, 64, 24, 24)   36928       add_4[0][0]                      
__________________________________________________________________________________________________
batch_normalization_10 (BatchNo (None, 64, 24, 24)   256         conv2d_11[0][0]                  
__________________________________________________________________________________________________
p_re_lu_6 (PReLU)               (None, 64, 24, 24)   64          batch_normalization_10[0][0]     
__________________________________________________________________________________________________
conv2d_12 (Conv2D)              (None, 64, 24, 24)   36928       p_re_lu_6[0][0]                  
__________________________________________________________________________________________________
batch_normalization_11 (BatchNo (None, 64, 24, 24)   256         conv2d_12[0][0]                  
__________________________________________________________________________________________________
add_5 (Add)                     (None, 64, 24, 24)   0           add_4[0][0]                      
                                                                 batch_normalization_11[0][0]     
__________________________________________________________________________________________________
conv2d_13 (Conv2D)              (None, 64, 24, 24)   36928       add_5[0][0]                      
__________________________________________________________________________________________________
batch_normalization_12 (BatchNo (None, 64, 24, 24)   256         conv2d_13[0][0]                  
__________________________________________________________________________________________________
p_re_lu_7 (PReLU)               (None, 64, 24, 24)   64          batch_normalization_12[0][0]     
__________________________________________________________________________________________________
conv2d_14 (Conv2D)              (None, 64, 24, 24)   36928       p_re_lu_7[0][0]                  
__________________________________________________________________________________________________
batch_normalization_13 (BatchNo (None, 64, 24, 24)   256         conv2d_14[0][0]                  
__________________________________________________________________________________________________
add_6 (Add)                     (None, 64, 24, 24)   0           add_5[0][0]                      
                                                                 batch_normalization_13[0][0]     
__________________________________________________________________________________________________
conv2d_15 (Conv2D)              (None, 64, 24, 24)   36928       add_6[0][0]                      
__________________________________________________________________________________________________
batch_normalization_14 (BatchNo (None, 64, 24, 24)   256         conv2d_15[0][0]                  
__________________________________________________________________________________________________
p_re_lu_8 (PReLU)               (None, 64, 24, 24)   64          batch_normalization_14[0][0]     
__________________________________________________________________________________________________
conv2d_16 (Conv2D)              (None, 64, 24, 24)   36928       p_re_lu_8[0][0]                  
__________________________________________________________________________________________________
batch_normalization_15 (BatchNo (None, 64, 24, 24)   256         conv2d_16[0][0]                  
__________________________________________________________________________________________________
add_7 (Add)                     (None, 64, 24, 24)   0           add_6[0][0]                      
                                                                 batch_normalization_15[0][0]     
__________________________________________________________________________________________________
conv2d_17 (Conv2D)              (None, 64, 24, 24)   36928       add_7[0][0]                      
__________________________________________________________________________________________________
batch_normalization_16 (BatchNo (None, 64, 24, 24)   256         conv2d_17[0][0]                  
__________________________________________________________________________________________________
p_re_lu_9 (PReLU)               (None, 64, 24, 24)   64          batch_normalization_16[0][0]     
__________________________________________________________________________________________________
conv2d_18 (Conv2D)              (None, 64, 24, 24)   36928       p_re_lu_9[0][0]                  
__________________________________________________________________________________________________
batch_normalization_17 (BatchNo (None, 64, 24, 24)   256         conv2d_18[0][0]                  
__________________________________________________________________________________________________
add_8 (Add)                     (None, 64, 24, 24)   0           add_7[0][0]                      
                                                                 batch_normalization_17[0][0]     
__________________________________________________________________________________________________
conv2d_19 (Conv2D)              (None, 64, 24, 24)   36928       add_8[0][0]                      
__________________________________________________________________________________________________
batch_normalization_18 (BatchNo (None, 64, 24, 24)   256         conv2d_19[0][0]                  
__________________________________________________________________________________________________
p_re_lu_10 (PReLU)              (None, 64, 24, 24)   64          batch_normalization_18[0][0]     
__________________________________________________________________________________________________
conv2d_20 (Conv2D)              (None, 64, 24, 24)   36928       p_re_lu_10[0][0]                 
__________________________________________________________________________________________________
batch_normalization_19 (BatchNo (None, 64, 24, 24)   256         conv2d_20[0][0]                  
__________________________________________________________________________________________________
add_9 (Add)                     (None, 64, 24, 24)   0           add_8[0][0]                      
                                                                 batch_normalization_19[0][0]     
__________________________________________________________________________________________________
conv2d_21 (Conv2D)              (None, 64, 24, 24)   36928       add_9[0][0]                      
__________________________________________________________________________________________________
batch_normalization_20 (BatchNo (None, 64, 24, 24)   256         conv2d_21[0][0]                  
__________________________________________________________________________________________________
p_re_lu_11 (PReLU)              (None, 64, 24, 24)   64          batch_normalization_20[0][0]     
__________________________________________________________________________________________________
conv2d_22 (Conv2D)              (None, 64, 24, 24)   36928       p_re_lu_11[0][0]                 
__________________________________________________________________________________________________
batch_normalization_21 (BatchNo (None, 64, 24, 24)   256         conv2d_22[0][0]                  
__________________________________________________________________________________________________
add_10 (Add)                    (None, 64, 24, 24)   0           add_9[0][0]                      
                                                                 batch_normalization_21[0][0]     
__________________________________________________________________________________________________
conv2d_23 (Conv2D)              (None, 64, 24, 24)   36928       add_10[0][0]                     
__________________________________________________________________________________________________
batch_normalization_22 (BatchNo (None, 64, 24, 24)   256         conv2d_23[0][0]                  
__________________________________________________________________________________________________
p_re_lu_12 (PReLU)              (None, 64, 24, 24)   64          batch_normalization_22[0][0]     
__________________________________________________________________________________________________
conv2d_24 (Conv2D)              (None, 64, 24, 24)   36928       p_re_lu_12[0][0]                 
__________________________________________________________________________________________________
batch_normalization_23 (BatchNo (None, 64, 24, 24)   256         conv2d_24[0][0]                  
__________________________________________________________________________________________________
add_11 (Add)                    (None, 64, 24, 24)   0           add_10[0][0]                     
                                                                 batch_normalization_23[0][0]     
__________________________________________________________________________________________________
conv2d_25 (Conv2D)              (None, 64, 24, 24)   36928       add_11[0][0]                     
__________________________________________________________________________________________________
batch_normalization_24 (BatchNo (None, 64, 24, 24)   256         conv2d_25[0][0]                  
__________________________________________________________________________________________________
p_re_lu_13 (PReLU)              (None, 64, 24, 24)   64          batch_normalization_24[0][0]     
__________________________________________________________________________________________________
conv2d_26 (Conv2D)              (None, 64, 24, 24)   36928       p_re_lu_13[0][0]                 
__________________________________________________________________________________________________
batch_normalization_25 (BatchNo (None, 64, 24, 24)   256         conv2d_26[0][0]                  
__________________________________________________________________________________________________
add_12 (Add)                    (None, 64, 24, 24)   0           add_11[0][0]                     
                                                                 batch_normalization_25[0][0]     
__________________________________________________________________________________________________
conv2d_27 (Conv2D)              (None, 64, 24, 24)   36928       add_12[0][0]                     
__________________________________________________________________________________________________
batch_normalization_26 (BatchNo (None, 64, 24, 24)   256         conv2d_27[0][0]                  
__________________________________________________________________________________________________
p_re_lu_14 (PReLU)              (None, 64, 24, 24)   64          batch_normalization_26[0][0]     
__________________________________________________________________________________________________
conv2d_28 (Conv2D)              (None, 64, 24, 24)   36928       p_re_lu_14[0][0]                 
__________________________________________________________________________________________________
batch_normalization_27 (BatchNo (None, 64, 24, 24)   256         conv2d_28[0][0]                  
__________________________________________________________________________________________________
add_13 (Add)                    (None, 64, 24, 24)   0           add_12[0][0]                     
                                                                 batch_normalization_27[0][0]     
__________________________________________________________________________________________________
conv2d_29 (Conv2D)              (None, 64, 24, 24)   36928       add_13[0][0]                     
__________________________________________________________________________________________________
batch_normalization_28 (BatchNo (None, 64, 24, 24)   256         conv2d_29[0][0]                  
__________________________________________________________________________________________________
p_re_lu_15 (PReLU)              (None, 64, 24, 24)   64          batch_normalization_28[0][0]     
__________________________________________________________________________________________________
conv2d_30 (Conv2D)              (None, 64, 24, 24)   36928       p_re_lu_15[0][0]                 
__________________________________________________________________________________________________
batch_normalization_29 (BatchNo (None, 64, 24, 24)   256         conv2d_30[0][0]                  
__________________________________________________________________________________________________
add_14 (Add)                    (None, 64, 24, 24)   0           add_13[0][0]                     
                                                                 batch_normalization_29[0][0]     
__________________________________________________________________________________________________
conv2d_31 (Conv2D)              (None, 64, 24, 24)   36928       add_14[0][0]                     
__________________________________________________________________________________________________
batch_normalization_30 (BatchNo (None, 64, 24, 24)   256         conv2d_31[0][0]                  
__________________________________________________________________________________________________
p_re_lu_16 (PReLU)              (None, 64, 24, 24)   64          batch_normalization_30[0][0]     
__________________________________________________________________________________________________
conv2d_32 (Conv2D)              (None, 64, 24, 24)   36928       p_re_lu_16[0][0]                 
__________________________________________________________________________________________________
batch_normalization_31 (BatchNo (None, 64, 24, 24)   256         conv2d_32[0][0]                  
__________________________________________________________________________________________________
add_15 (Add)                    (None, 64, 24, 24)   0           add_14[0][0]                     
                                                                 batch_normalization_31[0][0]     
__________________________________________________________________________________________________
conv2d_33 (Conv2D)              (None, 64, 24, 24)   36928       add_15[0][0]                     
__________________________________________________________________________________________________
batch_normalization_32 (BatchNo (None, 64, 24, 24)   256         conv2d_33[0][0]                  
__________________________________________________________________________________________________
add_16 (Add)                    (None, 64, 24, 24)   0           p_re_lu[0][0]                    
                                                                 batch_normalization_32[0][0]     
__________________________________________________________________________________________________
conv2d_34 (Conv2D)              (None, 256, 24, 24)  147712      add_16[0][0]                     
__________________________________________________________________________________________________
lambda (Lambda)                 (None, 64, 48, 48)   0           conv2d_34[0][0]                  
__________________________________________________________________________________________________
leaky_re_lu (LeakyReLU)         (None, 64, 48, 48)   0           lambda[0][0]                     
__________________________________________________________________________________________________
conv2d_35 (Conv2D)              (None, 256, 48, 48)  147712      leaky_re_lu[0][0]                
__________________________________________________________________________________________________
lambda_1 (Lambda)               (None, 64, 96, 96)   0           conv2d_35[0][0]                  
__________________________________________________________________________________________________
leaky_re_lu_1 (LeakyReLU)       (None, 64, 96, 96)   0           lambda_1[0][0]                   
__________________________________________________________________________________________________
conv2d_36 (Conv2D)              (None, 256, 96, 96)  147712      leaky_re_lu_1[0][0]              
__________________________________________________________________________________________________
lambda_2 (Lambda)               (None, 64, 192, 192) 0           conv2d_36[0][0]                  
__________________________________________________________________________________________________
leaky_re_lu_2 (LeakyReLU)       (None, 64, 192, 192) 0           lambda_2[0][0]                   
__________________________________________________________________________________________________
conv2d_37 (Conv2D)              (None, 3, 192, 192)  15555       leaky_re_lu_2[0][0]              
__________________________________________________________________________________________________
predic_01 (Conv2D)              (None, 128, 192, 192 9728        conv2d_37[0][0]                  
__________________________________________________________________________________________________
predic_02 (BatchNormalization)  (None, 128, 192, 192 512         predic_01[0][0]                  
__________________________________________________________________________________________________
predic_03 (MaxPooling2D)        (None, 128, 96, 96)  0           predic_02[0][0]                  
__________________________________________________________________________________________________
predic_04 (Conv2D)              (None, 256, 96, 96)  295168      predic_03[0][0]                  
__________________________________________________________________________________________________
predic_05 (BatchNormalization)  (None, 256, 96, 96)  1024        predic_04[0][0]                  
__________________________________________________________________________________________________
predic_06 (MaxPooling2D)        (None, 256, 48, 48)  0           predic_05[0][0]                  
__________________________________________________________________________________________________
predic_07 (Conv2D)              (None, 256, 48, 48)  590080      predic_06[0][0]                  
__________________________________________________________________________________________________
predic_08 (BatchNormalization)  (None, 256, 48, 48)  1024        predic_07[0][0]                  
__________________________________________________________________________________________________
predic_09 (MaxPooling2D)        (None, 256, 24, 24)  0           predic_08[0][0]                  
__________________________________________________________________________________________________
predic_10 (Conv2D)              (None, 512, 24, 24)  1180160     predic_09[0][0]                  
__________________________________________________________________________________________________
predic_11 (BatchNormalization)  (None, 512, 24, 24)  2048        predic_10[0][0]                  
__________________________________________________________________________________________________
predic_12 (MaxPooling2D)        (None, 512, 12, 12)  0           predic_11[0][0]                  
__________________________________________________________________________________________________
predic_13 (Conv2D)              (None, 512, 12, 12)  2359808     predic_12[0][0]                  
__________________________________________________________________________________________________
predic_14 (BatchNormalization)  (None, 512, 12, 12)  2048        predic_13[0][0]                  
__________________________________________________________________________________________________
predic_15 (Conv2D)              (None, 64, 12, 12)   294976      predic_14[0][0]                  
==================================================================================================
Total params: 6,439,043
Trainable params: 4,733,248
Non-trainable params: 1,705,795
__________________________________________________________________________________________________
None
2021-02-02 17:52:43.765673: I tensorflow/core/kernels/data/shuffle_dataset_op.cc:172] Filling up shuffle buffer (this may take a while): 1985 of 4200
2021-02-02 17:52:53.700620: I tensorflow/core/kernels/data/shuffle_dataset_op.cc:172] Filling up shuffle buffer (this may take a while): 4070 of 4200
2021-02-02 17:52:54.316021: I tensorflow/core/kernels/data/shuffle_dataset_op.cc:221] Shuffle buffer filled.
2021-02-02 17:53:00.223633: I tensorflow/stream_executor/platform/default/dso_loader.cc:48] Successfully opened dynamic library libcudnn.so.7
2021-02-02 17:53:16.139779: I tensorflow/stream_executor/platform/default/dso_loader.cc:48] Successfully opened dynamic library libcublas.so.10
2021-02-02 17:53:20.104171: I tensorflow/stream_executor/cuda/cuda_driver.cc:775] failed to allocate 2.71G (2910388224 bytes) from device: CUDA_ERROR_OUT_OF_MEMORY: out of memory
2021-02-02 17:58:26.524337: I tensorflow/core/kernels/data/shuffle_dataset_op.cc:172] Filling up shuffle buffer (this may take a while): 1986 of 4200
2021-02-02 17:58:36.526993: I tensorflow/core/kernels/data/shuffle_dataset_op.cc:172] Filling up shuffle buffer (this may take a while): 4065 of 4200
2021-02-02 17:58:37.151645: I tensorflow/core/kernels/data/shuffle_dataset_op.cc:221] Shuffle buffer filled.
Epoch 0001/0030, loss: 6.6661295890808105, val_loss: 2.2056868076324463, elapsed time from start: 423.70724511146545
2021-02-02 17:59:32.382770: I tensorflow/core/kernels/data/shuffle_dataset_op.cc:172] Filling up shuffle buffer (this may take a while): 3473 of 4200
2021-02-02 17:59:33.953520: I tensorflow/core/kernels/data/shuffle_dataset_op.cc:221] Shuffle buffer filled.
2021-02-02 18:04:30.627355: I tensorflow/core/kernels/data/shuffle_dataset_op.cc:172] Filling up shuffle buffer (this may take a while): 1978 of 4200
2021-02-02 18:04:40.639923: I tensorflow/core/kernels/data/shuffle_dataset_op.cc:172] Filling up shuffle buffer (this may take a while): 4033 of 4200
2021-02-02 18:04:41.426509: I tensorflow/core/kernels/data/shuffle_dataset_op.cc:221] Shuffle buffer filled.
Epoch 0002/0030, loss: 0.9610157608985901, val_loss: 0.31109797954559326, elapsed time from start: 788.0822570323944
2021-02-02 18:10:27.261165: I tensorflow/core/kernels/data/shuffle_dataset_op.cc:172] Filling up shuffle buffer (this may take a while): 3379 of 4200
2021-02-02 18:10:29.273791: I tensorflow/core/kernels/data/shuffle_dataset_op.cc:221] Shuffle buffer filled.
Epoch 0003/0030, loss: 0.1446666419506073, val_loss: 0.05777934938669205, elapsed time from start: 1133.124357700348
Epoch 0004/0030, loss: 0.035537224262952805, val_loss: 0.023930296301841736, elapsed time from start: 1462.8207066059113
Epoch 0005/0030, loss: 0.020262030884623528, val_loss: 0.018726272508502007, elapsed time from start: 1787.0110447406769
Epoch 0006/0030, loss: 0.01809987612068653, val_loss: 0.018194623291492462, elapsed time from start: 2119.6580097675323
Epoch 0007/0030, loss: 0.017807332798838615, val_loss: 0.018205977976322174, elapsed time from start: 2448.8288338184357
Epoch 0008/0030, loss: 0.017743486911058426, val_loss: 0.018228206783533096, elapsed time from start: 2776.1444494724274
Epoch 0009/0030, loss: 0.017721213400363922, val_loss: 0.018213974311947823, elapsed time from start: 3105.5899617671967
Epoch 0010/0030, loss: 0.017704693600535393, val_loss: 0.018252454698085785, elapsed time from start: 3433.2324991226196
Epoch 0011/0030, loss: 0.01769685558974743, val_loss: 0.018331287428736687, elapsed time from start: 3759.757094860077
Epoch 0012/0030, loss: 0.01766388863325119, val_loss: 0.01837117411196232, elapsed time from start: 4090.0979669094086
Epoch 0013/0030, loss: 0.017625031992793083, val_loss: 0.018330905586481094, elapsed time from start: 4424.876001119614
Epoch 0014/0030, loss: 0.01759207434952259, val_loss: 0.01831943541765213, elapsed time from start: 4762.84472489357
Epoch 0015/0030, loss: 0.017555968835949898, val_loss: 0.018370971083641052, elapsed time from start: 5129.432062864304
Epoch 0016/0030, loss: 0.01752041094005108, val_loss: 0.018425391986966133, elapsed time from start: 5492.978351354599
Epoch 0017/0030, loss: 0.017483023926615715, val_loss: 0.018442964181303978, elapsed time from start: 5855.248005151749
Epoch 0018/0030, loss: 0.017440812662243843, val_loss: 0.01850319653749466, elapsed time from start: 6218.929576158524
Epoch 0019/0030, loss: 0.017399245873093605, val_loss: 0.018566308543086052, elapsed time from start: 6584.512737751007
Epoch 0020/0030, loss: 0.017358677461743355, val_loss: 0.018605412915349007, elapsed time from start: 6946.374655008316
Epoch 0021/0030, loss: 0.017314594238996506, val_loss: 0.01867966167628765, elapsed time from start: 7309.911751747131
Epoch 0022/0030, loss: 0.01727314479649067, val_loss: 0.018662884831428528, elapsed time from start: 7673.508778333664
Epoch 0023/0030, loss: 0.017227401956915855, val_loss: 0.0187554731965065, elapsed time from start: 8037.090062856674
Epoch 0024/0030, loss: 0.017179105430841446, val_loss: 0.01880786195397377, elapsed time from start: 8381.590744495392
Epoch 0025/0030, loss: 0.017136426642537117, val_loss: 0.01884664036333561, elapsed time from start: 8704.842764616013
Epoch 0026/0030, loss: 0.01708747074007988, val_loss: 0.018896624445915222, elapsed time from start: 9031.875422239304
Epoch 0027/0030, loss: 0.017041169106960297, val_loss: 0.018957076594233513, elapsed time from start: 9357.393137454987
Epoch 0028/0030, loss: 0.016996048390865326, val_loss: 0.01902691274881363, elapsed time from start: 9684.902397871017
Epoch 0029/0030, loss: 0.016950277611613274, val_loss: 0.019008124247193336, elapsed time from start: 10006.852956533432
Epoch 0030/0030, loss: 0.016908887773752213, val_loss: 0.019035156816244125, elapsed time from start: 10331.99642086029
WARNING:tensorflow:From /home/alejandro/projects/urban-flows/.env/lib/python3.7/site-packages/tensorflow/python/training/tracking/tracking.py:111: Model.state_updates (from tensorflow.python.keras.engine.training) is deprecated and will be removed in a future version.
Instructions for updating:
This property should not be used in TensorFlow 2.0, as updates are applied automatically.
2021-02-02 20:45:24.990177: W tensorflow/python/util/util.cc:348] Sets are not currently considered sequences, but this may change in the future, so consider avoiding using them.
WARNING:tensorflow:From /home/alejandro/projects/urban-flows/.env/lib/python3.7/site-packages/tensorflow/python/training/tracking/tracking.py:111: Layer.updates (from tensorflow.python.keras.engine.base_layer) is deprecated and will be removed in a future version.
Instructions for updating:
This property should not be used in TensorFlow 2.0, as updates are applied automatically.
